<?xml version="1.0" encoding="UTF-8"?>
<testsuites name="MSListBoxTestCases" time="181.847" tests="9" failures="1" errors="0">
   <testsuite name="MSListBoxTestCases" tests="9" failures="1" errors="0" time="181.847" timestamp="2019-11-04 10:55:20" hostname="Lynn - HZQA2" id="Test Suites/MSListBoxTestCases">
      <properties>
         <property name="deviceName" value=""/>
         <property name="devicePlatform" value=""/>
         <property name="logFolder" value="D:\\Katalon Studio\\Test Multi-Select Listbox Control\\Reports\\20191104_105514\\MSListBoxTestCases\\20191104_105514"/>
         <property name="logFiles" value="D:\\Katalon Studio\\Test Multi-Select Listbox Control\\Reports\\20191104_105514\\MSListBoxTestCases\\20191104_105514\\execution0.log"/>
         <property name="attachments" value="D:\\Katalon Studio\\Test Multi-Select Listbox Control\\Reports\\20191104_105514\\MSListBoxTestCases\\20191104_105514\\1572836300612.png, D:\\Katalon Studio\\Test Multi-Select Listbox Control\\Reports\\20191104_105514\\MSListBoxTestCases\\20191104_105514\\1572836301256.png"/>
         <property name="hostName" value="Lynn - HZQA2"/>
         <property name="os" value="Windows 10 64bit"/>
         <property name="katalonVersion" value="7.0.5.1"/>
         <property name="browser" value="Chrome 78.0.3904.87"/>
         <property name="hostAddress" value="192.168.8.1"/>
         <property name="sessionId" value="5c7496beade997ab29204e8dff50ee27"/>
         <property name="seleniumVersion" value="3.141.59"/>
         <property name="proxyInformation" value="ProxyInformation{proxyOption=NO_PROXY, proxyServerType=HTTP, password=, proxyServerAddress=, proxyServerPort=0}"/>
         <property name="platform" value="Windows 10"/>
      </properties>
      <testcase name="Test Cases/Label" time="40.619" classname="Test Cases/Label" status="PASSED">
         <system-out><![CDATA[2019-11-04 10:55:21 - [TEST_CASE][PASSED] - Test Cases/Label: Test Cases/Label

2019-11-04 10:55:21 - [TEST_STEP][PASSED] - com.helper.login.LoginHelper.loginIntoApplicationWith(): com.helper.login.LoginHelper.loginIntoApplicationWith is PASSED

2019-11-04 10:55:21 - [MESSAGE][INFO] - Starting 'Chrome' driver

2019-11-04 10:55:21 - [MESSAGE][INFO] - Action delay is set to 0 seconds

2019-11-04 10:55:28 - [MESSAGE][PASSED] - Browser is opened with url: 'http://r2:13491'

2019-11-04 10:55:32 - [MESSAGE][PASSED] - Current window maximized

2019-11-04 10:55:32 - [MESSAGE][PASSED] - Delete all cookies successfully

2019-11-04 10:55:32 - [MESSAGE][PASSED] - Text 'ADW2012R2' is set on object 'Object Repository/AgilePointNX Metadata/Domain'

2019-11-04 10:55:33 - [MESSAGE][PASSED] - Text 'Administrator' is set on object 'Object Repository/AgilePointNX Metadata/UserName'

2019-11-04 10:55:33 - [MESSAGE][PASSED] - Text ****** has been set on object 'Object Repository/AgilePointNX Metadata/Password'

2019-11-04 10:55:34 - [MESSAGE][PASSED] - Object: 'Object Repository/AgilePointNX Metadata/SubmitButton' is clicked on

2019-11-04 10:55:34 - [MESSAGE][PASSED] - Wait for page load successfully

2019-11-04 10:55:34 - [MESSAGE][PASSED] - com.helper.login.LoginHelper.loginIntoApplicationWith is PASSED

2019-11-04 10:55:34 - [TEST_STEP][PASSED] - com.helper.login.LoginHelper.NavigateToProcess(): com.helper.login.LoginHelper.NavigateToProcess is PASSED

2019-11-04 10:55:36 - [MESSAGE][PASSED] - Object: 'Object Repository/AgilePointNX Metadata/ClickOnWorkCenter' is clicked on

2019-11-04 10:55:36 - [MESSAGE][PASSED] - Wait for page load successfully

2019-11-04 10:55:37 - [MESSAGE][PASSED] - Object: 'Object Repository/AgilePointNX Metadata/ClickOnMyApplication' is hovered

2019-11-04 10:55:38 - [MESSAGE][PASSED] - Object 'Object Repository/AgilePointNX Metadata/ClickOnMyApplication' is clickable

2019-11-04 10:55:39 - [MESSAGE][PASSED] - Object: 'Object Repository/AgilePointNX Metadata/ClickOnMyApplication' is clicked on

2019-11-04 10:55:40 - [MESSAGE][PASSED] - Delayed 1 second(s)

2019-11-04 10:55:41 - [MESSAGE][PASSED] - Delayed 1 second(s)

2019-11-04 10:55:42 - [MESSAGE][PASSED] - Text 'MSListBox_Auto' is set on object 'Object Repository/AgilePointNX Metadata/SearchApplication'

2019-11-04 10:55:42 - [MESSAGE][PASSED] - Object: 'Object Repository/AgilePointNX Metadata/SelectProcessFromMyApps' is hovered

2019-11-04 10:55:43 - [MESSAGE][PASSED] - Delayed 1 second(s)

2019-11-04 10:55:44 - [MESSAGE][PASSED] - Object: 'Object Repository/AgilePointNX Metadata/SelectProcessFromMyApps' is clicked on

2019-11-04 10:55:44 - [MESSAGE][PASSED] - Switched to window with index: '1'

2019-11-04 10:55:48 - [MESSAGE][PASSED] - Current window maximized

2019-11-04 10:55:48 - [MESSAGE][PASSED] - Wait for page load successfully

2019-11-04 10:55:50 - [MESSAGE][PASSED] - Delayed 2 second(s)

2019-11-04 10:55:50 - [MESSAGE][PASSED] - com.helper.login.LoginHelper.NavigateToProcess is PASSED

2019-11-04 10:55:50 - [TEST_STEP][PASSED] - delay(3): Delayed 3 second(s)

2019-11-04 10:55:53 - [MESSAGE][PASSED] - Delayed 3 second(s)

2019-11-04 10:55:53 - [TEST_STEP][PASSED] - x = random.Common.getRandom(1, 999999999): random.Common.getRandom is PASSED

2019-11-04 10:55:53 - [MESSAGE][PASSED] - random.Common.getRandom is PASSED

2019-11-04 10:55:53 - [TEST_STEP][PASSED] - delay(1): Delayed 1 second(s)

2019-11-04 10:55:54 - [MESSAGE][PASSED] - Delayed 1 second(s)

2019-11-04 10:55:54 - [TEST_STEP][PASSED] - setText(findTestObject("Label/AccountName"), x): Text '92395781' is set on object 'Object Repository/Label/AccountName'

2019-11-04 10:55:54 - [MESSAGE][PASSED] - Text '92395781' is set on object 'Object Repository/Label/AccountName'

2019-11-04 10:55:54 - [TEST_STEP][PASSED] - verifyElementText(findTestObject("Label/EmptyLabel"), ""): Actual text and expected text of test object 'Object Repository/Label/EmptyLabel' are matched.

2019-11-04 10:55:55 - [MESSAGE][PASSED] - Actual text and expected text of test object 'Object Repository/Label/EmptyLabel' are matched.

2019-11-04 10:55:55 - [TEST_STEP][PASSED] - verifyElementText(findTestObject("Label/SpeicalCharactersLabel"), "@#$%"): Actual text and expected text of test object 'Object Repository/Label/SpeicalCharactersLabel' are matched.

2019-11-04 10:55:55 - [MESSAGE][PASSED] - Actual text and expected text of test object 'Object Repository/Label/SpeicalCharactersLabel' are matched.

2019-11-04 10:55:55 - [TEST_STEP][PASSED] - verifyElementText(findTestObject("Label/SCLabel"), "中文简体标签"): Actual text and expected text of test object 'Object Repository/Label/SCLabel' are matched.

2019-11-04 10:55:56 - [MESSAGE][PASSED] - Actual text and expected text of test object 'Object Repository/Label/SCLabel' are matched.

2019-11-04 10:55:56 - [TEST_STEP][PASSED] - verifyElementText(findTestObject("Label/TCLabel"), "繁體中文憂鬱的烏龜"): Actual text and expected text of test object 'Object Repository/Label/TCLabel' are matched.

2019-11-04 10:55:56 - [MESSAGE][PASSED] - Actual text and expected text of test object 'Object Repository/Label/TCLabel' are matched.

2019-11-04 10:55:56 - [TEST_STEP][PASSED] - verifyElementText(findTestObject("Label/JPLabel"), "日本語ラベル"): Actual text and expected text of test object 'Object Repository/Label/JPLabel' are matched.

2019-11-04 10:55:56 - [MESSAGE][PASSED] - Actual text and expected text of test object 'Object Repository/Label/JPLabel' are matched.

2019-11-04 10:55:56 - [TEST_STEP][PASSED] - verifyElementText(findTestObject("Label/HBLabel"), "אחר צהריים טובים"): Actual text and expected text of test object 'Object Repository/Label/HBLabel' are matched.

2019-11-04 10:55:57 - [MESSAGE][PASSED] - Actual text and expected text of test object 'Object Repository/Label/HBLabel' are matched.

2019-11-04 10:55:57 - [TEST_STEP][PASSED] - verifyElementText(findTestObject("Label/NumberSpaceLabel"), "a  23 456"): Actual text and expected text of test object 'Object Repository/Label/NumberSpaceLabel' are matched.

2019-11-04 10:55:57 - [MESSAGE][PASSED] - Actual text and expected text of test object 'Object Repository/Label/NumberSpaceLabel' are matched.

2019-11-04 10:55:57 - [TEST_STEP][PASSED] - verifyElementText(findTestObject("Label/GlobalDataLabel"), sss): Actual text and expected text of test object 'Object Repository/Label/GlobalDataLabel' are matched.

2019-11-04 10:55:58 - [MESSAGE][PASSED] - Actual text and expected text of test object 'Object Repository/Label/GlobalDataLabel' are matched.

2019-11-04 10:55:58 - [TEST_STEP][PASSED] - verifyElementText(findTestObject("Label/GlobalTranslationKey_Label"), "Test 1"): Actual text and expected text of test object 'Object Repository/Label/GlobalTranslationKey_Label' are matched.

2019-11-04 10:55:58 - [MESSAGE][PASSED] - Actual text and expected text of test object 'Object Repository/Label/GlobalTranslationKey_Label' are matched.

2019-11-04 10:55:58 - [TEST_STEP][PASSED] - verifyElementText(findTestObject("Label/LongLabel"), "Text Box 3Text Box 3Text Box 3Text Box 3Text Box 3Text Box 3Text Box 3Text Box 3"): Actual text and expected text of test object 'Object Repository/Label/LongLabel' are matched.

2019-11-04 10:55:59 - [MESSAGE][PASSED] - Actual text and expected text of test object 'Object Repository/Label/LongLabel' are matched.

2019-11-04 10:55:59 - [TEST_STEP][PASSED] - delay(1): Delayed 1 second(s)

2019-11-04 10:56:00 - [MESSAGE][PASSED] - Delayed 1 second(s)

2019-11-04 10:56:00 - [TEST_STEP][PASSED] - click(findTestObject("AgilePointNX Metadata/NextButton")): Object: 'Object Repository/AgilePointNX Metadata/NextButton' is clicked on

2019-11-04 10:56:00 - [MESSAGE][PASSED] - Object: 'Object Repository/AgilePointNX Metadata/NextButton' is clicked on

2019-11-04 10:56:00 - [TEST_STEP][PASSED] - delay(1): Delayed 1 second(s)

2019-11-04 10:56:01 - [MESSAGE][PASSED] - Delayed 1 second(s)]]></system-out>
         <system-err><![CDATA[]]></system-err>
      </testcase>
      <testcase name="Test Cases/InternalName" time="4.023" classname="Test Cases/InternalName" status="PASSED">
         <system-out><![CDATA[2019-11-04 10:56:01 - [TEST_CASE][PASSED] - Test Cases/InternalName: Test Cases/InternalName

2019-11-04 10:56:01 - [TEST_STEP][PASSED] - verifyElementPresent(findTestObject("InternalName/_AsInternalName"), 1): Object 'Object Repository/InternalName/_AsInternalName' is present

2019-11-04 10:56:02 - [MESSAGE][PASSED] - Object 'Object Repository/InternalName/_AsInternalName' is present

2019-11-04 10:56:02 - [TEST_STEP][PASSED] - verifyElementPresent(findTestObject("InternalName/NumberInternalName"), 1): Object 'Object Repository/InternalName/NumberInternalName' is present

2019-11-04 10:56:02 - [MESSAGE][PASSED] - Object 'Object Repository/InternalName/NumberInternalName' is present

2019-11-04 10:56:02 - [TEST_STEP][PASSED] - verifyElementPresent(findTestObject("InternalName/LongInternalName"), 1): Object 'Object Repository/InternalName/LongInternalName' is present

2019-11-04 10:56:03 - [MESSAGE][PASSED] - Object 'Object Repository/InternalName/LongInternalName' is present

2019-11-04 10:56:03 - [TEST_STEP][PASSED] - delay(1): Delayed 1 second(s)

2019-11-04 10:56:04 - [MESSAGE][PASSED] - Delayed 1 second(s)

2019-11-04 10:56:04 - [TEST_STEP][PASSED] - click(findTestObject("AgilePointNX Metadata/NextButton")): Object: 'Object Repository/AgilePointNX Metadata/NextButton' is clicked on

2019-11-04 10:56:04 - [MESSAGE][PASSED] - Object: 'Object Repository/AgilePointNX Metadata/NextButton' is clicked on

2019-11-04 10:56:04 - [TEST_STEP][PASSED] - delay(1): Delayed 1 second(s)

2019-11-04 10:56:05 - [MESSAGE][PASSED] - Delayed 1 second(s)]]></system-out>
         <system-err><![CDATA[]]></system-err>
      </testcase>
      <testcase name="Test Cases/HelpText" time="14.309" classname="Test Cases/HelpText" status="PASSED">
         <system-out><![CDATA[2019-11-04 10:56:05 - [TEST_CASE][PASSED] - Test Cases/HelpText: Test Cases/HelpText

2019-11-04 10:56:05 - [TEST_STEP][PASSED] - verifyElementAttributeValue(findTestObject("HelpText/HoverOnLabel_Empty"), "title", "", 1): Object 'Object Repository/HelpText/HoverOnLabel_Empty' has attribute 'title' with value ''

2019-11-04 10:56:06 - [MESSAGE][PASSED] - Object 'Object Repository/HelpText/HoverOnLabel_Empty' has attribute 'title' with value ''

2019-11-04 10:56:06 - [TEST_STEP][PASSED] - verifyElementAttributeValue(findTestObject("HelpText/SpecialHelpText"), "title", "`~!@#$%^&*()_+{}|:"<>? -= []\;',./", 1): Object 'Object Repository/HelpText/SpecialHelpText' has attribute 'title' with value '`~!@#$%^&*()_+{}|:"<>? -= []\;',./'

2019-11-04 10:56:07 - [MESSAGE][PASSED] - Object 'Object Repository/HelpText/SpecialHelpText' has attribute 'title' with value '`~!@#$%^&*()_+{}|:"<>? -= []\;',./'

2019-11-04 10:56:07 - [TEST_STEP][PASSED] - delay(1): Delayed 1 second(s)

2019-11-04 10:56:08 - [MESSAGE][PASSED] - Delayed 1 second(s)

2019-11-04 10:56:08 - [TEST_STEP][PASSED] - verifyElementAttributeValue(findTestObject("HelpText/HoverOnLabel_SC"), "title", "阿拉伯忧郁的乌龟", 1): Object 'Object Repository/HelpText/HoverOnLabel_SC' has attribute 'title' with value '阿拉伯忧郁的乌龟'

2019-11-04 10:56:08 - [MESSAGE][PASSED] - Object 'Object Repository/HelpText/HoverOnLabel_SC' has attribute 'title' with value '阿拉伯忧郁的乌龟'

2019-11-04 10:56:08 - [TEST_STEP][PASSED] - verifyElementAttributeValue(findTestObject("HelpText/HoverOnLabel_TC"), "title", "阿拉伯憂鬱的烏龜", 1): Object 'Object Repository/HelpText/HoverOnLabel_TC' has attribute 'title' with value '阿拉伯憂鬱的烏龜'

2019-11-04 10:56:09 - [MESSAGE][PASSED] - Object 'Object Repository/HelpText/HoverOnLabel_TC' has attribute 'title' with value '阿拉伯憂鬱的烏龜'

2019-11-04 10:56:09 - [TEST_STEP][PASSED] - verifyElementAttributeValue(findTestObject("HelpText/HoverOnField_TC"), "title", "阿拉伯憂鬱的烏龜", 1): Object 'Object Repository/HelpText/HoverOnField_TC' has attribute 'title' with value '阿拉伯憂鬱的烏龜'

2019-11-04 10:56:09 - [MESSAGE][PASSED] - Object 'Object Repository/HelpText/HoverOnField_TC' has attribute 'title' with value '阿拉伯憂鬱的烏龜'

2019-11-04 10:56:09 - [TEST_STEP][PASSED] - delay(1): Delayed 1 second(s)

2019-11-04 10:56:10 - [MESSAGE][PASSED] - Delayed 1 second(s)

2019-11-04 10:56:10 - [TEST_STEP][PASSED] - verifyElementAttributeValue(findTestObject("HelpText/HT_JP"), "title", "アラブの憂鬱なカメ", 1): Object 'Object Repository/HelpText/HT_JP' has attribute 'title' with value 'アラブの憂鬱なカメ'

2019-11-04 10:56:11 - [MESSAGE][PASSED] - Object 'Object Repository/HelpText/HT_JP' has attribute 'title' with value 'アラブの憂鬱なカメ'

2019-11-04 10:56:11 - [TEST_STEP][PASSED] - delay(1): Delayed 1 second(s)

2019-11-04 10:56:12 - [MESSAGE][PASSED] - Delayed 1 second(s)

2019-11-04 10:56:12 - [TEST_STEP][PASSED] - verifyElementAttributeValue(findTestObject("HelpText/HT_HB"), "title", "אחר צהריים טובים", 1): Object 'Object Repository/HelpText/HT_HB' has attribute 'title' with value 'אחר צהריים טובים'

2019-11-04 10:56:12 - [MESSAGE][PASSED] - Object 'Object Repository/HelpText/HT_HB' has attribute 'title' with value 'אחר צהריים טובים'

2019-11-04 10:56:12 - [TEST_STEP][PASSED] - delay(1): Delayed 1 second(s)

2019-11-04 10:56:13 - [MESSAGE][PASSED] - Delayed 1 second(s)

2019-11-04 10:56:13 - [TEST_STEP][PASSED] - verifyElementAttributeValue(findTestObject("HelpText/HT_NumberAndSpace"), "title", "234  567 8", 1): Object 'Object Repository/HelpText/HT_NumberAndSpace' has attribute 'title' with value '234  567 8'

2019-11-04 10:56:14 - [MESSAGE][PASSED] - Object 'Object Repository/HelpText/HT_NumberAndSpace' has attribute 'title' with value '234  567 8'

2019-11-04 10:56:14 - [TEST_STEP][PASSED] - delay(1): Delayed 1 second(s)

2019-11-04 10:56:15 - [MESSAGE][PASSED] - Delayed 1 second(s)

2019-11-04 10:56:15 - [TEST_STEP][PASSED] - verifyElementAttributeValue(findTestObject("HelpText/HT_GlobalData"), "title", sss, 1): Object 'Object Repository/HelpText/HT_GlobalData' has attribute 'title' with value 'rr'

2019-11-04 10:56:15 - [MESSAGE][PASSED] - Object 'Object Repository/HelpText/HT_GlobalData' has attribute 'title' with value 'rr'

2019-11-04 10:56:15 - [TEST_STEP][PASSED] - delay(1): Delayed 1 second(s)

2019-11-04 10:56:16 - [MESSAGE][PASSED] - Delayed 1 second(s)

2019-11-04 10:56:16 - [TEST_STEP][PASSED] - verifyElementAttributeValue(findTestObject("HelpText/HoverOnLabel_GlobalTranslationKey_Label"), "title", "Test 1", 1): Object 'Object Repository/HelpText/HoverOnLabel_GlobalTranslationKey_Label' has attribute 'title' with value 'Test 1'

2019-11-04 10:56:16 - [MESSAGE][PASSED] - Object 'Object Repository/HelpText/HoverOnLabel_GlobalTranslationKey_Label' has attribute 'title' with value 'Test 1'

2019-11-04 10:56:16 - [TEST_STEP][PASSED] - delay(1): Delayed 1 second(s)

2019-11-04 10:56:17 - [MESSAGE][PASSED] - Delayed 1 second(s)

2019-11-04 10:56:17 - [TEST_STEP][PASSED] - verifyElementAttributeValue(findTestObject("HelpText/Long_HelpText"), "title", "This is a long help text!This is a long help text!This is a long help text!This is a long help text!This is a long help text!This is a long help text!This is a long help text!This is a long help text!This is a long help text!This is a long help text!This is a long help text!This is a long help text!This is a long help text!This is a long help text!This is a long help text!This is a long help text!This is a long help text!This is a long help text!This is a long help text!This is a long help text!This is a long help text!This is a long help text!This is a long help text!This is a long help text!This is a long help text!This is a long help text!This is a long help text!This is a long help text!This is a long help text!This is a long help text!This is a long help text!This is a long help text!This is a long help text!This is a long help text!This is a long help text!This is a long help text!This is a long help text!This is a long help text!This is a long help text!This is a long help text!", 1): Object 'Object Repository/HelpText/Long_HelpText' has attribute 'title' with value 'This is a long help text!This is a long help text!This is a long help text!This is a long help text!This is a long help text!This is a long help text!This is a long help text!This is a long help text!This is a long help text!This is a long help text!This is a long help text!This is a long help text!This is a long help text!This is a long help text!This is a long help text!This is a long help text!This is a long help text!This is a long help text!This is a long help text!This is a long help text!This is a long help text!This is a long help text!This is a long help text!This is a long help text!This is a long help text!This is a long help text!This is a long help text!This is a long help text!This is a long help text!This is a long help text!This is a long help text!This is a long help text!This is a long help text!This is a long help text!This is a long help text!This is a long help text!This is a long help text!This is a long help text!This is a long help text!This is a long help text!'

2019-11-04 10:56:18 - [MESSAGE][PASSED] - Object 'Object Repository/HelpText/Long_HelpText' has attribute 'title' with value 'This is a long help text!This is a long help text!This is a long help text!This is a long help text!This is a long help text!This is a long help text!This is a long help text!This is a long help text!This is a long help text!This is a long help text!This is a long help text!This is a long help text!This is a long help text!This is a long help text!This is a long help text!This is a long help text!This is a long help text!This is a long help text!This is a long help text!This is a long help text!This is a long help text!This is a long help text!This is a long help text!This is a long help text!This is a long help text!This is a long help text!This is a long help text!This is a long help text!This is a long help text!This is a long help text!This is a long help text!This is a long help text!This is a long help text!This is a long help text!This is a long help text!This is a long help text!This is a long help text!This is a long help text!This is a long help text!This is a long help text!'

2019-11-04 10:56:18 - [TEST_STEP][PASSED] - click(findTestObject("AgilePointNX Metadata/NextButton")): Object: 'Object Repository/AgilePointNX Metadata/NextButton' is clicked on

2019-11-04 10:56:19 - [MESSAGE][PASSED] - Object: 'Object Repository/AgilePointNX Metadata/NextButton' is clicked on

2019-11-04 10:56:19 - [TEST_STEP][PASSED] - delay(1): Delayed 1 second(s)

2019-11-04 10:56:20 - [MESSAGE][PASSED] - Delayed 1 second(s)]]></system-out>
         <system-err><![CDATA[]]></system-err>
      </testcase>
      <testcase name="Test Cases/Mandatory" time="19.099" classname="Test Cases/Mandatory" status="PASSED">
         <system-out><![CDATA[2019-11-04 10:56:20 - [TEST_CASE][PASSED] - Test Cases/Mandatory: Test Cases/Mandatory

2019-11-04 10:56:20 - [TEST_STEP][PASSED] - click(findTestObject("AgilePointNX Metadata/SubmitForm")): Object: 'Object Repository/AgilePointNX Metadata/SubmitForm' is clicked on

2019-11-04 10:56:21 - [MESSAGE][PASSED] - Object: 'Object Repository/AgilePointNX Metadata/SubmitForm' is clicked on

2019-11-04 10:56:21 - [TEST_STEP][PASSED] - delay(1): Delayed 1 second(s)

2019-11-04 10:56:22 - [MESSAGE][PASSED] - Delayed 1 second(s)

2019-11-04 10:56:22 - [TEST_STEP][PASSED] - click(findTestObject("AgilePointNX Metadata/CloseError")): Object: 'Object Repository/AgilePointNX Metadata/CloseError' is clicked on

2019-11-04 10:56:22 - [MESSAGE][PASSED] - Object: 'Object Repository/AgilePointNX Metadata/CloseError' is clicked on

2019-11-04 10:56:22 - [TEST_STEP][PASSED] - verifyElementText(findTestObject("4.Mandatory/NotMandatory"), ""): Actual text and expected text of test object 'Object Repository/4.Mandatory/NotMandatory' are matched.

2019-11-04 10:56:23 - [MESSAGE][PASSED] - Actual text and expected text of test object 'Object Repository/4.Mandatory/NotMandatory' are matched.

2019-11-04 10:56:23 - [TEST_STEP][PASSED] - delay(1): Delayed 1 second(s)

2019-11-04 10:56:24 - [MESSAGE][PASSED] - Delayed 1 second(s)

2019-11-04 10:56:24 - [TEST_STEP][PASSED] - verifyElementText(findTestObject("4.Mandatory/Mandatory_Default_Message"), "Choose Options from the M_Default"): Actual text and expected text of test object 'Object Repository/4.Mandatory/Mandatory_Default_Message' are matched.

2019-11-04 10:56:24 - [MESSAGE][PASSED] - Actual text and expected text of test object 'Object Repository/4.Mandatory/Mandatory_Default_Message' are matched.

2019-11-04 10:56:24 - [TEST_STEP][PASSED] - delay(1): Delayed 1 second(s)

2019-11-04 10:56:25 - [MESSAGE][PASSED] - Delayed 1 second(s)

2019-11-04 10:56:25 - [TEST_STEP][PASSED] - click(findTestObject("4.Mandatory/M_Default_Click")): Object: 'Object Repository/4.Mandatory/M_Default_Click' is clicked on

2019-11-04 10:56:26 - [MESSAGE][PASSED] - Object: 'Object Repository/4.Mandatory/M_Default_Click' is clicked on

2019-11-04 10:56:26 - [TEST_STEP][PASSED] - click(findTestObject("4.Mandatory/Mandatory_Default")): Object: 'Object Repository/4.Mandatory/Mandatory_Default' is clicked on

2019-11-04 10:56:27 - [MESSAGE][PASSED] - Object: 'Object Repository/4.Mandatory/Mandatory_Default' is clicked on

2019-11-04 10:56:27 - [TEST_STEP][PASSED] - verifyElementText(findTestObject("4.Mandatory/Mandatory_SC_Message"), "请在 M_SC选择一个选项"): Actual text and expected text of test object 'Object Repository/4.Mandatory/Mandatory_SC_Message' are matched.

2019-11-04 10:56:27 - [MESSAGE][PASSED] - Actual text and expected text of test object 'Object Repository/4.Mandatory/Mandatory_SC_Message' are matched.

2019-11-04 10:56:27 - [TEST_STEP][PASSED] - click(findTestObject("4.Mandatory/M_SC_Click")): Object: 'Object Repository/4.Mandatory/M_SC_Click' is clicked on

2019-11-04 10:56:28 - [MESSAGE][PASSED] - Object: 'Object Repository/4.Mandatory/M_SC_Click' is clicked on

2019-11-04 10:56:28 - [TEST_STEP][PASSED] - click(findTestObject("4.Mandatory/Mandatory_SC")): Object: 'Object Repository/4.Mandatory/Mandatory_SC' is clicked on

2019-11-04 10:56:29 - [MESSAGE][PASSED] - Object: 'Object Repository/4.Mandatory/Mandatory_SC' is clicked on

2019-11-04 10:56:29 - [TEST_STEP][PASSED] - verifyElementText(findTestObject("4.Mandatory/Mandatory_JP_Message"), "オプションを選択してください"): Actual text and expected text of test object 'Object Repository/4.Mandatory/Mandatory_JP_Message' are matched.

2019-11-04 10:56:29 - [MESSAGE][PASSED] - Actual text and expected text of test object 'Object Repository/4.Mandatory/Mandatory_JP_Message' are matched.

2019-11-04 10:56:29 - [TEST_STEP][PASSED] - click(findTestObject("4.Mandatory/M_JP_Click")): Object: 'Object Repository/4.Mandatory/M_JP_Click' is clicked on

2019-11-04 10:56:30 - [MESSAGE][PASSED] - Object: 'Object Repository/4.Mandatory/M_JP_Click' is clicked on

2019-11-04 10:56:30 - [TEST_STEP][PASSED] - click(findTestObject("4.Mandatory/Mandatory_JP")): Object: 'Object Repository/4.Mandatory/Mandatory_JP' is clicked on

2019-11-04 10:56:31 - [MESSAGE][PASSED] - Object: 'Object Repository/4.Mandatory/Mandatory_JP' is clicked on

2019-11-04 10:56:31 - [TEST_STEP][PASSED] - verifyElementText(findTestObject("4.Mandatory/Mandatory_GlobalData_Message"), sss): Actual text and expected text of test object 'Object Repository/4.Mandatory/Mandatory_GlobalData_Message' are matched.

2019-11-04 10:56:31 - [MESSAGE][PASSED] - Actual text and expected text of test object 'Object Repository/4.Mandatory/Mandatory_GlobalData_Message' are matched.

2019-11-04 10:56:31 - [TEST_STEP][PASSED] - click(findTestObject("4.Mandatory/M_Global_Click")): Object: 'Object Repository/4.Mandatory/M_Global_Click' is clicked on

2019-11-04 10:56:32 - [MESSAGE][PASSED] - Object: 'Object Repository/4.Mandatory/M_Global_Click' is clicked on

2019-11-04 10:56:32 - [TEST_STEP][PASSED] - click(findTestObject("4.Mandatory/Mandatory_GlobalData")): Object: 'Object Repository/4.Mandatory/Mandatory_GlobalData' is clicked on

2019-11-04 10:56:33 - [MESSAGE][PASSED] - Object: 'Object Repository/4.Mandatory/Mandatory_GlobalData' is clicked on

2019-11-04 10:56:33 - [TEST_STEP][PASSED] - delay(1): Delayed 1 second(s)

2019-11-04 10:56:34 - [MESSAGE][PASSED] - Delayed 1 second(s)

2019-11-04 10:56:34 - [TEST_STEP][PASSED] - setText(findTestObject("4.Mandatory/AcceptCustomValue"), "efg"): Text 'efg' is set on object 'Object Repository/4.Mandatory/AcceptCustomValue'

2019-11-04 10:56:34 - [MESSAGE][PASSED] - Text 'efg' is set on object 'Object Repository/4.Mandatory/AcceptCustomValue'

2019-11-04 10:56:34 - [TEST_STEP][PASSED] - click(findTestObject("4.Mandatory/Accept_Label")): Object: 'Object Repository/4.Mandatory/Accept_Label' is clicked on

2019-11-04 10:56:35 - [MESSAGE][PASSED] - Object: 'Object Repository/4.Mandatory/Accept_Label' is clicked on

2019-11-04 10:56:35 - [TEST_STEP][PASSED] - verifyElementPresent(findTestObject("4.Mandatory/VerifyCustom"), 1): Object 'Object Repository/4.Mandatory/VerifyCustom' is present

2019-11-04 10:56:36 - [MESSAGE][PASSED] - Object 'Object Repository/4.Mandatory/VerifyCustom' is present

2019-11-04 10:56:36 - [TEST_STEP][PASSED] - delay(1): Delayed 1 second(s)

2019-11-04 10:56:37 - [MESSAGE][PASSED] - Delayed 1 second(s)

2019-11-04 10:56:37 - [TEST_STEP][PASSED] - click(findTestObject("AgilePointNX Metadata/NextButton")): Object: 'Object Repository/AgilePointNX Metadata/NextButton' is clicked on

2019-11-04 10:56:38 - [MESSAGE][PASSED] - Object: 'Object Repository/AgilePointNX Metadata/NextButton' is clicked on

2019-11-04 10:56:38 - [TEST_STEP][PASSED] - delay(1): Delayed 1 second(s)

2019-11-04 10:56:39 - [MESSAGE][PASSED] - Delayed 1 second(s)]]></system-out>
         <system-err><![CDATA[]]></system-err>
      </testcase>
      <testcase name="Test Cases/ListType" time="32.74" classname="Test Cases/ListType" status="PASSED">
         <system-out><![CDATA[2019-11-04 10:56:39 - [TEST_CASE][PASSED] - Test Cases/ListType: Test Cases/ListType

2019-11-04 10:56:39 - [TEST_STEP][PASSED] - click(findTestObject("5.InlineList/Inlist1_Click")): Object: 'Object Repository/5.InlineList/Inlist1_Click' is clicked on

2019-11-04 10:56:40 - [MESSAGE][PASSED] - Object: 'Object Repository/5.InlineList/Inlist1_Click' is clicked on

2019-11-04 10:56:40 - [TEST_STEP][PASSED] - click(findTestObject("5.InlineList/InList1_O1")): Object: 'Object Repository/5.InlineList/InList1_O1' is clicked on

2019-11-04 10:56:40 - [MESSAGE][PASSED] - Object: 'Object Repository/5.InlineList/InList1_O1' is clicked on

2019-11-04 10:56:40 - [TEST_STEP][PASSED] - click(findTestObject("5.InlineList/Inlist1_Click")): Object: 'Object Repository/5.InlineList/Inlist1_Click' is clicked on

2019-11-04 10:56:41 - [MESSAGE][PASSED] - Object: 'Object Repository/5.InlineList/Inlist1_Click' is clicked on

2019-11-04 10:56:41 - [TEST_STEP][PASSED] - click(findTestObject("5.InlineList/InlineList1")): Object: 'Object Repository/5.InlineList/InlineList1' is clicked on

2019-11-04 10:56:42 - [MESSAGE][PASSED] - Object: 'Object Repository/5.InlineList/InlineList1' is clicked on

2019-11-04 10:56:42 - [TEST_STEP][PASSED] - click(findTestObject("5.InlineList/Inlist1_Click")): Object: 'Object Repository/5.InlineList/Inlist1_Click' is clicked on

2019-11-04 10:56:42 - [MESSAGE][PASSED] - Object: 'Object Repository/5.InlineList/Inlist1_Click' is clicked on

2019-11-04 10:56:42 - [TEST_STEP][PASSED] - click(findTestObject("5.InlineList/InList1_O3")): Object: 'Object Repository/5.InlineList/InList1_O3' is clicked on

2019-11-04 10:56:43 - [MESSAGE][PASSED] - Object: 'Object Repository/5.InlineList/InList1_O3' is clicked on

2019-11-04 10:56:43 - [TEST_STEP][PASSED] - click(findTestObject("5.InlineList/InList2_Click")): Object: 'Object Repository/5.InlineList/InList2_Click' is clicked on

2019-11-04 10:56:44 - [MESSAGE][PASSED] - Object: 'Object Repository/5.InlineList/InList2_Click' is clicked on

2019-11-04 10:56:44 - [TEST_STEP][PASSED] - click(findTestObject("5.InlineList/InlineList2")): Object: 'Object Repository/5.InlineList/InlineList2' is clicked on

2019-11-04 10:56:45 - [MESSAGE][PASSED] - Object: 'Object Repository/5.InlineList/InlineList2' is clicked on

2019-11-04 10:56:45 - [TEST_STEP][PASSED] - click(findTestObject("5.InlineList/InList3_Click")): Object: 'Object Repository/5.InlineList/InList3_Click' is clicked on

2019-11-04 10:56:45 - [MESSAGE][PASSED] - Object: 'Object Repository/5.InlineList/InList3_Click' is clicked on

2019-11-04 10:56:45 - [TEST_STEP][PASSED] - click(findTestObject("5.InlineList/InlineList3")): Object: 'Object Repository/5.InlineList/InlineList3' is clicked on

2019-11-04 10:56:46 - [MESSAGE][PASSED] - Object: 'Object Repository/5.InlineList/InlineList3' is clicked on

2019-11-04 10:56:46 - [TEST_STEP][PASSED] - click(findTestObject("5.InlineList/InList4_Click")): Object: 'Object Repository/5.InlineList/InList4_Click' is clicked on

2019-11-04 10:56:47 - [MESSAGE][PASSED] - Object: 'Object Repository/5.InlineList/InList4_Click' is clicked on

2019-11-04 10:56:47 - [TEST_STEP][PASSED] - click(findTestObject("5.InlineList/InlineList4")): Object: 'Object Repository/5.InlineList/InlineList4' is clicked on

2019-11-04 10:56:48 - [MESSAGE][PASSED] - Object: 'Object Repository/5.InlineList/InlineList4' is clicked on

2019-11-04 10:56:48 - [TEST_STEP][PASSED] - click(findTestObject("5.InlineList/InList5_Click")): Object: 'Object Repository/5.InlineList/InList5_Click' is clicked on

2019-11-04 10:56:49 - [MESSAGE][PASSED] - Object: 'Object Repository/5.InlineList/InList5_Click' is clicked on

2019-11-04 10:56:49 - [TEST_STEP][PASSED] - click(findTestObject("5.InlineList/InlineList5")): Object: 'Object Repository/5.InlineList/InlineList5' is clicked on

2019-11-04 10:56:49 - [MESSAGE][PASSED] - Object: 'Object Repository/5.InlineList/InlineList5' is clicked on

2019-11-04 10:56:49 - [TEST_STEP][PASSED] - verifyElementPresent(findTestObject("5.InlineList/InlineList6_VerifyDefault"), 1, STOP_ON_FAILURE): Object 'Object Repository/5.InlineList/InlineList6_VerifyDefault' is present

2019-11-04 10:56:50 - [MESSAGE][PASSED] - Object 'Object Repository/5.InlineList/InlineList6_VerifyDefault' is present

2019-11-04 10:56:50 - [TEST_STEP][PASSED] - delay(1): Delayed 1 second(s)

2019-11-04 10:56:51 - [MESSAGE][PASSED] - Delayed 1 second(s)

2019-11-04 10:56:51 - [TEST_STEP][PASSED] - click(findTestObject("6.PredefinedList/PL_Countries_Click")): Object: 'Object Repository/6.PredefinedList/PL_Countries_Click' is clicked on

2019-11-04 10:56:52 - [MESSAGE][PASSED] - Object: 'Object Repository/6.PredefinedList/PL_Countries_Click' is clicked on

2019-11-04 10:56:52 - [TEST_STEP][PASSED] - click(findTestObject("6.PredefinedList/PreList_Countries")): Object: 'Object Repository/6.PredefinedList/PreList_Countries' is clicked on

2019-11-04 10:56:52 - [MESSAGE][PASSED] - Object: 'Object Repository/6.PredefinedList/PreList_Countries' is clicked on

2019-11-04 10:56:52 - [TEST_STEP][PASSED] - click(findTestObject("6.PredefinedList/PL_Locale_Click")): Object: 'Object Repository/6.PredefinedList/PL_Locale_Click' is clicked on

2019-11-04 10:56:53 - [MESSAGE][PASSED] - Object: 'Object Repository/6.PredefinedList/PL_Locale_Click' is clicked on

2019-11-04 10:56:53 - [TEST_STEP][PASSED] - click(findTestObject("6.PredefinedList/PreList_Locale")): Object: 'Object Repository/6.PredefinedList/PreList_Locale' is clicked on

2019-11-04 10:56:54 - [MESSAGE][PASSED] - Object: 'Object Repository/6.PredefinedList/PreList_Locale' is clicked on

2019-11-04 10:56:54 - [TEST_STEP][PASSED] - click(findTestObject("6.PredefinedList/PL_Custom_Click")): Object: 'Object Repository/6.PredefinedList/PL_Custom_Click' is clicked on

2019-11-04 10:56:55 - [MESSAGE][PASSED] - Object: 'Object Repository/6.PredefinedList/PL_Custom_Click' is clicked on

2019-11-04 10:56:55 - [TEST_STEP][PASSED] - click(findTestObject("6.PredefinedList/PreList_Custom")): Object: 'Object Repository/6.PredefinedList/PreList_Custom' is clicked on

2019-11-04 10:56:56 - [MESSAGE][PASSED] - Object: 'Object Repository/6.PredefinedList/PreList_Custom' is clicked on

2019-11-04 10:56:56 - [TEST_STEP][PASSED] - delay(1): Delayed 1 second(s)

2019-11-04 10:56:57 - [MESSAGE][PASSED] - Delayed 1 second(s)

2019-11-04 10:56:57 - [TEST_STEP][PASSED] - click(findTestObject("7.PickList/PList1_Click")): Object: 'Object Repository/7.PickList/PList1_Click' is clicked on

2019-11-04 10:56:57 - [MESSAGE][PASSED] - Object: 'Object Repository/7.PickList/PList1_Click' is clicked on

2019-11-04 10:56:57 - [TEST_STEP][PASSED] - click(findTestObject("7.PickList/PickList1")): Object: 'Object Repository/7.PickList/PickList1' is clicked on

2019-11-04 10:56:58 - [MESSAGE][PASSED] - Object: 'Object Repository/7.PickList/PickList1' is clicked on

2019-11-04 10:56:58 - [TEST_STEP][PASSED] - click(findTestObject("7.PickList/PList_Custom_Click")): Object: 'Object Repository/7.PickList/PList_Custom_Click' is clicked on

2019-11-04 10:56:59 - [MESSAGE][PASSED] - Object: 'Object Repository/7.PickList/PList_Custom_Click' is clicked on

2019-11-04 10:56:59 - [TEST_STEP][PASSED] - click(findTestObject("7.PickList/PickList_Custom")): Object: 'Object Repository/7.PickList/PickList_Custom' is clicked on

2019-11-04 10:57:00 - [MESSAGE][PASSED] - Object: 'Object Repository/7.PickList/PickList_Custom' is clicked on

2019-11-04 10:57:00 - [TEST_STEP][PASSED] - delay(1): Delayed 1 second(s)

2019-11-04 10:57:01 - [MESSAGE][PASSED] - Delayed 1 second(s)

2019-11-04 10:57:01 - [TEST_STEP][PASSED] - click(findTestObject("8.Lookup/Lookup1_DB1_Click")): Object: 'Object Repository/8.Lookup/Lookup1_DB1_Click' is clicked on

2019-11-04 10:57:01 - [MESSAGE][PASSED] - Object: 'Object Repository/8.Lookup/Lookup1_DB1_Click' is clicked on

2019-11-04 10:57:01 - [TEST_STEP][PASSED] - click(findTestObject("8.Lookup/Lookup_DB1")): Object: 'Object Repository/8.Lookup/Lookup_DB1' is clicked on

2019-11-04 10:57:02 - [MESSAGE][PASSED] - Object: 'Object Repository/8.Lookup/Lookup_DB1' is clicked on

2019-11-04 10:57:02 - [TEST_STEP][PASSED] - click(findTestObject("8.Lookup/Lookup2_DB2_Click")): Object: 'Object Repository/8.Lookup/Lookup2_DB2_Click' is clicked on

2019-11-04 10:57:03 - [MESSAGE][PASSED] - Object: 'Object Repository/8.Lookup/Lookup2_DB2_Click' is clicked on

2019-11-04 10:57:03 - [TEST_STEP][PASSED] - click(findTestObject("8.Lookup/Lookup_DB2")): Object: 'Object Repository/8.Lookup/Lookup_DB2' is clicked on

2019-11-04 10:57:04 - [MESSAGE][PASSED] - Object: 'Object Repository/8.Lookup/Lookup_DB2' is clicked on

2019-11-04 10:57:04 - [TEST_STEP][PASSED] - click(findTestObject("8.Lookup/Lookup3_DE_Click")): Object: 'Object Repository/8.Lookup/Lookup3_DE_Click' is clicked on

2019-11-04 10:57:05 - [MESSAGE][PASSED] - Object: 'Object Repository/8.Lookup/Lookup3_DE_Click' is clicked on

2019-11-04 10:57:05 - [TEST_STEP][PASSED] - click(findTestObject("8.Lookup/Lookup_DE")): Object: 'Object Repository/8.Lookup/Lookup_DE' is clicked on

2019-11-04 10:57:06 - [MESSAGE][PASSED] - Object: 'Object Repository/8.Lookup/Lookup_DE' is clicked on

2019-11-04 10:57:06 - [TEST_STEP][PASSED] - click(findTestObject("8.Lookup/Lookup4_DE2_Click")): Object: 'Object Repository/8.Lookup/Lookup4_DE2_Click' is clicked on

2019-11-04 10:57:06 - [MESSAGE][PASSED] - Object: 'Object Repository/8.Lookup/Lookup4_DE2_Click' is clicked on

2019-11-04 10:57:06 - [TEST_STEP][PASSED] - click(findTestObject("8.Lookup/Lookup_DE_Custom")): Object: 'Object Repository/8.Lookup/Lookup_DE_Custom' is clicked on

2019-11-04 10:57:07 - [MESSAGE][PASSED] - Object: 'Object Repository/8.Lookup/Lookup_DE_Custom' is clicked on

2019-11-04 10:57:07 - [TEST_STEP][PASSED] - click(findTestObject("8.Lookup/Lookup5_REST_Click")): Object: 'Object Repository/8.Lookup/Lookup5_REST_Click' is clicked on

2019-11-04 10:57:08 - [MESSAGE][PASSED] - Object: 'Object Repository/8.Lookup/Lookup5_REST_Click' is clicked on

2019-11-04 10:57:08 - [TEST_STEP][PASSED] - click(findTestObject("8.Lookup/Lookup_REST")): Object: 'Object Repository/8.Lookup/Lookup_REST' is clicked on

2019-11-04 10:57:09 - [MESSAGE][PASSED] - Object: 'Object Repository/8.Lookup/Lookup_REST' is clicked on

2019-11-04 10:57:09 - [TEST_STEP][PASSED] - delay(1): Delayed 1 second(s)

2019-11-04 10:57:10 - [MESSAGE][PASSED] - Delayed 1 second(s)

2019-11-04 10:57:10 - [TEST_STEP][PASSED] - click(findTestObject("AgilePointNX Metadata/NextButton")): Object: 'Object Repository/AgilePointNX Metadata/NextButton' is clicked on

2019-11-04 10:57:10 - [MESSAGE][PASSED] - Object: 'Object Repository/AgilePointNX Metadata/NextButton' is clicked on

2019-11-04 10:57:10 - [TEST_STEP][PASSED] - delay(1): Delayed 1 second(s)

2019-11-04 10:57:11 - [MESSAGE][PASSED] - Delayed 1 second(s)]]></system-out>
         <system-err><![CDATA[]]></system-err>
      </testcase>
      <testcase name="Test Cases/Behavior" time="7.359" classname="Test Cases/Behavior" status="PASSED">
         <system-out><![CDATA[2019-11-04 10:57:11 - [TEST_CASE][PASSED] - Test Cases/Behavior: Test Cases/Behavior

2019-11-04 10:57:12 - [TEST_STEP][PASSED] - delay(1): Delayed 1 second(s)

2019-11-04 10:57:13 - [MESSAGE][PASSED] - Delayed 1 second(s)

2019-11-04 10:57:13 - [TEST_STEP][PASSED] - verifyElementNotHasAttribute(findTestObject("Behavior/CheckEnable"), "disabled", 1, STOP_ON_FAILURE): Object 'Object Repository/Behavior/CheckEnable' does not have attribute 'disabled'

2019-11-04 10:57:13 - [MESSAGE][PASSED] - Object 'Object Repository/Behavior/CheckEnable' does not have attribute 'disabled'

2019-11-04 10:57:13 - [TEST_STEP][PASSED] - verifyElementAttributeValue(findTestObject("Behavior/CheckDisable"), "disabled", "true", 1): Object 'Object Repository/Behavior/CheckDisable' has attribute 'disabled' with value 'true'

2019-11-04 10:57:13 - [MESSAGE][PASSED] - Object 'Object Repository/Behavior/CheckDisable' has attribute 'disabled' with value 'true'

2019-11-04 10:57:13 - [TEST_STEP][PASSED] - delay(1): Delayed 1 second(s)

2019-11-04 10:57:14 - [MESSAGE][PASSED] - Delayed 1 second(s)

2019-11-04 10:57:14 - [TEST_STEP][PASSED] - delay(1): Delayed 1 second(s)

2019-11-04 10:57:15 - [MESSAGE][PASSED] - Delayed 1 second(s)

2019-11-04 10:57:15 - [TEST_STEP][PASSED] - verifyElementVisible(findTestObject("Behavior/Visible")): Object 'Object Repository/Behavior/Visible' is visible

2019-11-04 10:57:16 - [MESSAGE][PASSED] - Object 'Object Repository/Behavior/Visible' is visible

2019-11-04 10:57:16 - [TEST_STEP][PASSED] - verifyElementNotVisible(findTestObject("Behavior/Invisable")): Object 'Object Repository/Behavior/Invisable' is NOT visible

2019-11-04 10:57:16 - [MESSAGE][PASSED] - Object 'Object Repository/Behavior/Invisable' is NOT visible

2019-11-04 10:57:16 - [TEST_STEP][PASSED] - delay(1): Delayed 1 second(s)

2019-11-04 10:57:17 - [MESSAGE][PASSED] - Delayed 1 second(s)

2019-11-04 10:57:17 - [TEST_STEP][PASSED] - click(findTestObject("AgilePointNX Metadata/NextButton")): Object: 'Object Repository/AgilePointNX Metadata/NextButton' is clicked on

2019-11-04 10:57:18 - [MESSAGE][PASSED] - Object: 'Object Repository/AgilePointNX Metadata/NextButton' is clicked on

2019-11-04 10:57:18 - [TEST_STEP][PASSED] - delay(1): Delayed 1 second(s)

2019-11-04 10:57:19 - [MESSAGE][PASSED] - Delayed 1 second(s)]]></system-out>
         <system-err><![CDATA[]]></system-err>
      </testcase>
      <testcase name="Test Cases/Advanced" time="12.423" classname="Test Cases/Advanced" status="PASSED">
         <system-out><![CDATA[2019-11-04 10:57:19 - [TEST_CASE][PASSED] - Test Cases/Advanced: Test Cases/Advanced

2019-11-04 10:57:19 - [TEST_STEP][PASSED] - click(findTestObject("Advanced/Blur_Click")): Object: 'Object Repository/Advanced/Blur_Click' is clicked on

2019-11-04 10:57:20 - [MESSAGE][PASSED] - Object: 'Object Repository/Advanced/Blur_Click' is clicked on

2019-11-04 10:57:20 - [TEST_STEP][PASSED] - click(findTestObject("Advanced/Change_Click")): Object: 'Object Repository/Advanced/Change_Click' is clicked on

2019-11-04 10:57:20 - [MESSAGE][PASSED] - Object: 'Object Repository/Advanced/Change_Click' is clicked on

2019-11-04 10:57:20 - [TEST_STEP][PASSED] - waitForAlert(1): Alert is present after 1 second(s).

2019-11-04 10:57:20 - [MESSAGE][PASSED] - Alert is present after 1 second(s).

2019-11-04 10:57:20 - [TEST_STEP][PASSED] - acceptAlert(): Alert accepted

2019-11-04 10:57:20 - [MESSAGE][PASSED] - Alert accepted

2019-11-04 10:57:20 - [TEST_STEP][PASSED] - delay(1): Delayed 1 second(s)

2019-11-04 10:57:21 - [MESSAGE][PASSED] - Delayed 1 second(s)

2019-11-04 10:57:21 - [TEST_STEP][PASSED] - click(findTestObject("Advanced/JS_Change")): Object: 'Object Repository/Advanced/JS_Change' is clicked on

2019-11-04 10:57:23 - [MESSAGE][PASSED] - Object: 'Object Repository/Advanced/JS_Change' is clicked on

2019-11-04 10:57:23 - [TEST_STEP][PASSED] - waitForAlert(1): Alert is present after 1 second(s).

2019-11-04 10:57:23 - [MESSAGE][PASSED] - Alert is present after 1 second(s).

2019-11-04 10:57:23 - [TEST_STEP][PASSED] - acceptAlert(): Alert accepted

2019-11-04 10:57:23 - [MESSAGE][PASSED] - Alert accepted

2019-11-04 10:57:23 - [TEST_STEP][PASSED] - delay(1): Delayed 1 second(s)

2019-11-04 10:57:25 - [MESSAGE][PASSED] - Delayed 1 second(s)

2019-11-04 10:57:25 - [TEST_STEP][PASSED] - click(findTestObject("Advanced/Persist_Click")): Object: 'Object Repository/Advanced/Persist_Click' is clicked on

2019-11-04 10:57:25 - [MESSAGE][PASSED] - Object: 'Object Repository/Advanced/Persist_Click' is clicked on

2019-11-04 10:57:25 - [TEST_STEP][PASSED] - click(findTestObject("Advanced/Persist")): Object: 'Object Repository/Advanced/Persist' is clicked on

2019-11-04 10:57:26 - [MESSAGE][PASSED] - Object: 'Object Repository/Advanced/Persist' is clicked on

2019-11-04 10:57:26 - [TEST_STEP][PASSED] - click(findTestObject("Advanced/NotPersist_Click")): Object: 'Object Repository/Advanced/NotPersist_Click' is clicked on

2019-11-04 10:57:27 - [MESSAGE][PASSED] - Object: 'Object Repository/Advanced/NotPersist_Click' is clicked on

2019-11-04 10:57:27 - [TEST_STEP][PASSED] - click(findTestObject("Advanced/NotPersist")): Object: 'Object Repository/Advanced/NotPersist' is clicked on

2019-11-04 10:57:28 - [MESSAGE][PASSED] - Object: 'Object Repository/Advanced/NotPersist' is clicked on

2019-11-04 10:57:28 - [TEST_STEP][PASSED] - delay(1): Delayed 1 second(s)

2019-11-04 10:57:29 - [MESSAGE][PASSED] - Delayed 1 second(s)

2019-11-04 10:57:29 - [TEST_STEP][PASSED] - click(findTestObject("AgilePointNX Metadata/NextButton")): Object: 'Object Repository/AgilePointNX Metadata/NextButton' is clicked on

2019-11-04 10:57:29 - [MESSAGE][PASSED] - Object: 'Object Repository/AgilePointNX Metadata/NextButton' is clicked on

2019-11-04 10:57:29 - [TEST_STEP][PASSED] - delay(2): Delayed 2 second(s)

2019-11-04 10:57:31 - [MESSAGE][PASSED] - Delayed 2 second(s)]]></system-out>
         <system-err><![CDATA[]]></system-err>
      </testcase>
      <testcase name="Test Cases/Rules" time="23.518" classname="Test Cases/Rules" status="PASSED">
         <system-out><![CDATA[2019-11-04 10:57:31 - [TEST_CASE][PASSED] - Test Cases/Rules: Test Cases/Rules

2019-11-04 10:57:31 - [TEST_STEP][PASSED] - delay(1): Delayed 1 second(s)

2019-11-04 10:57:32 - [MESSAGE][PASSED] - Delayed 1 second(s)

2019-11-04 10:57:32 - [TEST_STEP][PASSED] - verifyElementVisible(findTestObject("Rules/Rule_Show")): Object 'Object Repository/Rules/Rule_Show' is visible

2019-11-04 10:57:33 - [MESSAGE][PASSED] - Object 'Object Repository/Rules/Rule_Show' is visible

2019-11-04 10:57:33 - [TEST_STEP][PASSED] - click(findTestObject("Rules/Contains_Click")): Object: 'Object Repository/Rules/Contains_Click' is clicked on

2019-11-04 10:57:33 - [MESSAGE][PASSED] - Object: 'Object Repository/Rules/Contains_Click' is clicked on

2019-11-04 10:57:33 - [TEST_STEP][PASSED] - click(findTestObject("Rules/Contains")): Object: 'Object Repository/Rules/Contains' is clicked on

2019-11-04 10:57:34 - [MESSAGE][PASSED] - Object: 'Object Repository/Rules/Contains' is clicked on

2019-11-04 10:57:34 - [TEST_STEP][PASSED] - waitForAlert(1): Alert is present after 1 second(s).

2019-11-04 10:57:34 - [MESSAGE][PASSED] - Alert is present after 1 second(s).

2019-11-04 10:57:34 - [TEST_STEP][PASSED] - acceptAlert(): Alert accepted

2019-11-04 10:57:34 - [MESSAGE][PASSED] - Alert accepted

2019-11-04 10:57:34 - [TEST_STEP][PASSED] - click(findTestObject("Rules/NotContain_Click")): Object: 'Object Repository/Rules/NotContain_Click' is clicked on

2019-11-04 10:57:35 - [MESSAGE][PASSED] - Object: 'Object Repository/Rules/NotContain_Click' is clicked on

2019-11-04 10:57:35 - [TEST_STEP][PASSED] - click(findTestObject("Rules/NotContain")): Object: 'Object Repository/Rules/NotContain' is clicked on

2019-11-04 10:57:36 - [MESSAGE][PASSED] - Object: 'Object Repository/Rules/NotContain' is clicked on

2019-11-04 10:57:36 - [TEST_STEP][PASSED] - waitForAlert(1): Alert is present after 1 second(s).

2019-11-04 10:57:36 - [MESSAGE][PASSED] - Alert is present after 1 second(s).

2019-11-04 10:57:36 - [TEST_STEP][PASSED] - acceptAlert(): Alert accepted

2019-11-04 10:57:36 - [MESSAGE][PASSED] - Alert accepted

2019-11-04 10:57:36 - [TEST_STEP][PASSED] - delay(1): Delayed 1 second(s)

2019-11-04 10:57:37 - [MESSAGE][PASSED] - Delayed 1 second(s)

2019-11-04 10:57:37 - [TEST_STEP][PASSED] - click(findTestObject("Rules/IsEqualTo_Click")): Object: 'Object Repository/Rules/IsEqualTo_Click' is clicked on

2019-11-04 10:57:38 - [MESSAGE][PASSED] - Object: 'Object Repository/Rules/IsEqualTo_Click' is clicked on

2019-11-04 10:57:38 - [TEST_STEP][PASSED] - click(findTestObject("Rules/EqualTo")): Object: 'Object Repository/Rules/EqualTo' is clicked on

2019-11-04 10:57:38 - [MESSAGE][PASSED] - Object: 'Object Repository/Rules/EqualTo' is clicked on

2019-11-04 10:57:38 - [TEST_STEP][PASSED] - waitForAlert(1): Alert is present after 1 second(s).

2019-11-04 10:57:38 - [MESSAGE][PASSED] - Alert is present after 1 second(s).

2019-11-04 10:57:38 - [TEST_STEP][PASSED] - acceptAlert(): Alert accepted

2019-11-04 10:57:38 - [MESSAGE][PASSED] - Alert accepted

2019-11-04 10:57:38 - [TEST_STEP][PASSED] - verifyElementAttributeValue(findTestObject("Rules/SetField"), "value", "SS", 1): Object 'Object Repository/Rules/SetField' has attribute 'value' with value 'SS'

2019-11-04 10:57:39 - [MESSAGE][PASSED] - Object 'Object Repository/Rules/SetField' has attribute 'value' with value 'SS'

2019-11-04 10:57:39 - [TEST_STEP][PASSED] - delay(1): Delayed 1 second(s)

2019-11-04 10:57:40 - [MESSAGE][PASSED] - Delayed 1 second(s)

2019-11-04 10:57:40 - [TEST_STEP][PASSED] - click(findTestObject("Rules/NotEqualTo_Click")): Object: 'Object Repository/Rules/NotEqualTo_Click' is clicked on

2019-11-04 10:57:41 - [MESSAGE][PASSED] - Object: 'Object Repository/Rules/NotEqualTo_Click' is clicked on

2019-11-04 10:57:41 - [TEST_STEP][PASSED] - click(findTestObject("Rules/NotEqualTo")): Object: 'Object Repository/Rules/NotEqualTo' is clicked on

2019-11-04 10:57:42 - [MESSAGE][PASSED] - Object: 'Object Repository/Rules/NotEqualTo' is clicked on

2019-11-04 10:57:42 - [TEST_STEP][PASSED] - verifyElementNotHasAttribute(findTestObject("Rules/ChangeToEnabled"), "disabled", 1): Object 'Object Repository/Rules/ChangeToEnabled' does not have attribute 'disabled'

2019-11-04 10:57:42 - [MESSAGE][PASSED] - Object 'Object Repository/Rules/ChangeToEnabled' does not have attribute 'disabled'

2019-11-04 10:57:42 - [TEST_STEP][PASSED] - verifyElementAttributeValue(findTestObject("Rules/ChangeToDisabled"), "disabled", "true", 1): Object 'Object Repository/Rules/ChangeToDisabled' has attribute 'disabled' with value 'true'

2019-11-04 10:57:43 - [MESSAGE][PASSED] - Object 'Object Repository/Rules/ChangeToDisabled' has attribute 'disabled' with value 'true'

2019-11-04 10:57:43 - [TEST_STEP][PASSED] - verifyElementText(findTestObject("Rules/Mandatory"), "*"): Actual text and expected text of test object 'Object Repository/Rules/Mandatory' are matched.

2019-11-04 10:57:43 - [MESSAGE][PASSED] - Actual text and expected text of test object 'Object Repository/Rules/Mandatory' are matched.

2019-11-04 10:57:43 - [TEST_STEP][PASSED] - setText(findTestObject("Rules/MandatoryValue"), "Mandatory"): Text 'Mandatory' is set on object 'Object Repository/Rules/MandatoryValue'

2019-11-04 10:57:44 - [MESSAGE][PASSED] - Text 'Mandatory' is set on object 'Object Repository/Rules/MandatoryValue'

2019-11-04 10:57:44 - [TEST_STEP][PASSED] - delay(1): Delayed 1 second(s)

2019-11-04 10:57:45 - [MESSAGE][PASSED] - Delayed 1 second(s)

2019-11-04 10:57:45 - [TEST_STEP][PASSED] - verifyElementText(findTestObject("Rules/NotMandatory"), ""): Actual text and expected text of test object 'Object Repository/Rules/NotMandatory' are matched.

2019-11-04 10:57:45 - [MESSAGE][PASSED] - Actual text and expected text of test object 'Object Repository/Rules/NotMandatory' are matched.

2019-11-04 10:57:45 - [TEST_STEP][PASSED] - delay(1): Delayed 1 second(s)

2019-11-04 10:57:46 - [MESSAGE][PASSED] - Delayed 1 second(s)

2019-11-04 10:57:46 - [TEST_STEP][PASSED] - click(findTestObject("Rules/ContainData_Click")): Object: 'Object Repository/Rules/ContainData_Click' is clicked on

2019-11-04 10:57:47 - [MESSAGE][PASSED] - Object: 'Object Repository/Rules/ContainData_Click' is clicked on

2019-11-04 10:57:47 - [TEST_STEP][PASSED] - click(findTestObject("Rules/ContainsData")): Object: 'Object Repository/Rules/ContainsData' is clicked on

2019-11-04 10:57:48 - [MESSAGE][PASSED] - Object: 'Object Repository/Rules/ContainsData' is clicked on

2019-11-04 10:57:48 - [TEST_STEP][PASSED] - delay(3): Delayed 3 second(s)

2019-11-04 10:57:51 - [MESSAGE][PASSED] - Delayed 3 second(s)

2019-11-04 10:57:51 - [TEST_STEP][PASSED] - verifyElementPresent(findTestObject("Rules/AutoLookup"), 1): Object 'Object Repository/Rules/AutoLookup' is present

2019-11-04 10:57:51 - [MESSAGE][PASSED] - Object 'Object Repository/Rules/AutoLookup' is present

2019-11-04 10:57:51 - [TEST_STEP][PASSED] - delay(1): Delayed 1 second(s)

2019-11-04 10:57:52 - [MESSAGE][PASSED] - Delayed 1 second(s)

2019-11-04 10:57:52 - [TEST_STEP][PASSED] - click(findTestObject("Rules/Submit")): Object: 'Object Repository/Rules/Submit' is clicked on

2019-11-04 10:57:53 - [MESSAGE][PASSED] - Object: 'Object Repository/Rules/Submit' is clicked on

2019-11-04 10:57:53 - [TEST_STEP][PASSED] - delay(2): Delayed 2 second(s)

2019-11-04 10:57:55 - [MESSAGE][PASSED] - Delayed 2 second(s)]]></system-out>
         <system-err><![CDATA[]]></system-err>
      </testcase>
      <testcase name="Test Cases/Verify2ndForm" time="26.577" classname="Test Cases/Verify2ndForm" status="FAILED">
         <failure type="FAILED" message="Test Cases/Verify2ndForm FAILED.
Reason:
com.kms.katalon.core.exception.StepFailedException: Verify element text of test object 'Object Repository/Label/DataSource_VariableLabel' FAILED.
	at com.kms.katalon.core.webui.keyword.internal.WebUIKeywordMain.stepFailed(WebUIKeywordMain.groovy:64)
	at com.kms.katalon.core.webui.keyword.internal.WebUIKeywordMain.runKeyword(WebUIKeywordMain.groovy:26)
	at com.kms.katalon.core.webui.keyword.builtin.VerifyElementTextKeyword.verifyElementText(VerifyElementTextKeyword.groovy:72)
	at com.kms.katalon.core.webui.keyword.builtin.VerifyElementTextKeyword.execute(VerifyElementTextKeyword.groovy:40)
	at com.kms.katalon.core.keyword.internal.KeywordExecutor.executeKeywordForPlatform(KeywordExecutor.groovy:60)
	at com.kms.katalon.core.webui.keyword.WebUiBuiltInKeywords.verifyElementText(WebUiBuiltInKeywords.groovy:3663)
	at com.kms.katalon.core.webui.keyword.WebUiBuiltInKeywords$verifyElementText$10.call(Unknown Source)
	at Verify2ndForm.run(Verify2ndForm:24)
	at com.kms.katalon.core.main.ScriptEngine.run(ScriptEngine.java:194)
	at com.kms.katalon.core.main.ScriptEngine.runScriptAsRawText(ScriptEngine.java:119)
	at com.kms.katalon.core.main.TestCaseExecutor.runScript(TestCaseExecutor.java:337)
	at com.kms.katalon.core.main.TestCaseExecutor.doExecute(TestCaseExecutor.java:328)
	at com.kms.katalon.core.main.TestCaseExecutor.processExecutionPhase(TestCaseExecutor.java:307)
	at com.kms.katalon.core.main.TestCaseExecutor.accessMainPhase(TestCaseExecutor.java:299)
	at com.kms.katalon.core.main.TestCaseExecutor.execute(TestCaseExecutor.java:233)
	at com.kms.katalon.core.main.TestSuiteExecutor.accessTestCaseMainPhase(TestSuiteExecutor.java:169)
	at com.kms.katalon.core.main.TestSuiteExecutor.accessTestSuiteMainPhase(TestSuiteExecutor.java:142)
	at com.kms.katalon.core.main.TestSuiteExecutor.execute(TestSuiteExecutor.java:91)
	at com.kms.katalon.core.main.TestCaseMain.startTestSuite(TestCaseMain.java:157)
	at com.kms.katalon.core.main.TestCaseMain$startTestSuite$0.call(Unknown Source)
	at TempTestSuite1572836119121.run(TempTestSuite1572836119121.groovy:36)
Caused by: com.kms.katalon.core.exception.StepFailedException: Actual text '289072269' and expected text '92395781' of test object 'Object Repository/Label/DataSource_VariableLabel' are NOT matched.
	at com.kms.katalon.core.webui.keyword.internal.WebUIKeywordMain.stepFailed(WebUIKeywordMain.groovy:64)
	at com.kms.katalon.core.webui.keyword.builtin.VerifyElementTextKeyword$_verifyElementText_closure1.doCall(VerifyElementTextKeyword.groovy:57)
	at com.kms.katalon.core.webui.keyword.builtin.VerifyElementTextKeyword$_verifyElementText_closure1.call(VerifyElementTextKeyword.groovy)
	at com.kms.katalon.core.webui.keyword.internal.WebUIKeywordMain.runKeyword(WebUIKeywordMain.groovy:20)
	... 19 more
"/>
         <system-out><![CDATA[2019-11-04 10:57:55 - [TEST_CASE][FAILED] - Test Cases/Verify2ndForm: Test Cases/Verify2ndForm FAILED.
Reason:
com.kms.katalon.core.exception.StepFailedException: Verify element text of test object 'Object Repository/Label/DataSource_VariableLabel' FAILED.
	at com.kms.katalon.core.webui.keyword.internal.WebUIKeywordMain.stepFailed(WebUIKeywordMain.groovy:64)
	at com.kms.katalon.core.webui.keyword.internal.WebUIKeywordMain.runKeyword(WebUIKeywordMain.groovy:26)
	at com.kms.katalon.core.webui.keyword.builtin.VerifyElementTextKeyword.verifyElementText(VerifyElementTextKeyword.groovy:72)
	at com.kms.katalon.core.webui.keyword.builtin.VerifyElementTextKeyword.execute(VerifyElementTextKeyword.groovy:40)
	at com.kms.katalon.core.keyword.internal.KeywordExecutor.executeKeywordForPlatform(KeywordExecutor.groovy:60)
	at com.kms.katalon.core.webui.keyword.WebUiBuiltInKeywords.verifyElementText(WebUiBuiltInKeywords.groovy:3663)
	at com.kms.katalon.core.webui.keyword.WebUiBuiltInKeywords$verifyElementText$10.call(Unknown Source)
	at Verify2ndForm.run(Verify2ndForm:24)
	at com.kms.katalon.core.main.ScriptEngine.run(ScriptEngine.java:194)
	at com.kms.katalon.core.main.ScriptEngine.runScriptAsRawText(ScriptEngine.java:119)
	at com.kms.katalon.core.main.TestCaseExecutor.runScript(TestCaseExecutor.java:337)
	at com.kms.katalon.core.main.TestCaseExecutor.doExecute(TestCaseExecutor.java:328)
	at com.kms.katalon.core.main.TestCaseExecutor.processExecutionPhase(TestCaseExecutor.java:307)
	at com.kms.katalon.core.main.TestCaseExecutor.accessMainPhase(TestCaseExecutor.java:299)
	at com.kms.katalon.core.main.TestCaseExecutor.execute(TestCaseExecutor.java:233)
	at com.kms.katalon.core.main.TestSuiteExecutor.accessTestCaseMainPhase(TestSuiteExecutor.java:169)
	at com.kms.katalon.core.main.TestSuiteExecutor.accessTestSuiteMainPhase(TestSuiteExecutor.java:142)
	at com.kms.katalon.core.main.TestSuiteExecutor.execute(TestSuiteExecutor.java:91)
	at com.kms.katalon.core.main.TestCaseMain.startTestSuite(TestCaseMain.java:157)
	at com.kms.katalon.core.main.TestCaseMain$startTestSuite$0.call(Unknown Source)
	at TempTestSuite1572836119121.run(TempTestSuite1572836119121.groovy:36)
Caused by: com.kms.katalon.core.exception.StepFailedException: Actual text '289072269' and expected text '92395781' of test object 'Object Repository/Label/DataSource_VariableLabel' are NOT matched.
	at com.kms.katalon.core.webui.keyword.internal.WebUIKeywordMain.stepFailed(WebUIKeywordMain.groovy:64)
	at com.kms.katalon.core.webui.keyword.builtin.VerifyElementTextKeyword$_verifyElementText_closure1.doCall(VerifyElementTextKeyword.groovy:57)
	at com.kms.katalon.core.webui.keyword.builtin.VerifyElementTextKeyword$_verifyElementText_closure1.call(VerifyElementTextKeyword.groovy)
	at com.kms.katalon.core.webui.keyword.internal.WebUIKeywordMain.runKeyword(WebUIKeywordMain.groovy:20)
	... 19 more


2019-11-04 10:57:55 - [TEST_STEP][PASSED] - com.helper.login.LoginHelper.OpenTask(): com.helper.login.LoginHelper.OpenTask is PASSED

2019-11-04 10:57:55 - [MESSAGE][PASSED] - Switched to window with index: '0'

2019-11-04 10:58:00 - [MESSAGE][PASSED] - Delayed 5 second(s)

2019-11-04 10:58:01 - [MESSAGE][PASSED] - Object: 'Object Repository/AgilePointNX Metadata/ClickOnInbox' is clicked on

2019-11-04 10:58:01 - [MESSAGE][PASSED] - Wait for page load successfully

2019-11-04 10:58:02 - [MESSAGE][PASSED] - Delayed 1 second(s)

2019-11-04 10:58:03 - [MESSAGE][PASSED] - Object: 'Object Repository/AgilePointNX Metadata/ClickOnMyTaskTab' is clicked on

2019-11-04 10:58:05 - [MESSAGE][PASSED] - Delayed 2 second(s)

2019-11-04 10:58:05 - [MESSAGE][PASSED] - Object: 'Object Repository/AgilePointNX Metadata/ClickOnTaskMenu' is clicked on

2019-11-04 10:58:06 - [MESSAGE][PASSED] - Delayed 1 second(s)

2019-11-04 10:58:06 - [MESSAGE][PASSED] - Switched to window with index: '1'

2019-11-04 10:58:10 - [MESSAGE][PASSED] - Current window maximized

2019-11-04 10:58:10 - [MESSAGE][PASSED] - Wait for page load successfully

2019-11-04 10:58:11 - [MESSAGE][PASSED] - Delayed 1 second(s)

2019-11-04 10:58:11 - [MESSAGE][PASSED] - com.helper.login.LoginHelper.OpenTask is PASSED

2019-11-04 10:58:11 - [TEST_STEP][PASSED] - delay(8): Delayed 8 second(s)

2019-11-04 10:58:19 - [MESSAGE][PASSED] - Delayed 8 second(s)

2019-11-04 10:58:19 - [TEST_STEP][PASSED] - verifyElementText(findTestObject("Label/FormData_VariableLabel"), "TestFormDataValue"): Actual text and expected text of test object 'Object Repository/Label/FormData_VariableLabel' are matched.

2019-11-04 10:58:20 - [MESSAGE][PASSED] - Actual text and expected text of test object 'Object Repository/Label/FormData_VariableLabel' are matched.

2019-11-04 10:58:20 - [TEST_STEP][FAILED] - verifyElementText(findTestObject("Label/DataSource_VariableLabel"), x): Verify element text of test object 'Object Repository/Label/DataSource_VariableLabel' FAILED. (Root cause: com.kms.katalon.core.exception.StepFailedException: Verify element text of test object 'Object Repository/Label/DataSource_VariableLabel' FAILED.
	at com.kms.katalon.core.webui.keyword.internal.WebUIKeywordMain.stepFailed(WebUIKeywordMain.groovy:64)
	at com.kms.katalon.core.webui.keyword.internal.WebUIKeywordMain.runKeyword(WebUIKeywordMain.groovy:26)
	at com.kms.katalon.core.webui.keyword.builtin.VerifyElementTextKeyword.verifyElementText(VerifyElementTextKeyword.groovy:72)
	at com.kms.katalon.core.webui.keyword.builtin.VerifyElementTextKeyword.execute(VerifyElementTextKeyword.groovy:40)
	at com.kms.katalon.core.keyword.internal.KeywordExecutor.executeKeywordForPlatform(KeywordExecutor.groovy:60)
	at com.kms.katalon.core.webui.keyword.WebUiBuiltInKeywords.verifyElementText(WebUiBuiltInKeywords.groovy:3663)
	at com.kms.katalon.core.webui.keyword.WebUiBuiltInKeywords$verifyElementText$10.call(Unknown Source)
	at Verify2ndForm.run(Verify2ndForm:24)
	at com.kms.katalon.core.main.ScriptEngine.run(ScriptEngine.java:194)
	at com.kms.katalon.core.main.ScriptEngine.runScriptAsRawText(ScriptEngine.java:119)
	at com.kms.katalon.core.main.TestCaseExecutor.runScript(TestCaseExecutor.java:337)
	at com.kms.katalon.core.main.TestCaseExecutor.doExecute(TestCaseExecutor.java:328)
	at com.kms.katalon.core.main.TestCaseExecutor.processExecutionPhase(TestCaseExecutor.java:307)
	at com.kms.katalon.core.main.TestCaseExecutor.accessMainPhase(TestCaseExecutor.java:299)
	at com.kms.katalon.core.main.TestCaseExecutor.execute(TestCaseExecutor.java:233)
	at com.kms.katalon.core.main.TestSuiteExecutor.accessTestCaseMainPhase(TestSuiteExecutor.java:169)
	at com.kms.katalon.core.main.TestSuiteExecutor.accessTestSuiteMainPhase(TestSuiteExecutor.java:142)
	at com.kms.katalon.core.main.TestSuiteExecutor.execute(TestSuiteExecutor.java:91)
	at com.kms.katalon.core.main.TestCaseMain.startTestSuite(TestCaseMain.java:157)
	at com.kms.katalon.core.main.TestCaseMain$startTestSuite$0.call(Unknown Source)
	at TempTestSuite1572836119121.run(TempTestSuite1572836119121.groovy:36)
Caused by: com.kms.katalon.core.exception.StepFailedException: Actual text '289072269' and expected text '92395781' of test object 'Object Repository/Label/DataSource_VariableLabel' are NOT matched.
	at com.kms.katalon.core.webui.keyword.internal.WebUIKeywordMain.stepFailed(WebUIKeywordMain.groovy:64)
	at com.kms.katalon.core.webui.keyword.builtin.VerifyElementTextKeyword$_verifyElementText_closure1.doCall(VerifyElementTextKeyword.groovy:57)
	at com.kms.katalon.core.webui.keyword.builtin.VerifyElementTextKeyword$_verifyElementText_closure1.call(VerifyElementTextKeyword.groovy)
	at com.kms.katalon.core.webui.keyword.internal.WebUIKeywordMain.runKeyword(WebUIKeywordMain.groovy:20)
	... 19 more
)

2019-11-04 10:58:21 - [MESSAGE][FAILED] - Actual text '289072269' and expected text '92395781' of test object 'Object Repository/Label/DataSource_VariableLabel' are NOT matched. (Root cause: com.kms.katalon.core.exception.StepFailedException: Actual text '289072269' and expected text '92395781' of test object 'Object Repository/Label/DataSource_VariableLabel' are NOT matched.
	at com.kms.katalon.core.webui.keyword.internal.WebUIKeywordMain.stepFailed(WebUIKeywordMain.groovy:64)
	at com.kms.katalon.core.webui.keyword.builtin.VerifyElementTextKeyword$_verifyElementText_closure1.doCall(VerifyElementTextKeyword.groovy:57)
	at com.kms.katalon.core.webui.keyword.builtin.VerifyElementTextKeyword$_verifyElementText_closure1.call(VerifyElementTextKeyword.groovy)
	at com.kms.katalon.core.webui.keyword.internal.WebUIKeywordMain.runKeyword(WebUIKeywordMain.groovy:20)
	at com.kms.katalon.core.webui.keyword.builtin.VerifyElementTextKeyword.verifyElementText(VerifyElementTextKeyword.groovy:72)
	at com.kms.katalon.core.webui.keyword.builtin.VerifyElementTextKeyword.execute(VerifyElementTextKeyword.groovy:40)
	at com.kms.katalon.core.keyword.internal.KeywordExecutor.executeKeywordForPlatform(KeywordExecutor.groovy:60)
	at com.kms.katalon.core.webui.keyword.WebUiBuiltInKeywords.verifyElementText(WebUiBuiltInKeywords.groovy:3663)
	at com.kms.katalon.core.webui.keyword.WebUiBuiltInKeywords$verifyElementText$10.call(Unknown Source)
	at Verify2ndForm.run(Verify2ndForm:24)
	at com.kms.katalon.core.main.ScriptEngine.run(ScriptEngine.java:194)
	at com.kms.katalon.core.main.ScriptEngine.runScriptAsRawText(ScriptEngine.java:119)
	at com.kms.katalon.core.main.TestCaseExecutor.runScript(TestCaseExecutor.java:337)
	at com.kms.katalon.core.main.TestCaseExecutor.doExecute(TestCaseExecutor.java:328)
	at com.kms.katalon.core.main.TestCaseExecutor.processExecutionPhase(TestCaseExecutor.java:307)
	at com.kms.katalon.core.main.TestCaseExecutor.accessMainPhase(TestCaseExecutor.java:299)
	at com.kms.katalon.core.main.TestCaseExecutor.execute(TestCaseExecutor.java:233)
	at com.kms.katalon.core.main.TestSuiteExecutor.accessTestCaseMainPhase(TestSuiteExecutor.java:169)
	at com.kms.katalon.core.main.TestSuiteExecutor.accessTestSuiteMainPhase(TestSuiteExecutor.java:142)
	at com.kms.katalon.core.main.TestSuiteExecutor.execute(TestSuiteExecutor.java:91)
	at com.kms.katalon.core.main.TestCaseMain.startTestSuite(TestCaseMain.java:157)
	at com.kms.katalon.core.main.TestCaseMain$startTestSuite$0.call(Unknown Source)
	at TempTestSuite1572836119121.run(TempTestSuite1572836119121.groovy:36)
)
[[ATTACHMENT|D:\\Katalon Studio\\Test Multi-Select Listbox Control\\Reports\\20191104_105514\\MSListBoxTestCases\\20191104_105514\\1572836300612.png]]

2019-11-04 10:58:21 - [MESSAGE][FAILED] - Verify element text of test object 'Object Repository/Label/DataSource_VariableLabel' FAILED. (Root cause: com.kms.katalon.core.exception.StepFailedException: Verify element text of test object 'Object Repository/Label/DataSource_VariableLabel' FAILED.
	at com.kms.katalon.core.webui.keyword.internal.WebUIKeywordMain.stepFailed(WebUIKeywordMain.groovy:64)
	at com.kms.katalon.core.webui.keyword.internal.WebUIKeywordMain.runKeyword(WebUIKeywordMain.groovy:26)
	at com.kms.katalon.core.webui.keyword.builtin.VerifyElementTextKeyword.verifyElementText(VerifyElementTextKeyword.groovy:72)
	at com.kms.katalon.core.webui.keyword.builtin.VerifyElementTextKeyword.execute(VerifyElementTextKeyword.groovy:40)
	at com.kms.katalon.core.keyword.internal.KeywordExecutor.executeKeywordForPlatform(KeywordExecutor.groovy:60)
	at com.kms.katalon.core.webui.keyword.WebUiBuiltInKeywords.verifyElementText(WebUiBuiltInKeywords.groovy:3663)
	at com.kms.katalon.core.webui.keyword.WebUiBuiltInKeywords$verifyElementText$10.call(Unknown Source)
	at Verify2ndForm.run(Verify2ndForm:24)
	at com.kms.katalon.core.main.ScriptEngine.run(ScriptEngine.java:194)
	at com.kms.katalon.core.main.ScriptEngine.runScriptAsRawText(ScriptEngine.java:119)
	at com.kms.katalon.core.main.TestCaseExecutor.runScript(TestCaseExecutor.java:337)
	at com.kms.katalon.core.main.TestCaseExecutor.doExecute(TestCaseExecutor.java:328)
	at com.kms.katalon.core.main.TestCaseExecutor.processExecutionPhase(TestCaseExecutor.java:307)
	at com.kms.katalon.core.main.TestCaseExecutor.accessMainPhase(TestCaseExecutor.java:299)
	at com.kms.katalon.core.main.TestCaseExecutor.execute(TestCaseExecutor.java:233)
	at com.kms.katalon.core.main.TestSuiteExecutor.accessTestCaseMainPhase(TestSuiteExecutor.java:169)
	at com.kms.katalon.core.main.TestSuiteExecutor.accessTestSuiteMainPhase(TestSuiteExecutor.java:142)
	at com.kms.katalon.core.main.TestSuiteExecutor.execute(TestSuiteExecutor.java:91)
	at com.kms.katalon.core.main.TestCaseMain.startTestSuite(TestCaseMain.java:157)
	at com.kms.katalon.core.main.TestCaseMain$startTestSuite$0.call(Unknown Source)
	at TempTestSuite1572836119121.run(TempTestSuite1572836119121.groovy:36)
Caused by: com.kms.katalon.core.exception.StepFailedException: Actual text '289072269' and expected text '92395781' of test object 'Object Repository/Label/DataSource_VariableLabel' are NOT matched.
	at com.kms.katalon.core.webui.keyword.internal.WebUIKeywordMain.stepFailed(WebUIKeywordMain.groovy:64)
	at com.kms.katalon.core.webui.keyword.builtin.VerifyElementTextKeyword$_verifyElementText_closure1.doCall(VerifyElementTextKeyword.groovy:57)
	at com.kms.katalon.core.webui.keyword.builtin.VerifyElementTextKeyword$_verifyElementText_closure1.call(VerifyElementTextKeyword.groovy)
	at com.kms.katalon.core.webui.keyword.internal.WebUIKeywordMain.runKeyword(WebUIKeywordMain.groovy:20)
	... 19 more
)
[[ATTACHMENT|D:\\Katalon Studio\\Test Multi-Select Listbox Control\\Reports\\20191104_105514\\MSListBoxTestCases\\20191104_105514\\1572836301256.png]]]]></system-out>
         <system-err><![CDATA[2019-11-04 10:57:55 - [TEST_CASE][FAILED] - Test Cases/Verify2ndForm: Test Cases/Verify2ndForm FAILED.
Reason:
com.kms.katalon.core.exception.StepFailedException: Verify element text of test object 'Object Repository/Label/DataSource_VariableLabel' FAILED.
	at com.kms.katalon.core.webui.keyword.internal.WebUIKeywordMain.stepFailed(WebUIKeywordMain.groovy:64)
	at com.kms.katalon.core.webui.keyword.internal.WebUIKeywordMain.runKeyword(WebUIKeywordMain.groovy:26)
	at com.kms.katalon.core.webui.keyword.builtin.VerifyElementTextKeyword.verifyElementText(VerifyElementTextKeyword.groovy:72)
	at com.kms.katalon.core.webui.keyword.builtin.VerifyElementTextKeyword.execute(VerifyElementTextKeyword.groovy:40)
	at com.kms.katalon.core.keyword.internal.KeywordExecutor.executeKeywordForPlatform(KeywordExecutor.groovy:60)
	at com.kms.katalon.core.webui.keyword.WebUiBuiltInKeywords.verifyElementText(WebUiBuiltInKeywords.groovy:3663)
	at com.kms.katalon.core.webui.keyword.WebUiBuiltInKeywords$verifyElementText$10.call(Unknown Source)
	at Verify2ndForm.run(Verify2ndForm:24)
	at com.kms.katalon.core.main.ScriptEngine.run(ScriptEngine.java:194)
	at com.kms.katalon.core.main.ScriptEngine.runScriptAsRawText(ScriptEngine.java:119)
	at com.kms.katalon.core.main.TestCaseExecutor.runScript(TestCaseExecutor.java:337)
	at com.kms.katalon.core.main.TestCaseExecutor.doExecute(TestCaseExecutor.java:328)
	at com.kms.katalon.core.main.TestCaseExecutor.processExecutionPhase(TestCaseExecutor.java:307)
	at com.kms.katalon.core.main.TestCaseExecutor.accessMainPhase(TestCaseExecutor.java:299)
	at com.kms.katalon.core.main.TestCaseExecutor.execute(TestCaseExecutor.java:233)
	at com.kms.katalon.core.main.TestSuiteExecutor.accessTestCaseMainPhase(TestSuiteExecutor.java:169)
	at com.kms.katalon.core.main.TestSuiteExecutor.accessTestSuiteMainPhase(TestSuiteExecutor.java:142)
	at com.kms.katalon.core.main.TestSuiteExecutor.execute(TestSuiteExecutor.java:91)
	at com.kms.katalon.core.main.TestCaseMain.startTestSuite(TestCaseMain.java:157)
	at com.kms.katalon.core.main.TestCaseMain$startTestSuite$0.call(Unknown Source)
	at TempTestSuite1572836119121.run(TempTestSuite1572836119121.groovy:36)
Caused by: com.kms.katalon.core.exception.StepFailedException: Actual text '289072269' and expected text '92395781' of test object 'Object Repository/Label/DataSource_VariableLabel' are NOT matched.
	at com.kms.katalon.core.webui.keyword.internal.WebUIKeywordMain.stepFailed(WebUIKeywordMain.groovy:64)
	at com.kms.katalon.core.webui.keyword.builtin.VerifyElementTextKeyword$_verifyElementText_closure1.doCall(VerifyElementTextKeyword.groovy:57)
	at com.kms.katalon.core.webui.keyword.builtin.VerifyElementTextKeyword$_verifyElementText_closure1.call(VerifyElementTextKeyword.groovy)
	at com.kms.katalon.core.webui.keyword.internal.WebUIKeywordMain.runKeyword(WebUIKeywordMain.groovy:20)
	... 19 more]]></system-err>
      </testcase>
      <system-out><![CDATA[2019-11-04 10:55:20 - [TEST_SUITE][FAILED] - MSListBoxTestCases: Test Cases/Verify2ndForm FAILED.
Reason:
com.kms.katalon.core.exception.StepFailedException: Verify element text of test object 'Object Repository/Label/DataSource_VariableLabel' FAILED.
	at com.kms.katalon.core.webui.keyword.internal.WebUIKeywordMain.stepFailed(WebUIKeywordMain.groovy:64)
	at com.kms.katalon.core.webui.keyword.internal.WebUIKeywordMain.runKeyword(WebUIKeywordMain.groovy:26)
	at com.kms.katalon.core.webui.keyword.builtin.VerifyElementTextKeyword.verifyElementText(VerifyElementTextKeyword.groovy:72)
	at com.kms.katalon.core.webui.keyword.builtin.VerifyElementTextKeyword.execute(VerifyElementTextKeyword.groovy:40)
	at com.kms.katalon.core.keyword.internal.KeywordExecutor.executeKeywordForPlatform(KeywordExecutor.groovy:60)
	at com.kms.katalon.core.webui.keyword.WebUiBuiltInKeywords.verifyElementText(WebUiBuiltInKeywords.groovy:3663)
	at com.kms.katalon.core.webui.keyword.WebUiBuiltInKeywords$verifyElementText$10.call(Unknown Source)
	at Verify2ndForm.run(Verify2ndForm:24)
	at com.kms.katalon.core.main.ScriptEngine.run(ScriptEngine.java:194)
	at com.kms.katalon.core.main.ScriptEngine.runScriptAsRawText(ScriptEngine.java:119)
	at com.kms.katalon.core.main.TestCaseExecutor.runScript(TestCaseExecutor.java:337)
	at com.kms.katalon.core.main.TestCaseExecutor.doExecute(TestCaseExecutor.java:328)
	at com.kms.katalon.core.main.TestCaseExecutor.processExecutionPhase(TestCaseExecutor.java:307)
	at com.kms.katalon.core.main.TestCaseExecutor.accessMainPhase(TestCaseExecutor.java:299)
	at com.kms.katalon.core.main.TestCaseExecutor.execute(TestCaseExecutor.java:233)
	at com.kms.katalon.core.main.TestSuiteExecutor.accessTestCaseMainPhase(TestSuiteExecutor.java:169)
	at com.kms.katalon.core.main.TestSuiteExecutor.accessTestSuiteMainPhase(TestSuiteExecutor.java:142)
	at com.kms.katalon.core.main.TestSuiteExecutor.execute(TestSuiteExecutor.java:91)
	at com.kms.katalon.core.main.TestCaseMain.startTestSuite(TestCaseMain.java:157)
	at com.kms.katalon.core.main.TestCaseMain$startTestSuite$0.call(Unknown Source)
	at TempTestSuite1572836119121.run(TempTestSuite1572836119121.groovy:36)
Caused by: com.kms.katalon.core.exception.StepFailedException: Actual text '289072269' and expected text '92395781' of test object 'Object Repository/Label/DataSource_VariableLabel' are NOT matched.
	at com.kms.katalon.core.webui.keyword.internal.WebUIKeywordMain.stepFailed(WebUIKeywordMain.groovy:64)
	at com.kms.katalon.core.webui.keyword.builtin.VerifyElementTextKeyword$_verifyElementText_closure1.doCall(VerifyElementTextKeyword.groovy:57)
	at com.kms.katalon.core.webui.keyword.builtin.VerifyElementTextKeyword$_verifyElementText_closure1.call(VerifyElementTextKeyword.groovy)
	at com.kms.katalon.core.webui.keyword.internal.WebUIKeywordMain.runKeyword(WebUIKeywordMain.groovy:20)
	... 19 more]]></system-out>
      <system-err><![CDATA[2019-11-04 10:55:20 - [TEST_SUITE][FAILED] - MSListBoxTestCases: Test Cases/Verify2ndForm FAILED.
Reason:
com.kms.katalon.core.exception.StepFailedException: Verify element text of test object 'Object Repository/Label/DataSource_VariableLabel' FAILED.
	at com.kms.katalon.core.webui.keyword.internal.WebUIKeywordMain.stepFailed(WebUIKeywordMain.groovy:64)
	at com.kms.katalon.core.webui.keyword.internal.WebUIKeywordMain.runKeyword(WebUIKeywordMain.groovy:26)
	at com.kms.katalon.core.webui.keyword.builtin.VerifyElementTextKeyword.verifyElementText(VerifyElementTextKeyword.groovy:72)
	at com.kms.katalon.core.webui.keyword.builtin.VerifyElementTextKeyword.execute(VerifyElementTextKeyword.groovy:40)
	at com.kms.katalon.core.keyword.internal.KeywordExecutor.executeKeywordForPlatform(KeywordExecutor.groovy:60)
	at com.kms.katalon.core.webui.keyword.WebUiBuiltInKeywords.verifyElementText(WebUiBuiltInKeywords.groovy:3663)
	at com.kms.katalon.core.webui.keyword.WebUiBuiltInKeywords$verifyElementText$10.call(Unknown Source)
	at Verify2ndForm.run(Verify2ndForm:24)
	at com.kms.katalon.core.main.ScriptEngine.run(ScriptEngine.java:194)
	at com.kms.katalon.core.main.ScriptEngine.runScriptAsRawText(ScriptEngine.java:119)
	at com.kms.katalon.core.main.TestCaseExecutor.runScript(TestCaseExecutor.java:337)
	at com.kms.katalon.core.main.TestCaseExecutor.doExecute(TestCaseExecutor.java:328)
	at com.kms.katalon.core.main.TestCaseExecutor.processExecutionPhase(TestCaseExecutor.java:307)
	at com.kms.katalon.core.main.TestCaseExecutor.accessMainPhase(TestCaseExecutor.java:299)
	at com.kms.katalon.core.main.TestCaseExecutor.execute(TestCaseExecutor.java:233)
	at com.kms.katalon.core.main.TestSuiteExecutor.accessTestCaseMainPhase(TestSuiteExecutor.java:169)
	at com.kms.katalon.core.main.TestSuiteExecutor.accessTestSuiteMainPhase(TestSuiteExecutor.java:142)
	at com.kms.katalon.core.main.TestSuiteExecutor.execute(TestSuiteExecutor.java:91)
	at com.kms.katalon.core.main.TestCaseMain.startTestSuite(TestCaseMain.java:157)
	at com.kms.katalon.core.main.TestCaseMain$startTestSuite$0.call(Unknown Source)
	at TempTestSuite1572836119121.run(TempTestSuite1572836119121.groovy:36)
Caused by: com.kms.katalon.core.exception.StepFailedException: Actual text '289072269' and expected text '92395781' of test object 'Object Repository/Label/DataSource_VariableLabel' are NOT matched.
	at com.kms.katalon.core.webui.keyword.internal.WebUIKeywordMain.stepFailed(WebUIKeywordMain.groovy:64)
	at com.kms.katalon.core.webui.keyword.builtin.VerifyElementTextKeyword$_verifyElementText_closure1.doCall(VerifyElementTextKeyword.groovy:57)
	at com.kms.katalon.core.webui.keyword.builtin.VerifyElementTextKeyword$_verifyElementText_closure1.call(VerifyElementTextKeyword.groovy)
	at com.kms.katalon.core.webui.keyword.internal.WebUIKeywordMain.runKeyword(WebUIKeywordMain.groovy:20)
	... 19 more]]></system-err>
   </testsuite>
</testsuites>
