<?xml version="1.0" encoding="UTF-8"?>
<testsuites name="MSListBoxTestCases" time="128.7" tests="9" failures="2" errors="0">
   <testsuite name="MSListBoxTestCases" tests="9" failures="2" errors="0" time="128.7" timestamp="2019-11-04 10:13:07" hostname="Lynn - HZQA2" id="Test Suites/MSListBoxTestCases">
      <properties>
         <property name="deviceName" value=""/>
         <property name="devicePlatform" value=""/>
         <property name="logFolder" value="D:\\Katalon Studio\\Test Multi-Select Listbox Control\\Reports\\20191104_101301\\MSListBoxTestCases\\20191104_101301"/>
         <property name="logFiles" value="D:\\Katalon Studio\\Test Multi-Select Listbox Control\\Reports\\20191104_101301\\MSListBoxTestCases\\20191104_101301\\execution0.log"/>
         <property name="attachments" value="D:\\Katalon Studio\\Test Multi-Select Listbox Control\\Reports\\20191104_101301\\MSListBoxTestCases\\20191104_101301\\1572833708991.png, D:\\Katalon Studio\\Test Multi-Select Listbox Control\\Reports\\20191104_101301\\MSListBoxTestCases\\20191104_101301\\1572833714740.png"/>
         <property name="hostName" value="Lynn - HZQA2"/>
         <property name="os" value="Windows 10 64bit"/>
         <property name="katalonVersion" value="7.0.5.1"/>
         <property name="browser" value="Firefox 70.0"/>
         <property name="hostAddress" value="192.168.8.1"/>
         <property name="sessionId" value="4c48f714-1d93-4179-93e3-64b553b77ab4"/>
         <property name="seleniumVersion" value="3.141.59"/>
         <property name="proxyInformation" value="ProxyInformation{proxyOption=NO_PROXY, proxyServerType=HTTP, password=, proxyServerAddress=, proxyServerPort=0}"/>
         <property name="platform" value="Windows 10"/>
      </properties>
      <testcase name="Test Cases/Label" time="33.164" classname="Test Cases/Label" status="PASSED">
         <system-out><![CDATA[2019-11-04 10:13:07 - [TEST_CASE][PASSED] - Test Cases/Label: Test Cases/Label

2019-11-04 10:13:07 - [TEST_STEP][PASSED] - com.helper.login.LoginHelper.loginIntoApplicationWith(): com.helper.login.LoginHelper.loginIntoApplicationWith is PASSED

2019-11-04 10:13:08 - [MESSAGE][INFO] - Starting 'Firefox' driver

2019-11-04 10:13:08 - [MESSAGE][INFO] - Action delay is set to 0 seconds

2019-11-04 10:13:15 - [MESSAGE][PASSED] - Browser is opened with url: 'http://r2:13491'

2019-11-04 10:13:15 - [MESSAGE][PASSED] - Current window maximized

2019-11-04 10:13:15 - [MESSAGE][PASSED] - Delete all cookies successfully

2019-11-04 10:13:16 - [MESSAGE][PASSED] - Text 'ADW2012R2' is set on object 'Object Repository/AgilePointNX Metadata/Domain'

2019-11-04 10:13:16 - [MESSAGE][PASSED] - Text 'Administrator' is set on object 'Object Repository/AgilePointNX Metadata/UserName'

2019-11-04 10:13:17 - [MESSAGE][PASSED] - Text ****** has been set on object 'Object Repository/AgilePointNX Metadata/Password'

2019-11-04 10:13:17 - [MESSAGE][PASSED] - Object: 'Object Repository/AgilePointNX Metadata/SubmitButton' is clicked on

2019-11-04 10:13:17 - [MESSAGE][PASSED] - Wait for page load successfully

2019-11-04 10:13:17 - [MESSAGE][PASSED] - com.helper.login.LoginHelper.loginIntoApplicationWith is PASSED

2019-11-04 10:13:17 - [TEST_STEP][PASSED] - com.helper.login.LoginHelper.NavigateToProcess(): com.helper.login.LoginHelper.NavigateToProcess is PASSED

2019-11-04 10:13:20 - [MESSAGE][PASSED] - Object: 'Object Repository/AgilePointNX Metadata/ClickOnWorkCenter' is clicked on

2019-11-04 10:13:20 - [MESSAGE][PASSED] - Wait for page load successfully

2019-11-04 10:13:21 - [MESSAGE][PASSED] - Object: 'Object Repository/AgilePointNX Metadata/ClickOnMyApplication' is hovered

2019-11-04 10:13:22 - [MESSAGE][PASSED] - Object 'Object Repository/AgilePointNX Metadata/ClickOnMyApplication' is clickable

2019-11-04 10:13:23 - [MESSAGE][PASSED] - Object: 'Object Repository/AgilePointNX Metadata/ClickOnMyApplication' is clicked on

2019-11-04 10:13:24 - [MESSAGE][PASSED] - Delayed 1 second(s)

2019-11-04 10:13:26 - [MESSAGE][PASSED] - Delayed 1 second(s)

2019-11-04 10:13:26 - [MESSAGE][PASSED] - Text 'MSListBox_Auto' is set on object 'Object Repository/AgilePointNX Metadata/SearchApplication'

2019-11-04 10:13:26 - [MESSAGE][PASSED] - Object: 'Object Repository/AgilePointNX Metadata/SelectProcessFromMyApps' is hovered

2019-11-04 10:13:27 - [MESSAGE][PASSED] - Delayed 1 second(s)

2019-11-04 10:13:28 - [MESSAGE][PASSED] - Object: 'Object Repository/AgilePointNX Metadata/SelectProcessFromMyApps' is clicked on

2019-11-04 10:13:28 - [MESSAGE][PASSED] - Switched to window with index: '1'

2019-11-04 10:13:28 - [MESSAGE][PASSED] - Current window maximized

2019-11-04 10:13:28 - [MESSAGE][PASSED] - Wait for page load successfully

2019-11-04 10:13:30 - [MESSAGE][PASSED] - Delayed 2 second(s)

2019-11-04 10:13:30 - [MESSAGE][PASSED] - com.helper.login.LoginHelper.NavigateToProcess is PASSED

2019-11-04 10:13:30 - [TEST_STEP][PASSED] - delay(3): Delayed 3 second(s)

2019-11-04 10:13:33 - [MESSAGE][PASSED] - Delayed 3 second(s)

2019-11-04 10:13:33 - [TEST_STEP][PASSED] - x = random.Common.getRandom(1, 999999999): random.Common.getRandom is PASSED

2019-11-04 10:13:33 - [MESSAGE][PASSED] - random.Common.getRandom is PASSED

2019-11-04 10:13:33 - [TEST_STEP][PASSED] - delay(1): Delayed 1 second(s)

2019-11-04 10:13:34 - [MESSAGE][PASSED] - Delayed 1 second(s)

2019-11-04 10:13:34 - [TEST_STEP][PASSED] - setText(findTestObject("Label/AccountName"), x): Text '647530776' is set on object 'Object Repository/Label/AccountName'

2019-11-04 10:13:34 - [MESSAGE][PASSED] - Text '647530776' is set on object 'Object Repository/Label/AccountName'

2019-11-04 10:13:34 - [TEST_STEP][PASSED] - verifyElementText(findTestObject("Label/EmptyLabel"), ""): Actual text and expected text of test object 'Object Repository/Label/EmptyLabel' are matched.

2019-11-04 10:13:35 - [MESSAGE][PASSED] - Actual text and expected text of test object 'Object Repository/Label/EmptyLabel' are matched.

2019-11-04 10:13:35 - [TEST_STEP][PASSED] - verifyElementText(findTestObject("Label/SpeicalCharactersLabel"), "@#$%"): Actual text and expected text of test object 'Object Repository/Label/SpeicalCharactersLabel' are matched.

2019-11-04 10:13:35 - [MESSAGE][PASSED] - Actual text and expected text of test object 'Object Repository/Label/SpeicalCharactersLabel' are matched.

2019-11-04 10:13:35 - [TEST_STEP][PASSED] - verifyElementText(findTestObject("Label/SCLabel"), "中文简体标签"): Actual text and expected text of test object 'Object Repository/Label/SCLabel' are matched.

2019-11-04 10:13:35 - [MESSAGE][PASSED] - Actual text and expected text of test object 'Object Repository/Label/SCLabel' are matched.

2019-11-04 10:13:35 - [TEST_STEP][PASSED] - verifyElementText(findTestObject("Label/TCLabel"), "繁體中文憂鬱的烏龜"): Actual text and expected text of test object 'Object Repository/Label/TCLabel' are matched.

2019-11-04 10:13:36 - [MESSAGE][PASSED] - Actual text and expected text of test object 'Object Repository/Label/TCLabel' are matched.

2019-11-04 10:13:36 - [TEST_STEP][PASSED] - verifyElementText(findTestObject("Label/JPLabel"), "日本語ラベル"): Actual text and expected text of test object 'Object Repository/Label/JPLabel' are matched.

2019-11-04 10:13:36 - [MESSAGE][PASSED] - Actual text and expected text of test object 'Object Repository/Label/JPLabel' are matched.

2019-11-04 10:13:36 - [TEST_STEP][PASSED] - verifyElementText(findTestObject("Label/HBLabel"), "אחר צהריים טובים"): Actual text and expected text of test object 'Object Repository/Label/HBLabel' are matched.

2019-11-04 10:13:36 - [MESSAGE][PASSED] - Actual text and expected text of test object 'Object Repository/Label/HBLabel' are matched.

2019-11-04 10:13:36 - [TEST_STEP][PASSED] - verifyElementText(findTestObject("Label/NumberSpaceLabel"), "a  23 456"): Actual text and expected text of test object 'Object Repository/Label/NumberSpaceLabel' are matched.

2019-11-04 10:13:37 - [MESSAGE][PASSED] - Actual text and expected text of test object 'Object Repository/Label/NumberSpaceLabel' are matched.

2019-11-04 10:13:37 - [TEST_STEP][PASSED] - verifyElementText(findTestObject("Label/GlobalDataLabel"), sss): Actual text and expected text of test object 'Object Repository/Label/GlobalDataLabel' are matched.

2019-11-04 10:13:37 - [MESSAGE][PASSED] - Actual text and expected text of test object 'Object Repository/Label/GlobalDataLabel' are matched.

2019-11-04 10:13:37 - [TEST_STEP][PASSED] - verifyElementText(findTestObject("Label/GlobalTranslationKey_Label"), "Test 1"): Actual text and expected text of test object 'Object Repository/Label/GlobalTranslationKey_Label' are matched.

2019-11-04 10:13:37 - [MESSAGE][PASSED] - Actual text and expected text of test object 'Object Repository/Label/GlobalTranslationKey_Label' are matched.

2019-11-04 10:13:37 - [TEST_STEP][PASSED] - verifyElementText(findTestObject("Label/LongLabel"), "Text Box 3Text Box 3Text Box 3Text Box 3Text Box 3Text Box 3Text Box 3Text Box 3"): Actual text and expected text of test object 'Object Repository/Label/LongLabel' are matched.

2019-11-04 10:13:38 - [MESSAGE][PASSED] - Actual text and expected text of test object 'Object Repository/Label/LongLabel' are matched.

2019-11-04 10:13:38 - [TEST_STEP][PASSED] - delay(1): Delayed 1 second(s)

2019-11-04 10:13:39 - [MESSAGE][PASSED] - Delayed 1 second(s)

2019-11-04 10:13:39 - [TEST_STEP][PASSED] - click(findTestObject("AgilePointNX Metadata/NextButton")): Object: 'Object Repository/AgilePointNX Metadata/NextButton' is clicked on

2019-11-04 10:13:39 - [MESSAGE][PASSED] - Object: 'Object Repository/AgilePointNX Metadata/NextButton' is clicked on

2019-11-04 10:13:39 - [TEST_STEP][PASSED] - delay(1): Delayed 1 second(s)

2019-11-04 10:13:40 - [MESSAGE][PASSED] - Delayed 1 second(s)]]></system-out>
         <system-err><![CDATA[]]></system-err>
      </testcase>
      <testcase name="Test Cases/InternalName" time="3.863" classname="Test Cases/InternalName" status="PASSED">
         <system-out><![CDATA[2019-11-04 10:13:40 - [TEST_CASE][PASSED] - Test Cases/InternalName: Test Cases/InternalName

2019-11-04 10:13:40 - [TEST_STEP][PASSED] - verifyElementPresent(findTestObject("InternalName/_AsInternalName"), 1): Object 'Object Repository/InternalName/_AsInternalName' is present

2019-11-04 10:13:41 - [MESSAGE][PASSED] - Object 'Object Repository/InternalName/_AsInternalName' is present

2019-11-04 10:13:41 - [TEST_STEP][PASSED] - verifyElementPresent(findTestObject("InternalName/NumberInternalName"), 1): Object 'Object Repository/InternalName/NumberInternalName' is present

2019-11-04 10:13:41 - [MESSAGE][PASSED] - Object 'Object Repository/InternalName/NumberInternalName' is present

2019-11-04 10:13:41 - [TEST_STEP][PASSED] - verifyElementPresent(findTestObject("InternalName/LongInternalName"), 1): Object 'Object Repository/InternalName/LongInternalName' is present

2019-11-04 10:13:41 - [MESSAGE][PASSED] - Object 'Object Repository/InternalName/LongInternalName' is present

2019-11-04 10:13:41 - [TEST_STEP][PASSED] - delay(1): Delayed 1 second(s)

2019-11-04 10:13:42 - [MESSAGE][PASSED] - Delayed 1 second(s)

2019-11-04 10:13:42 - [TEST_STEP][PASSED] - click(findTestObject("AgilePointNX Metadata/NextButton")): Object: 'Object Repository/AgilePointNX Metadata/NextButton' is clicked on

2019-11-04 10:13:43 - [MESSAGE][PASSED] - Object: 'Object Repository/AgilePointNX Metadata/NextButton' is clicked on

2019-11-04 10:13:43 - [TEST_STEP][PASSED] - delay(1): Delayed 1 second(s)

2019-11-04 10:13:44 - [MESSAGE][PASSED] - Delayed 1 second(s)]]></system-out>
         <system-err><![CDATA[]]></system-err>
      </testcase>
      <testcase name="Test Cases/HelpText" time="13.284" classname="Test Cases/HelpText" status="PASSED">
         <system-out><![CDATA[2019-11-04 10:13:44 - [TEST_CASE][PASSED] - Test Cases/HelpText: Test Cases/HelpText

2019-11-04 10:13:44 - [TEST_STEP][PASSED] - verifyElementAttributeValue(findTestObject("HelpText/HoverOnLabel_Empty"), "title", "", 1): Object 'Object Repository/HelpText/HoverOnLabel_Empty' has attribute 'title' with value ''

2019-11-04 10:13:45 - [MESSAGE][PASSED] - Object 'Object Repository/HelpText/HoverOnLabel_Empty' has attribute 'title' with value ''

2019-11-04 10:13:45 - [TEST_STEP][PASSED] - verifyElementAttributeValue(findTestObject("HelpText/SpecialHelpText"), "title", "`~!@#$%^&*()_+{}|:"<>? -= []\;',./", 1): Object 'Object Repository/HelpText/SpecialHelpText' has attribute 'title' with value '`~!@#$%^&*()_+{}|:"<>? -= []\;',./'

2019-11-04 10:13:45 - [MESSAGE][PASSED] - Object 'Object Repository/HelpText/SpecialHelpText' has attribute 'title' with value '`~!@#$%^&*()_+{}|:"<>? -= []\;',./'

2019-11-04 10:13:45 - [TEST_STEP][PASSED] - delay(1): Delayed 1 second(s)

2019-11-04 10:13:46 - [MESSAGE][PASSED] - Delayed 1 second(s)

2019-11-04 10:13:46 - [TEST_STEP][PASSED] - verifyElementAttributeValue(findTestObject("HelpText/HoverOnLabel_SC"), "title", "阿拉伯忧郁的乌龟", 1): Object 'Object Repository/HelpText/HoverOnLabel_SC' has attribute 'title' with value '阿拉伯忧郁的乌龟'

2019-11-04 10:13:47 - [MESSAGE][PASSED] - Object 'Object Repository/HelpText/HoverOnLabel_SC' has attribute 'title' with value '阿拉伯忧郁的乌龟'

2019-11-04 10:13:47 - [TEST_STEP][PASSED] - verifyElementAttributeValue(findTestObject("HelpText/HoverOnLabel_TC"), "title", "阿拉伯憂鬱的烏龜", 1): Object 'Object Repository/HelpText/HoverOnLabel_TC' has attribute 'title' with value '阿拉伯憂鬱的烏龜'

2019-11-04 10:13:47 - [MESSAGE][PASSED] - Object 'Object Repository/HelpText/HoverOnLabel_TC' has attribute 'title' with value '阿拉伯憂鬱的烏龜'

2019-11-04 10:13:47 - [TEST_STEP][PASSED] - verifyElementAttributeValue(findTestObject("HelpText/HoverOnField_TC"), "title", "阿拉伯憂鬱的烏龜", 1): Object 'Object Repository/HelpText/HoverOnField_TC' has attribute 'title' with value '阿拉伯憂鬱的烏龜'

2019-11-04 10:13:47 - [MESSAGE][PASSED] - Object 'Object Repository/HelpText/HoverOnField_TC' has attribute 'title' with value '阿拉伯憂鬱的烏龜'

2019-11-04 10:13:47 - [TEST_STEP][PASSED] - delay(1): Delayed 1 second(s)

2019-11-04 10:13:48 - [MESSAGE][PASSED] - Delayed 1 second(s)

2019-11-04 10:13:48 - [TEST_STEP][PASSED] - verifyElementAttributeValue(findTestObject("HelpText/HT_JP"), "title", "アラブの憂鬱なカメ", 1): Object 'Object Repository/HelpText/HT_JP' has attribute 'title' with value 'アラブの憂鬱なカメ'

2019-11-04 10:13:49 - [MESSAGE][PASSED] - Object 'Object Repository/HelpText/HT_JP' has attribute 'title' with value 'アラブの憂鬱なカメ'

2019-11-04 10:13:49 - [TEST_STEP][PASSED] - delay(1): Delayed 1 second(s)

2019-11-04 10:13:50 - [MESSAGE][PASSED] - Delayed 1 second(s)

2019-11-04 10:13:50 - [TEST_STEP][PASSED] - verifyElementAttributeValue(findTestObject("HelpText/HT_HB"), "title", "אחר צהריים טובים", 1): Object 'Object Repository/HelpText/HT_HB' has attribute 'title' with value 'אחר צהריים טובים'

2019-11-04 10:13:50 - [MESSAGE][PASSED] - Object 'Object Repository/HelpText/HT_HB' has attribute 'title' with value 'אחר צהריים טובים'

2019-11-04 10:13:50 - [TEST_STEP][PASSED] - delay(1): Delayed 1 second(s)

2019-11-04 10:13:51 - [MESSAGE][PASSED] - Delayed 1 second(s)

2019-11-04 10:13:51 - [TEST_STEP][PASSED] - verifyElementAttributeValue(findTestObject("HelpText/HT_NumberAndSpace"), "title", "234  567 8", 1): Object 'Object Repository/HelpText/HT_NumberAndSpace' has attribute 'title' with value '234  567 8'

2019-11-04 10:13:51 - [MESSAGE][PASSED] - Object 'Object Repository/HelpText/HT_NumberAndSpace' has attribute 'title' with value '234  567 8'

2019-11-04 10:13:51 - [TEST_STEP][PASSED] - delay(1): Delayed 1 second(s)

2019-11-04 10:13:52 - [MESSAGE][PASSED] - Delayed 1 second(s)

2019-11-04 10:13:52 - [TEST_STEP][PASSED] - verifyElementAttributeValue(findTestObject("HelpText/HT_GlobalData"), "title", sss, 1): Object 'Object Repository/HelpText/HT_GlobalData' has attribute 'title' with value 'rr'

2019-11-04 10:13:53 - [MESSAGE][PASSED] - Object 'Object Repository/HelpText/HT_GlobalData' has attribute 'title' with value 'rr'

2019-11-04 10:13:53 - [TEST_STEP][PASSED] - delay(1): Delayed 1 second(s)

2019-11-04 10:13:54 - [MESSAGE][PASSED] - Delayed 1 second(s)

2019-11-04 10:13:54 - [TEST_STEP][PASSED] - verifyElementAttributeValue(findTestObject("HelpText/HoverOnLabel_GlobalTranslationKey_Label"), "title", "Test 1", 1): Object 'Object Repository/HelpText/HoverOnLabel_GlobalTranslationKey_Label' has attribute 'title' with value 'Test 1'

2019-11-04 10:13:54 - [MESSAGE][PASSED] - Object 'Object Repository/HelpText/HoverOnLabel_GlobalTranslationKey_Label' has attribute 'title' with value 'Test 1'

2019-11-04 10:13:54 - [TEST_STEP][PASSED] - delay(1): Delayed 1 second(s)

2019-11-04 10:13:55 - [MESSAGE][PASSED] - Delayed 1 second(s)

2019-11-04 10:13:55 - [TEST_STEP][PASSED] - verifyElementAttributeValue(findTestObject("HelpText/Long_HelpText"), "title", "This is a long help text!This is a long help text!This is a long help text!This is a long help text!This is a long help text!This is a long help text!This is a long help text!This is a long help text!This is a long help text!This is a long help text!This is a long help text!This is a long help text!This is a long help text!This is a long help text!This is a long help text!This is a long help text!This is a long help text!This is a long help text!This is a long help text!This is a long help text!This is a long help text!This is a long help text!This is a long help text!This is a long help text!This is a long help text!This is a long help text!This is a long help text!This is a long help text!This is a long help text!This is a long help text!This is a long help text!This is a long help text!This is a long help text!This is a long help text!This is a long help text!This is a long help text!This is a long help text!This is a long help text!This is a long help text!This is a long help text!", 1): Object 'Object Repository/HelpText/Long_HelpText' has attribute 'title' with value 'This is a long help text!This is a long help text!This is a long help text!This is a long help text!This is a long help text!This is a long help text!This is a long help text!This is a long help text!This is a long help text!This is a long help text!This is a long help text!This is a long help text!This is a long help text!This is a long help text!This is a long help text!This is a long help text!This is a long help text!This is a long help text!This is a long help text!This is a long help text!This is a long help text!This is a long help text!This is a long help text!This is a long help text!This is a long help text!This is a long help text!This is a long help text!This is a long help text!This is a long help text!This is a long help text!This is a long help text!This is a long help text!This is a long help text!This is a long help text!This is a long help text!This is a long help text!This is a long help text!This is a long help text!This is a long help text!This is a long help text!'

2019-11-04 10:13:56 - [MESSAGE][PASSED] - Object 'Object Repository/HelpText/Long_HelpText' has attribute 'title' with value 'This is a long help text!This is a long help text!This is a long help text!This is a long help text!This is a long help text!This is a long help text!This is a long help text!This is a long help text!This is a long help text!This is a long help text!This is a long help text!This is a long help text!This is a long help text!This is a long help text!This is a long help text!This is a long help text!This is a long help text!This is a long help text!This is a long help text!This is a long help text!This is a long help text!This is a long help text!This is a long help text!This is a long help text!This is a long help text!This is a long help text!This is a long help text!This is a long help text!This is a long help text!This is a long help text!This is a long help text!This is a long help text!This is a long help text!This is a long help text!This is a long help text!This is a long help text!This is a long help text!This is a long help text!This is a long help text!This is a long help text!'

2019-11-04 10:13:56 - [TEST_STEP][PASSED] - click(findTestObject("AgilePointNX Metadata/NextButton")): Object: 'Object Repository/AgilePointNX Metadata/NextButton' is clicked on

2019-11-04 10:13:56 - [MESSAGE][PASSED] - Object: 'Object Repository/AgilePointNX Metadata/NextButton' is clicked on

2019-11-04 10:13:56 - [TEST_STEP][PASSED] - delay(1): Delayed 1 second(s)

2019-11-04 10:13:57 - [MESSAGE][PASSED] - Delayed 1 second(s)]]></system-out>
         <system-err><![CDATA[]]></system-err>
      </testcase>
      <testcase name="Test Cases/Mandatory" time="18.081" classname="Test Cases/Mandatory" status="PASSED">
         <system-out><![CDATA[2019-11-04 10:13:58 - [TEST_CASE][PASSED] - Test Cases/Mandatory: Test Cases/Mandatory

2019-11-04 10:13:58 - [TEST_STEP][PASSED] - click(findTestObject("AgilePointNX Metadata/SubmitForm")): Object: 'Object Repository/AgilePointNX Metadata/SubmitForm' is clicked on

2019-11-04 10:13:59 - [MESSAGE][PASSED] - Object: 'Object Repository/AgilePointNX Metadata/SubmitForm' is clicked on

2019-11-04 10:13:59 - [TEST_STEP][PASSED] - delay(1): Delayed 1 second(s)

2019-11-04 10:14:00 - [MESSAGE][PASSED] - Delayed 1 second(s)

2019-11-04 10:14:00 - [TEST_STEP][PASSED] - click(findTestObject("AgilePointNX Metadata/CloseError")): Object: 'Object Repository/AgilePointNX Metadata/CloseError' is clicked on

2019-11-04 10:14:00 - [MESSAGE][PASSED] - Object: 'Object Repository/AgilePointNX Metadata/CloseError' is clicked on

2019-11-04 10:14:00 - [TEST_STEP][PASSED] - verifyElementText(findTestObject("4.Mandatory/NotMandatory"), ""): Actual text and expected text of test object 'Object Repository/4.Mandatory/NotMandatory' are matched.

2019-11-04 10:14:01 - [MESSAGE][PASSED] - Actual text and expected text of test object 'Object Repository/4.Mandatory/NotMandatory' are matched.

2019-11-04 10:14:01 - [TEST_STEP][PASSED] - delay(1): Delayed 1 second(s)

2019-11-04 10:14:02 - [MESSAGE][PASSED] - Delayed 1 second(s)

2019-11-04 10:14:02 - [TEST_STEP][PASSED] - verifyElementText(findTestObject("4.Mandatory/Mandatory_Default_Message"), "Choose Options from the M_Default"): Actual text and expected text of test object 'Object Repository/4.Mandatory/Mandatory_Default_Message' are matched.

2019-11-04 10:14:02 - [MESSAGE][PASSED] - Actual text and expected text of test object 'Object Repository/4.Mandatory/Mandatory_Default_Message' are matched.

2019-11-04 10:14:02 - [TEST_STEP][PASSED] - delay(1): Delayed 1 second(s)

2019-11-04 10:14:03 - [MESSAGE][PASSED] - Delayed 1 second(s)

2019-11-04 10:14:03 - [TEST_STEP][PASSED] - click(findTestObject("4.Mandatory/M_Default_Click")): Object: 'Object Repository/4.Mandatory/M_Default_Click' is clicked on

2019-11-04 10:14:04 - [MESSAGE][PASSED] - Object: 'Object Repository/4.Mandatory/M_Default_Click' is clicked on

2019-11-04 10:14:04 - [TEST_STEP][PASSED] - click(findTestObject("4.Mandatory/Mandatory_Default")): Object: 'Object Repository/4.Mandatory/Mandatory_Default' is clicked on

2019-11-04 10:14:04 - [MESSAGE][PASSED] - Object: 'Object Repository/4.Mandatory/Mandatory_Default' is clicked on

2019-11-04 10:14:04 - [TEST_STEP][PASSED] - verifyElementText(findTestObject("4.Mandatory/Mandatory_SC_Message"), "请在 M_SC选择一个选项"): Actual text and expected text of test object 'Object Repository/4.Mandatory/Mandatory_SC_Message' are matched.

2019-11-04 10:14:05 - [MESSAGE][PASSED] - Actual text and expected text of test object 'Object Repository/4.Mandatory/Mandatory_SC_Message' are matched.

2019-11-04 10:14:05 - [TEST_STEP][PASSED] - click(findTestObject("4.Mandatory/M_SC_Click")): Object: 'Object Repository/4.Mandatory/M_SC_Click' is clicked on

2019-11-04 10:14:06 - [MESSAGE][PASSED] - Object: 'Object Repository/4.Mandatory/M_SC_Click' is clicked on

2019-11-04 10:14:06 - [TEST_STEP][PASSED] - click(findTestObject("4.Mandatory/Mandatory_SC")): Object: 'Object Repository/4.Mandatory/Mandatory_SC' is clicked on

2019-11-04 10:14:06 - [MESSAGE][PASSED] - Object: 'Object Repository/4.Mandatory/Mandatory_SC' is clicked on

2019-11-04 10:14:06 - [TEST_STEP][PASSED] - verifyElementText(findTestObject("4.Mandatory/Mandatory_JP_Message"), "オプションを選択してください"): Actual text and expected text of test object 'Object Repository/4.Mandatory/Mandatory_JP_Message' are matched.

2019-11-04 10:14:07 - [MESSAGE][PASSED] - Actual text and expected text of test object 'Object Repository/4.Mandatory/Mandatory_JP_Message' are matched.

2019-11-04 10:14:07 - [TEST_STEP][PASSED] - click(findTestObject("4.Mandatory/M_JP_Click")): Object: 'Object Repository/4.Mandatory/M_JP_Click' is clicked on

2019-11-04 10:14:08 - [MESSAGE][PASSED] - Object: 'Object Repository/4.Mandatory/M_JP_Click' is clicked on

2019-11-04 10:14:08 - [TEST_STEP][PASSED] - click(findTestObject("4.Mandatory/Mandatory_JP")): Object: 'Object Repository/4.Mandatory/Mandatory_JP' is clicked on

2019-11-04 10:14:08 - [MESSAGE][PASSED] - Object: 'Object Repository/4.Mandatory/Mandatory_JP' is clicked on

2019-11-04 10:14:08 - [TEST_STEP][PASSED] - verifyElementText(findTestObject("4.Mandatory/Mandatory_GlobalData_Message"), sss): Actual text and expected text of test object 'Object Repository/4.Mandatory/Mandatory_GlobalData_Message' are matched.

2019-11-04 10:14:09 - [MESSAGE][PASSED] - Actual text and expected text of test object 'Object Repository/4.Mandatory/Mandatory_GlobalData_Message' are matched.

2019-11-04 10:14:09 - [TEST_STEP][PASSED] - click(findTestObject("4.Mandatory/M_Global_Click")): Object: 'Object Repository/4.Mandatory/M_Global_Click' is clicked on

2019-11-04 10:14:09 - [MESSAGE][PASSED] - Object: 'Object Repository/4.Mandatory/M_Global_Click' is clicked on

2019-11-04 10:14:09 - [TEST_STEP][PASSED] - click(findTestObject("4.Mandatory/Mandatory_GlobalData")): Object: 'Object Repository/4.Mandatory/Mandatory_GlobalData' is clicked on

2019-11-04 10:14:10 - [MESSAGE][PASSED] - Object: 'Object Repository/4.Mandatory/Mandatory_GlobalData' is clicked on

2019-11-04 10:14:10 - [TEST_STEP][PASSED] - delay(1): Delayed 1 second(s)

2019-11-04 10:14:11 - [MESSAGE][PASSED] - Delayed 1 second(s)

2019-11-04 10:14:11 - [TEST_STEP][PASSED] - setText(findTestObject("4.Mandatory/AcceptCustomValue"), "efg"): Text 'efg' is set on object 'Object Repository/4.Mandatory/AcceptCustomValue'

2019-11-04 10:14:12 - [MESSAGE][PASSED] - Text 'efg' is set on object 'Object Repository/4.Mandatory/AcceptCustomValue'

2019-11-04 10:14:12 - [TEST_STEP][PASSED] - click(findTestObject("4.Mandatory/Accept_Label")): Object: 'Object Repository/4.Mandatory/Accept_Label' is clicked on

2019-11-04 10:14:13 - [MESSAGE][PASSED] - Object: 'Object Repository/4.Mandatory/Accept_Label' is clicked on

2019-11-04 10:14:13 - [TEST_STEP][PASSED] - verifyElementPresent(findTestObject("4.Mandatory/VerifyCustom"), 1): Object 'Object Repository/4.Mandatory/VerifyCustom' is present

2019-11-04 10:14:13 - [MESSAGE][PASSED] - Object 'Object Repository/4.Mandatory/VerifyCustom' is present

2019-11-04 10:14:13 - [TEST_STEP][PASSED] - delay(1): Delayed 1 second(s)

2019-11-04 10:14:14 - [MESSAGE][PASSED] - Delayed 1 second(s)

2019-11-04 10:14:14 - [TEST_STEP][PASSED] - click(findTestObject("AgilePointNX Metadata/NextButton")): Object: 'Object Repository/AgilePointNX Metadata/NextButton' is clicked on

2019-11-04 10:14:15 - [MESSAGE][PASSED] - Object: 'Object Repository/AgilePointNX Metadata/NextButton' is clicked on

2019-11-04 10:14:15 - [TEST_STEP][PASSED] - delay(1): Delayed 1 second(s)

2019-11-04 10:14:16 - [MESSAGE][PASSED] - Delayed 1 second(s)]]></system-out>
         <system-err><![CDATA[]]></system-err>
      </testcase>
      <testcase name="Test Cases/ListType" time="33.972" classname="Test Cases/ListType" status="PASSED">
         <system-out><![CDATA[2019-11-04 10:14:16 - [TEST_CASE][PASSED] - Test Cases/ListType: Test Cases/ListType

2019-11-04 10:14:16 - [TEST_STEP][PASSED] - click(findTestObject("5.InlineList/Inlist1_Click")): Object: 'Object Repository/5.InlineList/Inlist1_Click' is clicked on

2019-11-04 10:14:16 - [MESSAGE][PASSED] - Object: 'Object Repository/5.InlineList/Inlist1_Click' is clicked on

2019-11-04 10:14:16 - [TEST_STEP][PASSED] - click(findTestObject("5.InlineList/InList1_O1")): Object: 'Object Repository/5.InlineList/InList1_O1' is clicked on

2019-11-04 10:14:17 - [MESSAGE][PASSED] - Object: 'Object Repository/5.InlineList/InList1_O1' is clicked on

2019-11-04 10:14:17 - [TEST_STEP][PASSED] - click(findTestObject("5.InlineList/Inlist1_Click")): Object: 'Object Repository/5.InlineList/Inlist1_Click' is clicked on

2019-11-04 10:14:18 - [MESSAGE][PASSED] - Object: 'Object Repository/5.InlineList/Inlist1_Click' is clicked on

2019-11-04 10:14:18 - [TEST_STEP][PASSED] - click(findTestObject("5.InlineList/InlineList1")): Object: 'Object Repository/5.InlineList/InlineList1' is clicked on

2019-11-04 10:14:19 - [MESSAGE][PASSED] - Object: 'Object Repository/5.InlineList/InlineList1' is clicked on

2019-11-04 10:14:19 - [TEST_STEP][PASSED] - click(findTestObject("5.InlineList/Inlist1_Click")): Object: 'Object Repository/5.InlineList/Inlist1_Click' is clicked on

2019-11-04 10:14:20 - [MESSAGE][PASSED] - Object: 'Object Repository/5.InlineList/Inlist1_Click' is clicked on

2019-11-04 10:14:20 - [TEST_STEP][PASSED] - click(findTestObject("5.InlineList/InList1_O3")): Object: 'Object Repository/5.InlineList/InList1_O3' is clicked on

2019-11-04 10:14:20 - [MESSAGE][PASSED] - Object: 'Object Repository/5.InlineList/InList1_O3' is clicked on

2019-11-04 10:14:20 - [TEST_STEP][PASSED] - click(findTestObject("5.InlineList/InList2_Click")): Object: 'Object Repository/5.InlineList/InList2_Click' is clicked on

2019-11-04 10:14:21 - [MESSAGE][PASSED] - Object: 'Object Repository/5.InlineList/InList2_Click' is clicked on

2019-11-04 10:14:21 - [TEST_STEP][PASSED] - click(findTestObject("5.InlineList/InlineList2")): Object: 'Object Repository/5.InlineList/InlineList2' is clicked on

2019-11-04 10:14:22 - [MESSAGE][PASSED] - Object: 'Object Repository/5.InlineList/InlineList2' is clicked on

2019-11-04 10:14:22 - [TEST_STEP][PASSED] - click(findTestObject("5.InlineList/InList3_Click")): Object: 'Object Repository/5.InlineList/InList3_Click' is clicked on

2019-11-04 10:14:23 - [MESSAGE][PASSED] - Object: 'Object Repository/5.InlineList/InList3_Click' is clicked on

2019-11-04 10:14:23 - [TEST_STEP][PASSED] - click(findTestObject("5.InlineList/InlineList3")): Object: 'Object Repository/5.InlineList/InlineList3' is clicked on

2019-11-04 10:14:24 - [MESSAGE][PASSED] - Object: 'Object Repository/5.InlineList/InlineList3' is clicked on

2019-11-04 10:14:24 - [TEST_STEP][PASSED] - click(findTestObject("5.InlineList/InList4_Click")): Object: 'Object Repository/5.InlineList/InList4_Click' is clicked on

2019-11-04 10:14:25 - [MESSAGE][PASSED] - Object: 'Object Repository/5.InlineList/InList4_Click' is clicked on

2019-11-04 10:14:25 - [TEST_STEP][PASSED] - click(findTestObject("5.InlineList/InlineList4")): Object: 'Object Repository/5.InlineList/InlineList4' is clicked on

2019-11-04 10:14:26 - [MESSAGE][PASSED] - Object: 'Object Repository/5.InlineList/InlineList4' is clicked on

2019-11-04 10:14:26 - [TEST_STEP][PASSED] - click(findTestObject("5.InlineList/InList5_Click")): Object: 'Object Repository/5.InlineList/InList5_Click' is clicked on

2019-11-04 10:14:27 - [MESSAGE][PASSED] - Object: 'Object Repository/5.InlineList/InList5_Click' is clicked on

2019-11-04 10:14:27 - [TEST_STEP][PASSED] - click(findTestObject("5.InlineList/InlineList5")): Object: 'Object Repository/5.InlineList/InlineList5' is clicked on

2019-11-04 10:14:28 - [MESSAGE][PASSED] - Object: 'Object Repository/5.InlineList/InlineList5' is clicked on

2019-11-04 10:14:28 - [TEST_STEP][PASSED] - verifyElementPresent(findTestObject("5.InlineList/InlineList6_VerifyDefault"), 1, STOP_ON_FAILURE): Object 'Object Repository/5.InlineList/InlineList6_VerifyDefault' is present

2019-11-04 10:14:28 - [MESSAGE][PASSED] - Object 'Object Repository/5.InlineList/InlineList6_VerifyDefault' is present

2019-11-04 10:14:28 - [TEST_STEP][PASSED] - delay(1): Delayed 1 second(s)

2019-11-04 10:14:29 - [MESSAGE][PASSED] - Delayed 1 second(s)

2019-11-04 10:14:29 - [TEST_STEP][PASSED] - click(findTestObject("6.PredefinedList/PL_Countries_Click")): Object: 'Object Repository/6.PredefinedList/PL_Countries_Click' is clicked on

2019-11-04 10:14:30 - [MESSAGE][PASSED] - Object: 'Object Repository/6.PredefinedList/PL_Countries_Click' is clicked on

2019-11-04 10:14:30 - [TEST_STEP][PASSED] - click(findTestObject("6.PredefinedList/PreList_Countries")): Object: 'Object Repository/6.PredefinedList/PreList_Countries' is clicked on

2019-11-04 10:14:31 - [MESSAGE][PASSED] - Object: 'Object Repository/6.PredefinedList/PreList_Countries' is clicked on

2019-11-04 10:14:31 - [TEST_STEP][PASSED] - click(findTestObject("6.PredefinedList/PL_Locale_Click")): Object: 'Object Repository/6.PredefinedList/PL_Locale_Click' is clicked on

2019-11-04 10:14:32 - [MESSAGE][PASSED] - Object: 'Object Repository/6.PredefinedList/PL_Locale_Click' is clicked on

2019-11-04 10:14:32 - [TEST_STEP][PASSED] - click(findTestObject("6.PredefinedList/PreList_Locale")): Object: 'Object Repository/6.PredefinedList/PreList_Locale' is clicked on

2019-11-04 10:14:32 - [MESSAGE][PASSED] - Object: 'Object Repository/6.PredefinedList/PreList_Locale' is clicked on

2019-11-04 10:14:32 - [TEST_STEP][PASSED] - click(findTestObject("6.PredefinedList/PL_Custom_Click")): Object: 'Object Repository/6.PredefinedList/PL_Custom_Click' is clicked on

2019-11-04 10:14:33 - [MESSAGE][PASSED] - Object: 'Object Repository/6.PredefinedList/PL_Custom_Click' is clicked on

2019-11-04 10:14:33 - [TEST_STEP][PASSED] - click(findTestObject("6.PredefinedList/PreList_Custom")): Object: 'Object Repository/6.PredefinedList/PreList_Custom' is clicked on

2019-11-04 10:14:34 - [MESSAGE][PASSED] - Object: 'Object Repository/6.PredefinedList/PreList_Custom' is clicked on

2019-11-04 10:14:34 - [TEST_STEP][PASSED] - delay(1): Delayed 1 second(s)

2019-11-04 10:14:35 - [MESSAGE][PASSED] - Delayed 1 second(s)

2019-11-04 10:14:35 - [TEST_STEP][PASSED] - click(findTestObject("7.PickList/PList1_Click")): Object: 'Object Repository/7.PickList/PList1_Click' is clicked on

2019-11-04 10:14:36 - [MESSAGE][PASSED] - Object: 'Object Repository/7.PickList/PList1_Click' is clicked on

2019-11-04 10:14:36 - [TEST_STEP][PASSED] - click(findTestObject("7.PickList/PickList1")): Object: 'Object Repository/7.PickList/PickList1' is clicked on

2019-11-04 10:14:36 - [MESSAGE][PASSED] - Object: 'Object Repository/7.PickList/PickList1' is clicked on

2019-11-04 10:14:36 - [TEST_STEP][PASSED] - click(findTestObject("7.PickList/PList_Custom_Click")): Object: 'Object Repository/7.PickList/PList_Custom_Click' is clicked on

2019-11-04 10:14:37 - [MESSAGE][PASSED] - Object: 'Object Repository/7.PickList/PList_Custom_Click' is clicked on

2019-11-04 10:14:37 - [TEST_STEP][PASSED] - click(findTestObject("7.PickList/PickList_Custom")): Object: 'Object Repository/7.PickList/PickList_Custom' is clicked on

2019-11-04 10:14:38 - [MESSAGE][PASSED] - Object: 'Object Repository/7.PickList/PickList_Custom' is clicked on

2019-11-04 10:14:38 - [TEST_STEP][PASSED] - delay(1): Delayed 1 second(s)

2019-11-04 10:14:39 - [MESSAGE][PASSED] - Delayed 1 second(s)

2019-11-04 10:14:39 - [TEST_STEP][PASSED] - click(findTestObject("8.Lookup/Lookup1_DB1_Click")): Object: 'Object Repository/8.Lookup/Lookup1_DB1_Click' is clicked on

2019-11-04 10:14:40 - [MESSAGE][PASSED] - Object: 'Object Repository/8.Lookup/Lookup1_DB1_Click' is clicked on

2019-11-04 10:14:40 - [TEST_STEP][PASSED] - click(findTestObject("8.Lookup/Lookup_DB1")): Object: 'Object Repository/8.Lookup/Lookup_DB1' is clicked on

2019-11-04 10:14:40 - [MESSAGE][PASSED] - Object: 'Object Repository/8.Lookup/Lookup_DB1' is clicked on

2019-11-04 10:14:40 - [TEST_STEP][PASSED] - click(findTestObject("8.Lookup/Lookup2_DB2_Click")): Object: 'Object Repository/8.Lookup/Lookup2_DB2_Click' is clicked on

2019-11-04 10:14:41 - [MESSAGE][PASSED] - Object: 'Object Repository/8.Lookup/Lookup2_DB2_Click' is clicked on

2019-11-04 10:14:41 - [TEST_STEP][PASSED] - click(findTestObject("8.Lookup/Lookup_DB2")): Object: 'Object Repository/8.Lookup/Lookup_DB2' is clicked on

2019-11-04 10:14:42 - [MESSAGE][PASSED] - Object: 'Object Repository/8.Lookup/Lookup_DB2' is clicked on

2019-11-04 10:14:42 - [TEST_STEP][PASSED] - click(findTestObject("8.Lookup/Lookup3_DE_Click")): Object: 'Object Repository/8.Lookup/Lookup3_DE_Click' is clicked on

2019-11-04 10:14:43 - [MESSAGE][PASSED] - Object: 'Object Repository/8.Lookup/Lookup3_DE_Click' is clicked on

2019-11-04 10:14:43 - [TEST_STEP][PASSED] - click(findTestObject("8.Lookup/Lookup_DE")): Object: 'Object Repository/8.Lookup/Lookup_DE' is clicked on

2019-11-04 10:14:44 - [MESSAGE][PASSED] - Object: 'Object Repository/8.Lookup/Lookup_DE' is clicked on

2019-11-04 10:14:44 - [TEST_STEP][PASSED] - click(findTestObject("8.Lookup/Lookup4_DE2_Click")): Object: 'Object Repository/8.Lookup/Lookup4_DE2_Click' is clicked on

2019-11-04 10:14:45 - [MESSAGE][PASSED] - Object: 'Object Repository/8.Lookup/Lookup4_DE2_Click' is clicked on

2019-11-04 10:14:45 - [TEST_STEP][PASSED] - click(findTestObject("8.Lookup/Lookup_DE_Custom")): Object: 'Object Repository/8.Lookup/Lookup_DE_Custom' is clicked on

2019-11-04 10:14:45 - [MESSAGE][PASSED] - Object: 'Object Repository/8.Lookup/Lookup_DE_Custom' is clicked on

2019-11-04 10:14:45 - [TEST_STEP][PASSED] - click(findTestObject("8.Lookup/Lookup5_REST_Click")): Object: 'Object Repository/8.Lookup/Lookup5_REST_Click' is clicked on

2019-11-04 10:14:46 - [MESSAGE][PASSED] - Object: 'Object Repository/8.Lookup/Lookup5_REST_Click' is clicked on

2019-11-04 10:14:46 - [TEST_STEP][PASSED] - click(findTestObject("8.Lookup/Lookup_REST")): Object: 'Object Repository/8.Lookup/Lookup_REST' is clicked on

2019-11-04 10:14:47 - [MESSAGE][PASSED] - Object: 'Object Repository/8.Lookup/Lookup_REST' is clicked on

2019-11-04 10:14:47 - [TEST_STEP][PASSED] - delay(1): Delayed 1 second(s)

2019-11-04 10:14:48 - [MESSAGE][PASSED] - Delayed 1 second(s)

2019-11-04 10:14:48 - [TEST_STEP][PASSED] - click(findTestObject("AgilePointNX Metadata/NextButton")): Object: 'Object Repository/AgilePointNX Metadata/NextButton' is clicked on

2019-11-04 10:14:49 - [MESSAGE][PASSED] - Object: 'Object Repository/AgilePointNX Metadata/NextButton' is clicked on

2019-11-04 10:14:49 - [TEST_STEP][PASSED] - delay(1): Delayed 1 second(s)

2019-11-04 10:14:50 - [MESSAGE][PASSED] - Delayed 1 second(s)]]></system-out>
         <system-err><![CDATA[]]></system-err>
      </testcase>
      <testcase name="Test Cases/Behavior" time="7.449" classname="Test Cases/Behavior" status="PASSED">
         <system-out><![CDATA[2019-11-04 10:14:50 - [TEST_CASE][PASSED] - Test Cases/Behavior: Test Cases/Behavior

2019-11-04 10:14:50 - [TEST_STEP][PASSED] - delay(1): Delayed 1 second(s)

2019-11-04 10:14:51 - [MESSAGE][PASSED] - Delayed 1 second(s)

2019-11-04 10:14:51 - [TEST_STEP][PASSED] - verifyElementNotHasAttribute(findTestObject("Behavior/CheckEnable"), "disabled", 1, STOP_ON_FAILURE): Object 'Object Repository/Behavior/CheckEnable' does not have attribute 'disabled'

2019-11-04 10:14:51 - [MESSAGE][PASSED] - Object 'Object Repository/Behavior/CheckEnable' does not have attribute 'disabled'

2019-11-04 10:14:51 - [TEST_STEP][PASSED] - verifyElementAttributeValue(findTestObject("Behavior/CheckDisable"), "disabled", "true", 1): Object 'Object Repository/Behavior/CheckDisable' has attribute 'disabled' with value 'true'

2019-11-04 10:14:51 - [MESSAGE][PASSED] - Object 'Object Repository/Behavior/CheckDisable' has attribute 'disabled' with value 'true'

2019-11-04 10:14:51 - [TEST_STEP][PASSED] - delay(1): Delayed 1 second(s)

2019-11-04 10:14:52 - [MESSAGE][PASSED] - Delayed 1 second(s)

2019-11-04 10:14:52 - [TEST_STEP][PASSED] - delay(1): Delayed 1 second(s)

2019-11-04 10:14:53 - [MESSAGE][PASSED] - Delayed 1 second(s)

2019-11-04 10:14:53 - [TEST_STEP][PASSED] - verifyElementVisible(findTestObject("Behavior/Visible")): Object 'Object Repository/Behavior/Visible' is visible

2019-11-04 10:14:54 - [MESSAGE][PASSED] - Object 'Object Repository/Behavior/Visible' is visible

2019-11-04 10:14:54 - [TEST_STEP][PASSED] - verifyElementNotVisible(findTestObject("Behavior/Invisable")): Object 'Object Repository/Behavior/Invisable' is NOT visible

2019-11-04 10:14:54 - [MESSAGE][PASSED] - Object 'Object Repository/Behavior/Invisable' is NOT visible

2019-11-04 10:14:54 - [TEST_STEP][PASSED] - delay(1): Delayed 1 second(s)

2019-11-04 10:14:55 - [MESSAGE][PASSED] - Delayed 1 second(s)

2019-11-04 10:14:55 - [TEST_STEP][PASSED] - click(findTestObject("AgilePointNX Metadata/NextButton")): Object: 'Object Repository/AgilePointNX Metadata/NextButton' is clicked on

2019-11-04 10:14:56 - [MESSAGE][PASSED] - Object: 'Object Repository/AgilePointNX Metadata/NextButton' is clicked on

2019-11-04 10:14:56 - [TEST_STEP][PASSED] - delay(1): Delayed 1 second(s)

2019-11-04 10:14:57 - [MESSAGE][PASSED] - Delayed 1 second(s)]]></system-out>
         <system-err><![CDATA[]]></system-err>
      </testcase>
      <testcase name="Test Cases/Advanced" time="10.117" classname="Test Cases/Advanced" status="PASSED">
         <system-out><![CDATA[2019-11-04 10:14:57 - [TEST_CASE][PASSED] - Test Cases/Advanced: Test Cases/Advanced

2019-11-04 10:14:57 - [TEST_STEP][PASSED] - click(findTestObject("Advanced/Blur_Click")): Object: 'Object Repository/Advanced/Blur_Click' is clicked on

2019-11-04 10:14:58 - [MESSAGE][PASSED] - Object: 'Object Repository/Advanced/Blur_Click' is clicked on

2019-11-04 10:14:58 - [TEST_STEP][PASSED] - click(findTestObject("Advanced/Change_Click")): Object: 'Object Repository/Advanced/Change_Click' is clicked on

2019-11-04 10:14:59 - [MESSAGE][PASSED] - Object: 'Object Repository/Advanced/Change_Click' is clicked on

2019-11-04 10:14:59 - [TEST_STEP][PASSED] - waitForAlert(1): Alert is present after 1 second(s).

2019-11-04 10:14:59 - [MESSAGE][PASSED] - Alert is present after 1 second(s).

2019-11-04 10:14:59 - [TEST_STEP][PASSED] - acceptAlert(): Alert accepted

2019-11-04 10:14:59 - [MESSAGE][PASSED] - Alert accepted

2019-11-04 10:14:59 - [TEST_STEP][PASSED] - click(findTestObject("Advanced/JS_Change")): Object: 'Object Repository/Advanced/JS_Change' is clicked on

2019-11-04 10:15:00 - [MESSAGE][PASSED] - Object: 'Object Repository/Advanced/JS_Change' is clicked on

2019-11-04 10:15:00 - [TEST_STEP][PASSED] - waitForAlert(1): Alert is present after 1 second(s).

2019-11-04 10:15:00 - [MESSAGE][PASSED] - Alert is present after 1 second(s).

2019-11-04 10:15:00 - [TEST_STEP][PASSED] - acceptAlert(): Alert accepted

2019-11-04 10:15:00 - [MESSAGE][PASSED] - Alert accepted

2019-11-04 10:15:00 - [TEST_STEP][PASSED] - delay(1): Delayed 1 second(s)

2019-11-04 10:15:01 - [MESSAGE][PASSED] - Delayed 1 second(s)

2019-11-04 10:15:01 - [TEST_STEP][PASSED] - click(findTestObject("Advanced/Persist_Click")): Object: 'Object Repository/Advanced/Persist_Click' is clicked on

2019-11-04 10:15:01 - [MESSAGE][PASSED] - Object: 'Object Repository/Advanced/Persist_Click' is clicked on

2019-11-04 10:15:01 - [TEST_STEP][PASSED] - click(findTestObject("Advanced/Persist")): Object: 'Object Repository/Advanced/Persist' is clicked on

2019-11-04 10:15:02 - [MESSAGE][PASSED] - Object: 'Object Repository/Advanced/Persist' is clicked on

2019-11-04 10:15:02 - [TEST_STEP][PASSED] - click(findTestObject("Advanced/NotPersist_Click")): Object: 'Object Repository/Advanced/NotPersist_Click' is clicked on

2019-11-04 10:15:03 - [MESSAGE][PASSED] - Object: 'Object Repository/Advanced/NotPersist_Click' is clicked on

2019-11-04 10:15:03 - [TEST_STEP][PASSED] - click(findTestObject("Advanced/NotPersist")): Object: 'Object Repository/Advanced/NotPersist' is clicked on

2019-11-04 10:15:03 - [MESSAGE][PASSED] - Object: 'Object Repository/Advanced/NotPersist' is clicked on

2019-11-04 10:15:03 - [TEST_STEP][PASSED] - delay(1): Delayed 1 second(s)

2019-11-04 10:15:04 - [MESSAGE][PASSED] - Delayed 1 second(s)

2019-11-04 10:15:04 - [TEST_STEP][PASSED] - click(findTestObject("AgilePointNX Metadata/NextButton")): Object: 'Object Repository/AgilePointNX Metadata/NextButton' is clicked on

2019-11-04 10:15:05 - [MESSAGE][PASSED] - Object: 'Object Repository/AgilePointNX Metadata/NextButton' is clicked on

2019-11-04 10:15:05 - [TEST_STEP][PASSED] - delay(2): Delayed 2 second(s)

2019-11-04 10:15:07 - [MESSAGE][PASSED] - Delayed 2 second(s)]]></system-out>
         <system-err><![CDATA[]]></system-err>
      </testcase>
      <testcase name="Test Cases/Rules" time="1.748" classname="Test Cases/Rules" status="FAILED">
         <failure type="FAILED" message="Test Cases/Rules FAILED.
Reason:
com.kms.katalon.core.exception.StepFailedException: Unable to verify object 'Object Repository/Rules/Rule_Show' is visible
	at com.kms.katalon.core.webui.keyword.internal.WebUIKeywordMain.stepFailed(WebUIKeywordMain.groovy:64)
	at com.kms.katalon.core.webui.keyword.internal.WebUIKeywordMain.runKeyword(WebUIKeywordMain.groovy:26)
	at com.kms.katalon.core.webui.keyword.builtin.VerifyElementVisibleKeyword.verifyElementVisible(VerifyElementVisibleKeyword.groovy:97)
	at com.kms.katalon.core.webui.keyword.builtin.VerifyElementVisibleKeyword.execute(VerifyElementVisibleKeyword.groovy:67)
	at com.kms.katalon.core.keyword.internal.KeywordExecutor.executeKeywordForPlatform(KeywordExecutor.groovy:60)
	at com.kms.katalon.core.webui.keyword.WebUiBuiltInKeywords.verifyElementVisible(WebUiBuiltInKeywords.groovy:372)
	at com.kms.katalon.core.webui.keyword.WebUiBuiltInKeywords$verifyElementVisible$15.call(Unknown Source)
	at Rules.run(Rules:20)
	at com.kms.katalon.core.main.ScriptEngine.run(ScriptEngine.java:194)
	at com.kms.katalon.core.main.ScriptEngine.runScriptAsRawText(ScriptEngine.java:119)
	at com.kms.katalon.core.main.TestCaseExecutor.runScript(TestCaseExecutor.java:337)
	at com.kms.katalon.core.main.TestCaseExecutor.doExecute(TestCaseExecutor.java:328)
	at com.kms.katalon.core.main.TestCaseExecutor.processExecutionPhase(TestCaseExecutor.java:307)
	at com.kms.katalon.core.main.TestCaseExecutor.accessMainPhase(TestCaseExecutor.java:299)
	at com.kms.katalon.core.main.TestCaseExecutor.execute(TestCaseExecutor.java:233)
	at com.kms.katalon.core.main.TestSuiteExecutor.accessTestCaseMainPhase(TestSuiteExecutor.java:169)
	at com.kms.katalon.core.main.TestSuiteExecutor.accessTestSuiteMainPhase(TestSuiteExecutor.java:142)
	at com.kms.katalon.core.main.TestSuiteExecutor.execute(TestSuiteExecutor.java:91)
	at com.kms.katalon.core.main.TestCaseMain.startTestSuite(TestCaseMain.java:157)
	at com.kms.katalon.core.main.TestCaseMain$startTestSuite$0.call(Unknown Source)
	at TempTestSuite1572833585598.run(TempTestSuite1572833585598.groovy:36)
Caused by: org.openqa.selenium.WebDriverException: [Exception... &quot;Component not initialized&quot;  nsresult: &quot;0xc1f30001 (NS_ERROR_NOT_INITIALIZED)&quot;  location: &quot;JS frame :: chrome://marionette/content/modal.js :: get window :: line 199&quot;  data: no]
Build info: version: '3.141.59', revision: 'e82be7d358', time: '2018-11-14T08:25:53'
System info: host: 'HZQA2', ip: '192.168.8.1', os.name: 'Windows 10', os.arch: 'amd64', os.version: '10.0', java.version: '1.8.0_181'
Driver info: com.kms.katalon.core.webui.driver.firefox.CGeckoDriver
Capabilities {acceptInsecureCerts: true, browserName: firefox, browserVersion: 70.0.1, javascriptEnabled: true, moz:accessibilityChecks: false, moz:buildID: 20191030021342, moz:geckodriverVersion: 0.25.0, moz:headless: false, moz:processID: 3828, moz:profile: C:\Users\Lynn\AppData\Local..., moz:shutdownTimeout: 60000, moz:useNonSpecCompliantPointerOrigin: false, moz:webdriverClick: true, pageLoadStrategy: normal, platform: WINDOWS, platformName: WINDOWS, platformVersion: 10.0, proxy: Proxy(direct), rotatable: false, setWindowRect: true, strictFileInteractability: false, timeouts: {implicit: 0, pageLoad: 300000, script: 30000}, unhandledPromptBehavior: dismiss and notify}
Session ID: 4c48f714-1d93-4179-93e3-64b553b77ab4
*** Element info: {Using=xpath, value=//div[@controlholdername='TextBox4']}
	at org.openqa.selenium.remote.http.W3CHttpResponseCodec.createException(W3CHttpResponseCodec.java:187)
	at org.openqa.selenium.remote.http.W3CHttpResponseCodec.decode(W3CHttpResponseCodec.java:122)
	at org.openqa.selenium.remote.http.W3CHttpResponseCodec.decode(W3CHttpResponseCodec.java:49)
	at org.openqa.selenium.remote.HttpCommandExecutor.execute(HttpCommandExecutor.java:158)
	at org.openqa.selenium.remote.service.DriverCommandExecutor.execute(DriverCommandExecutor.java:83)
	at org.openqa.selenium.remote.RemoteWebDriver.execute(RemoteWebDriver.java:552)
	at com.kms.katalon.selenium.driver.CFirefoxDriver.execute(CFirefoxDriver.java:27)
	at org.openqa.selenium.remote.RemoteWebDriver.findElements(RemoteWebDriver.java:353)
	at org.openqa.selenium.remote.RemoteWebDriver.findElementsByXPath(RemoteWebDriver.java:432)
	at org.openqa.selenium.By$ByXPath.findElements(By.java:348)
	at org.openqa.selenium.remote.RemoteWebDriver.findElements(RemoteWebDriver.java:311)
	at org.openqa.selenium.support.events.EventFiringWebDriver.lambda$new$1(EventFiringWebDriver.java:105)
	at com.sun.proxy.$Proxy8.findElements(Unknown Source)
	at org.openqa.selenium.support.events.EventFiringWebDriver.findElements(EventFiringWebDriver.java:182)
	at com.kms.katalon.core.webui.common.WebUiCommonHelper.findWebElements(WebUiCommonHelper.java:762)
	at com.kms.katalon.core.webui.common.WebUiCommonHelper.findWebElement(WebUiCommonHelper.java:1109)
	at com.kms.katalon.core.webui.keyword.internal.WebUIAbstractKeyword.findWebElement(WebUIAbstractKeyword.groovy:27)
	at com.kms.katalon.core.webui.keyword.builtin.VerifyElementVisibleKeyword$_verifyElementVisible_closure1.doCall(VerifyElementVisibleKeyword.groovy:78)
	at com.kms.katalon.core.webui.keyword.builtin.VerifyElementVisibleKeyword$_verifyElementVisible_closure1.call(VerifyElementVisibleKeyword.groovy)
	at com.kms.katalon.core.webui.keyword.internal.WebUIKeywordMain.runKeyword(WebUIKeywordMain.groovy:20)
	... 19 more
"/>
         <system-out><![CDATA[2019-11-04 10:15:07 - [TEST_CASE][FAILED] - Test Cases/Rules: Test Cases/Rules FAILED.
Reason:
com.kms.katalon.core.exception.StepFailedException: Unable to verify object 'Object Repository/Rules/Rule_Show' is visible
	at com.kms.katalon.core.webui.keyword.internal.WebUIKeywordMain.stepFailed(WebUIKeywordMain.groovy:64)
	at com.kms.katalon.core.webui.keyword.internal.WebUIKeywordMain.runKeyword(WebUIKeywordMain.groovy:26)
	at com.kms.katalon.core.webui.keyword.builtin.VerifyElementVisibleKeyword.verifyElementVisible(VerifyElementVisibleKeyword.groovy:97)
	at com.kms.katalon.core.webui.keyword.builtin.VerifyElementVisibleKeyword.execute(VerifyElementVisibleKeyword.groovy:67)
	at com.kms.katalon.core.keyword.internal.KeywordExecutor.executeKeywordForPlatform(KeywordExecutor.groovy:60)
	at com.kms.katalon.core.webui.keyword.WebUiBuiltInKeywords.verifyElementVisible(WebUiBuiltInKeywords.groovy:372)
	at com.kms.katalon.core.webui.keyword.WebUiBuiltInKeywords$verifyElementVisible$15.call(Unknown Source)
	at Rules.run(Rules:20)
	at com.kms.katalon.core.main.ScriptEngine.run(ScriptEngine.java:194)
	at com.kms.katalon.core.main.ScriptEngine.runScriptAsRawText(ScriptEngine.java:119)
	at com.kms.katalon.core.main.TestCaseExecutor.runScript(TestCaseExecutor.java:337)
	at com.kms.katalon.core.main.TestCaseExecutor.doExecute(TestCaseExecutor.java:328)
	at com.kms.katalon.core.main.TestCaseExecutor.processExecutionPhase(TestCaseExecutor.java:307)
	at com.kms.katalon.core.main.TestCaseExecutor.accessMainPhase(TestCaseExecutor.java:299)
	at com.kms.katalon.core.main.TestCaseExecutor.execute(TestCaseExecutor.java:233)
	at com.kms.katalon.core.main.TestSuiteExecutor.accessTestCaseMainPhase(TestSuiteExecutor.java:169)
	at com.kms.katalon.core.main.TestSuiteExecutor.accessTestSuiteMainPhase(TestSuiteExecutor.java:142)
	at com.kms.katalon.core.main.TestSuiteExecutor.execute(TestSuiteExecutor.java:91)
	at com.kms.katalon.core.main.TestCaseMain.startTestSuite(TestCaseMain.java:157)
	at com.kms.katalon.core.main.TestCaseMain$startTestSuite$0.call(Unknown Source)
	at TempTestSuite1572833585598.run(TempTestSuite1572833585598.groovy:36)
Caused by: org.openqa.selenium.WebDriverException: [Exception... "Component not initialized"  nsresult: "0xc1f30001 (NS_ERROR_NOT_INITIALIZED)"  location: "JS frame :: chrome://marionette/content/modal.js :: get window :: line 199"  data: no]
Build info: version: '3.141.59', revision: 'e82be7d358', time: '2018-11-14T08:25:53'
System info: host: 'HZQA2', ip: '192.168.8.1', os.name: 'Windows 10', os.arch: 'amd64', os.version: '10.0', java.version: '1.8.0_181'
Driver info: com.kms.katalon.core.webui.driver.firefox.CGeckoDriver
Capabilities {acceptInsecureCerts: true, browserName: firefox, browserVersion: 70.0.1, javascriptEnabled: true, moz:accessibilityChecks: false, moz:buildID: 20191030021342, moz:geckodriverVersion: 0.25.0, moz:headless: false, moz:processID: 3828, moz:profile: C:\Users\Lynn\AppData\Local..., moz:shutdownTimeout: 60000, moz:useNonSpecCompliantPointerOrigin: false, moz:webdriverClick: true, pageLoadStrategy: normal, platform: WINDOWS, platformName: WINDOWS, platformVersion: 10.0, proxy: Proxy(direct), rotatable: false, setWindowRect: true, strictFileInteractability: false, timeouts: {implicit: 0, pageLoad: 300000, script: 30000}, unhandledPromptBehavior: dismiss and notify}
Session ID: 4c48f714-1d93-4179-93e3-64b553b77ab4
*** Element info: {Using=xpath, value=//div[@controlholdername='TextBox4']}
	at org.openqa.selenium.remote.http.W3CHttpResponseCodec.createException(W3CHttpResponseCodec.java:187)
	at org.openqa.selenium.remote.http.W3CHttpResponseCodec.decode(W3CHttpResponseCodec.java:122)
	at org.openqa.selenium.remote.http.W3CHttpResponseCodec.decode(W3CHttpResponseCodec.java:49)
	at org.openqa.selenium.remote.HttpCommandExecutor.execute(HttpCommandExecutor.java:158)
	at org.openqa.selenium.remote.service.DriverCommandExecutor.execute(DriverCommandExecutor.java:83)
	at org.openqa.selenium.remote.RemoteWebDriver.execute(RemoteWebDriver.java:552)
	at com.kms.katalon.selenium.driver.CFirefoxDriver.execute(CFirefoxDriver.java:27)
	at org.openqa.selenium.remote.RemoteWebDriver.findElements(RemoteWebDriver.java:353)
	at org.openqa.selenium.remote.RemoteWebDriver.findElementsByXPath(RemoteWebDriver.java:432)
	at org.openqa.selenium.By$ByXPath.findElements(By.java:348)
	at org.openqa.selenium.remote.RemoteWebDriver.findElements(RemoteWebDriver.java:311)
	at org.openqa.selenium.support.events.EventFiringWebDriver.lambda$new$1(EventFiringWebDriver.java:105)
	at com.sun.proxy.$Proxy8.findElements(Unknown Source)
	at org.openqa.selenium.support.events.EventFiringWebDriver.findElements(EventFiringWebDriver.java:182)
	at com.kms.katalon.core.webui.common.WebUiCommonHelper.findWebElements(WebUiCommonHelper.java:762)
	at com.kms.katalon.core.webui.common.WebUiCommonHelper.findWebElement(WebUiCommonHelper.java:1109)
	at com.kms.katalon.core.webui.keyword.internal.WebUIAbstractKeyword.findWebElement(WebUIAbstractKeyword.groovy:27)
	at com.kms.katalon.core.webui.keyword.builtin.VerifyElementVisibleKeyword$_verifyElementVisible_closure1.doCall(VerifyElementVisibleKeyword.groovy:78)
	at com.kms.katalon.core.webui.keyword.builtin.VerifyElementVisibleKeyword$_verifyElementVisible_closure1.call(VerifyElementVisibleKeyword.groovy)
	at com.kms.katalon.core.webui.keyword.internal.WebUIKeywordMain.runKeyword(WebUIKeywordMain.groovy:20)
	... 19 more


2019-11-04 10:15:07 - [TEST_STEP][PASSED] - delay(1): Delayed 1 second(s)

2019-11-04 10:15:08 - [MESSAGE][PASSED] - Delayed 1 second(s)

2019-11-04 10:15:08 - [TEST_STEP][FAILED] - verifyElementVisible(findTestObject("Rules/Rule_Show")): Unable to verify object 'Object Repository/Rules/Rule_Show' is visible (Root cause: com.kms.katalon.core.exception.StepFailedException: Unable to verify object 'Object Repository/Rules/Rule_Show' is visible
	at com.kms.katalon.core.webui.keyword.internal.WebUIKeywordMain.stepFailed(WebUIKeywordMain.groovy:64)
	at com.kms.katalon.core.webui.keyword.internal.WebUIKeywordMain.runKeyword(WebUIKeywordMain.groovy:26)
	at com.kms.katalon.core.webui.keyword.builtin.VerifyElementVisibleKeyword.verifyElementVisible(VerifyElementVisibleKeyword.groovy:97)
	at com.kms.katalon.core.webui.keyword.builtin.VerifyElementVisibleKeyword.execute(VerifyElementVisibleKeyword.groovy:67)
	at com.kms.katalon.core.keyword.internal.KeywordExecutor.executeKeywordForPlatform(KeywordExecutor.groovy:60)
	at com.kms.katalon.core.webui.keyword.WebUiBuiltInKeywords.verifyElementVisible(WebUiBuiltInKeywords.groovy:372)
	at com.kms.katalon.core.webui.keyword.WebUiBuiltInKeywords$verifyElementVisible$15.call(Unknown Source)
	at Rules.run(Rules:20)
	at com.kms.katalon.core.main.ScriptEngine.run(ScriptEngine.java:194)
	at com.kms.katalon.core.main.ScriptEngine.runScriptAsRawText(ScriptEngine.java:119)
	at com.kms.katalon.core.main.TestCaseExecutor.runScript(TestCaseExecutor.java:337)
	at com.kms.katalon.core.main.TestCaseExecutor.doExecute(TestCaseExecutor.java:328)
	at com.kms.katalon.core.main.TestCaseExecutor.processExecutionPhase(TestCaseExecutor.java:307)
	at com.kms.katalon.core.main.TestCaseExecutor.accessMainPhase(TestCaseExecutor.java:299)
	at com.kms.katalon.core.main.TestCaseExecutor.execute(TestCaseExecutor.java:233)
	at com.kms.katalon.core.main.TestSuiteExecutor.accessTestCaseMainPhase(TestSuiteExecutor.java:169)
	at com.kms.katalon.core.main.TestSuiteExecutor.accessTestSuiteMainPhase(TestSuiteExecutor.java:142)
	at com.kms.katalon.core.main.TestSuiteExecutor.execute(TestSuiteExecutor.java:91)
	at com.kms.katalon.core.main.TestCaseMain.startTestSuite(TestCaseMain.java:157)
	at com.kms.katalon.core.main.TestCaseMain$startTestSuite$0.call(Unknown Source)
	at TempTestSuite1572833585598.run(TempTestSuite1572833585598.groovy:36)
Caused by: org.openqa.selenium.WebDriverException: [Exception... "Component not initialized"  nsresult: "0xc1f30001 (NS_ERROR_NOT_INITIALIZED)"  location: "JS frame :: chrome://marionette/content/modal.js :: get window :: line 199"  data: no]
Build info: version: '3.141.59', revision: 'e82be7d358', time: '2018-11-14T08:25:53'
System info: host: 'HZQA2', ip: '192.168.8.1', os.name: 'Windows 10', os.arch: 'amd64', os.version: '10.0', java.version: '1.8.0_181'
Driver info: com.kms.katalon.core.webui.driver.firefox.CGeckoDriver
Capabilities {acceptInsecureCerts: true, browserName: firefox, browserVersion: 70.0.1, javascriptEnabled: true, moz:accessibilityChecks: false, moz:buildID: 20191030021342, moz:geckodriverVersion: 0.25.0, moz:headless: false, moz:processID: 3828, moz:profile: C:\Users\Lynn\AppData\Local..., moz:shutdownTimeout: 60000, moz:useNonSpecCompliantPointerOrigin: false, moz:webdriverClick: true, pageLoadStrategy: normal, platform: WINDOWS, platformName: WINDOWS, platformVersion: 10.0, proxy: Proxy(direct), rotatable: false, setWindowRect: true, strictFileInteractability: false, timeouts: {implicit: 0, pageLoad: 300000, script: 30000}, unhandledPromptBehavior: dismiss and notify}
Session ID: 4c48f714-1d93-4179-93e3-64b553b77ab4
*** Element info: {Using=xpath, value=//div[@controlholdername='TextBox4']}
	at org.openqa.selenium.remote.http.W3CHttpResponseCodec.createException(W3CHttpResponseCodec.java:187)
	at org.openqa.selenium.remote.http.W3CHttpResponseCodec.decode(W3CHttpResponseCodec.java:122)
	at org.openqa.selenium.remote.http.W3CHttpResponseCodec.decode(W3CHttpResponseCodec.java:49)
	at org.openqa.selenium.remote.HttpCommandExecutor.execute(HttpCommandExecutor.java:158)
	at org.openqa.selenium.remote.service.DriverCommandExecutor.execute(DriverCommandExecutor.java:83)
	at org.openqa.selenium.remote.RemoteWebDriver.execute(RemoteWebDriver.java:552)
	at com.kms.katalon.selenium.driver.CFirefoxDriver.execute(CFirefoxDriver.java:27)
	at org.openqa.selenium.remote.RemoteWebDriver.findElements(RemoteWebDriver.java:353)
	at org.openqa.selenium.remote.RemoteWebDriver.findElementsByXPath(RemoteWebDriver.java:432)
	at org.openqa.selenium.By$ByXPath.findElements(By.java:348)
	at org.openqa.selenium.remote.RemoteWebDriver.findElements(RemoteWebDriver.java:311)
	at org.openqa.selenium.support.events.EventFiringWebDriver.lambda$new$1(EventFiringWebDriver.java:105)
	at com.sun.proxy.$Proxy8.findElements(Unknown Source)
	at org.openqa.selenium.support.events.EventFiringWebDriver.findElements(EventFiringWebDriver.java:182)
	at com.kms.katalon.core.webui.common.WebUiCommonHelper.findWebElements(WebUiCommonHelper.java:762)
	at com.kms.katalon.core.webui.common.WebUiCommonHelper.findWebElement(WebUiCommonHelper.java:1109)
	at com.kms.katalon.core.webui.keyword.internal.WebUIAbstractKeyword.findWebElement(WebUIAbstractKeyword.groovy:27)
	at com.kms.katalon.core.webui.keyword.builtin.VerifyElementVisibleKeyword$_verifyElementVisible_closure1.doCall(VerifyElementVisibleKeyword.groovy:78)
	at com.kms.katalon.core.webui.keyword.builtin.VerifyElementVisibleKeyword$_verifyElementVisible_closure1.call(VerifyElementVisibleKeyword.groovy)
	at com.kms.katalon.core.webui.keyword.internal.WebUIKeywordMain.runKeyword(WebUIKeywordMain.groovy:20)
	at com.kms.katalon.core.webui.keyword.builtin.VerifyElementVisibleKeyword.verifyElementVisible(VerifyElementVisibleKeyword.groovy:97)
	at com.kms.katalon.core.webui.keyword.builtin.VerifyElementVisibleKeyword.execute(VerifyElementVisibleKeyword.groovy:67)
	at com.kms.katalon.core.keyword.internal.KeywordExecutor.executeKeywordForPlatform(KeywordExecutor.groovy:60)
	at com.kms.katalon.core.webui.keyword.WebUiBuiltInKeywords.verifyElementVisible(WebUiBuiltInKeywords.groovy:372)
	at com.kms.katalon.core.webui.keyword.WebUiBuiltInKeywords$verifyElementVisible$15.call(Unknown Source)
	at Script1572507767475.run(Script1572507767475.groovy:20)
	... 13 more
)

2019-11-04 10:15:09 - [MESSAGE][FAILED] - Unable to verify object 'Object Repository/Rules/Rule_Show' is visible (Root cause: com.kms.katalon.core.exception.StepFailedException: Unable to verify object 'Object Repository/Rules/Rule_Show' is visible
	at com.kms.katalon.core.webui.keyword.internal.WebUIKeywordMain.stepFailed(WebUIKeywordMain.groovy:64)
	at com.kms.katalon.core.webui.keyword.internal.WebUIKeywordMain.runKeyword(WebUIKeywordMain.groovy:26)
	at com.kms.katalon.core.webui.keyword.builtin.VerifyElementVisibleKeyword.verifyElementVisible(VerifyElementVisibleKeyword.groovy:97)
	at com.kms.katalon.core.webui.keyword.builtin.VerifyElementVisibleKeyword.execute(VerifyElementVisibleKeyword.groovy:67)
	at com.kms.katalon.core.keyword.internal.KeywordExecutor.executeKeywordForPlatform(KeywordExecutor.groovy:60)
	at com.kms.katalon.core.webui.keyword.WebUiBuiltInKeywords.verifyElementVisible(WebUiBuiltInKeywords.groovy:372)
	at com.kms.katalon.core.webui.keyword.WebUiBuiltInKeywords$verifyElementVisible$15.call(Unknown Source)
	at Rules.run(Rules:20)
	at com.kms.katalon.core.main.ScriptEngine.run(ScriptEngine.java:194)
	at com.kms.katalon.core.main.ScriptEngine.runScriptAsRawText(ScriptEngine.java:119)
	at com.kms.katalon.core.main.TestCaseExecutor.runScript(TestCaseExecutor.java:337)
	at com.kms.katalon.core.main.TestCaseExecutor.doExecute(TestCaseExecutor.java:328)
	at com.kms.katalon.core.main.TestCaseExecutor.processExecutionPhase(TestCaseExecutor.java:307)
	at com.kms.katalon.core.main.TestCaseExecutor.accessMainPhase(TestCaseExecutor.java:299)
	at com.kms.katalon.core.main.TestCaseExecutor.execute(TestCaseExecutor.java:233)
	at com.kms.katalon.core.main.TestSuiteExecutor.accessTestCaseMainPhase(TestSuiteExecutor.java:169)
	at com.kms.katalon.core.main.TestSuiteExecutor.accessTestSuiteMainPhase(TestSuiteExecutor.java:142)
	at com.kms.katalon.core.main.TestSuiteExecutor.execute(TestSuiteExecutor.java:91)
	at com.kms.katalon.core.main.TestCaseMain.startTestSuite(TestCaseMain.java:157)
	at com.kms.katalon.core.main.TestCaseMain$startTestSuite$0.call(Unknown Source)
	at TempTestSuite1572833585598.run(TempTestSuite1572833585598.groovy:36)
Caused by: org.openqa.selenium.WebDriverException: [Exception... "Component not initialized"  nsresult: "0xc1f30001 (NS_ERROR_NOT_INITIALIZED)"  location: "JS frame :: chrome://marionette/content/modal.js :: get window :: line 199"  data: no]
Build info: version: '3.141.59', revision: 'e82be7d358', time: '2018-11-14T08:25:53'
System info: host: 'HZQA2', ip: '192.168.8.1', os.name: 'Windows 10', os.arch: 'amd64', os.version: '10.0', java.version: '1.8.0_181'
Driver info: com.kms.katalon.core.webui.driver.firefox.CGeckoDriver
Capabilities {acceptInsecureCerts: true, browserName: firefox, browserVersion: 70.0.1, javascriptEnabled: true, moz:accessibilityChecks: false, moz:buildID: 20191030021342, moz:geckodriverVersion: 0.25.0, moz:headless: false, moz:processID: 3828, moz:profile: C:\Users\Lynn\AppData\Local..., moz:shutdownTimeout: 60000, moz:useNonSpecCompliantPointerOrigin: false, moz:webdriverClick: true, pageLoadStrategy: normal, platform: WINDOWS, platformName: WINDOWS, platformVersion: 10.0, proxy: Proxy(direct), rotatable: false, setWindowRect: true, strictFileInteractability: false, timeouts: {implicit: 0, pageLoad: 300000, script: 30000}, unhandledPromptBehavior: dismiss and notify}
Session ID: 4c48f714-1d93-4179-93e3-64b553b77ab4
*** Element info: {Using=xpath, value=//div[@controlholdername='TextBox4']}
	at org.openqa.selenium.remote.http.W3CHttpResponseCodec.createException(W3CHttpResponseCodec.java:187)
	at org.openqa.selenium.remote.http.W3CHttpResponseCodec.decode(W3CHttpResponseCodec.java:122)
	at org.openqa.selenium.remote.http.W3CHttpResponseCodec.decode(W3CHttpResponseCodec.java:49)
	at org.openqa.selenium.remote.HttpCommandExecutor.execute(HttpCommandExecutor.java:158)
	at org.openqa.selenium.remote.service.DriverCommandExecutor.execute(DriverCommandExecutor.java:83)
	at org.openqa.selenium.remote.RemoteWebDriver.execute(RemoteWebDriver.java:552)
	at com.kms.katalon.selenium.driver.CFirefoxDriver.execute(CFirefoxDriver.java:27)
	at org.openqa.selenium.remote.RemoteWebDriver.findElements(RemoteWebDriver.java:353)
	at org.openqa.selenium.remote.RemoteWebDriver.findElementsByXPath(RemoteWebDriver.java:432)
	at org.openqa.selenium.By$ByXPath.findElements(By.java:348)
	at org.openqa.selenium.remote.RemoteWebDriver.findElements(RemoteWebDriver.java:311)
	at org.openqa.selenium.support.events.EventFiringWebDriver.lambda$new$1(EventFiringWebDriver.java:105)
	at com.sun.proxy.$Proxy8.findElements(Unknown Source)
	at org.openqa.selenium.support.events.EventFiringWebDriver.findElements(EventFiringWebDriver.java:182)
	at com.kms.katalon.core.webui.common.WebUiCommonHelper.findWebElements(WebUiCommonHelper.java:762)
	at com.kms.katalon.core.webui.common.WebUiCommonHelper.findWebElement(WebUiCommonHelper.java:1109)
	at com.kms.katalon.core.webui.keyword.internal.WebUIAbstractKeyword.findWebElement(WebUIAbstractKeyword.groovy:27)
	at com.kms.katalon.core.webui.keyword.builtin.VerifyElementVisibleKeyword$_verifyElementVisible_closure1.doCall(VerifyElementVisibleKeyword.groovy:78)
	at com.kms.katalon.core.webui.keyword.builtin.VerifyElementVisibleKeyword$_verifyElementVisible_closure1.call(VerifyElementVisibleKeyword.groovy)
	at com.kms.katalon.core.webui.keyword.internal.WebUIKeywordMain.runKeyword(WebUIKeywordMain.groovy:20)
	at com.kms.katalon.core.webui.keyword.builtin.VerifyElementVisibleKeyword.verifyElementVisible(VerifyElementVisibleKeyword.groovy:97)
	at com.kms.katalon.core.webui.keyword.builtin.VerifyElementVisibleKeyword.execute(VerifyElementVisibleKeyword.groovy:67)
	at com.kms.katalon.core.keyword.internal.KeywordExecutor.executeKeywordForPlatform(KeywordExecutor.groovy:60)
	at com.kms.katalon.core.webui.keyword.WebUiBuiltInKeywords.verifyElementVisible(WebUiBuiltInKeywords.groovy:372)
	at com.kms.katalon.core.webui.keyword.WebUiBuiltInKeywords$verifyElementVisible$15.call(Unknown Source)
	at Script1572507767475.run(Script1572507767475.groovy:20)
	... 13 more
)
[[ATTACHMENT|D:\\Katalon Studio\\Test Multi-Select Listbox Control\\Reports\\20191104_101301\\MSListBoxTestCases\\20191104_101301\\1572833708991.png]]]]></system-out>
         <system-err><![CDATA[2019-11-04 10:15:07 - [TEST_CASE][FAILED] - Test Cases/Rules: Test Cases/Rules FAILED.
Reason:
com.kms.katalon.core.exception.StepFailedException: Unable to verify object 'Object Repository/Rules/Rule_Show' is visible
	at com.kms.katalon.core.webui.keyword.internal.WebUIKeywordMain.stepFailed(WebUIKeywordMain.groovy:64)
	at com.kms.katalon.core.webui.keyword.internal.WebUIKeywordMain.runKeyword(WebUIKeywordMain.groovy:26)
	at com.kms.katalon.core.webui.keyword.builtin.VerifyElementVisibleKeyword.verifyElementVisible(VerifyElementVisibleKeyword.groovy:97)
	at com.kms.katalon.core.webui.keyword.builtin.VerifyElementVisibleKeyword.execute(VerifyElementVisibleKeyword.groovy:67)
	at com.kms.katalon.core.keyword.internal.KeywordExecutor.executeKeywordForPlatform(KeywordExecutor.groovy:60)
	at com.kms.katalon.core.webui.keyword.WebUiBuiltInKeywords.verifyElementVisible(WebUiBuiltInKeywords.groovy:372)
	at com.kms.katalon.core.webui.keyword.WebUiBuiltInKeywords$verifyElementVisible$15.call(Unknown Source)
	at Rules.run(Rules:20)
	at com.kms.katalon.core.main.ScriptEngine.run(ScriptEngine.java:194)
	at com.kms.katalon.core.main.ScriptEngine.runScriptAsRawText(ScriptEngine.java:119)
	at com.kms.katalon.core.main.TestCaseExecutor.runScript(TestCaseExecutor.java:337)
	at com.kms.katalon.core.main.TestCaseExecutor.doExecute(TestCaseExecutor.java:328)
	at com.kms.katalon.core.main.TestCaseExecutor.processExecutionPhase(TestCaseExecutor.java:307)
	at com.kms.katalon.core.main.TestCaseExecutor.accessMainPhase(TestCaseExecutor.java:299)
	at com.kms.katalon.core.main.TestCaseExecutor.execute(TestCaseExecutor.java:233)
	at com.kms.katalon.core.main.TestSuiteExecutor.accessTestCaseMainPhase(TestSuiteExecutor.java:169)
	at com.kms.katalon.core.main.TestSuiteExecutor.accessTestSuiteMainPhase(TestSuiteExecutor.java:142)
	at com.kms.katalon.core.main.TestSuiteExecutor.execute(TestSuiteExecutor.java:91)
	at com.kms.katalon.core.main.TestCaseMain.startTestSuite(TestCaseMain.java:157)
	at com.kms.katalon.core.main.TestCaseMain$startTestSuite$0.call(Unknown Source)
	at TempTestSuite1572833585598.run(TempTestSuite1572833585598.groovy:36)
Caused by: org.openqa.selenium.WebDriverException: [Exception... "Component not initialized"  nsresult: "0xc1f30001 (NS_ERROR_NOT_INITIALIZED)"  location: "JS frame :: chrome://marionette/content/modal.js :: get window :: line 199"  data: no]
Build info: version: '3.141.59', revision: 'e82be7d358', time: '2018-11-14T08:25:53'
System info: host: 'HZQA2', ip: '192.168.8.1', os.name: 'Windows 10', os.arch: 'amd64', os.version: '10.0', java.version: '1.8.0_181'
Driver info: com.kms.katalon.core.webui.driver.firefox.CGeckoDriver
Capabilities {acceptInsecureCerts: true, browserName: firefox, browserVersion: 70.0.1, javascriptEnabled: true, moz:accessibilityChecks: false, moz:buildID: 20191030021342, moz:geckodriverVersion: 0.25.0, moz:headless: false, moz:processID: 3828, moz:profile: C:\Users\Lynn\AppData\Local..., moz:shutdownTimeout: 60000, moz:useNonSpecCompliantPointerOrigin: false, moz:webdriverClick: true, pageLoadStrategy: normal, platform: WINDOWS, platformName: WINDOWS, platformVersion: 10.0, proxy: Proxy(direct), rotatable: false, setWindowRect: true, strictFileInteractability: false, timeouts: {implicit: 0, pageLoad: 300000, script: 30000}, unhandledPromptBehavior: dismiss and notify}
Session ID: 4c48f714-1d93-4179-93e3-64b553b77ab4
*** Element info: {Using=xpath, value=//div[@controlholdername='TextBox4']}
	at org.openqa.selenium.remote.http.W3CHttpResponseCodec.createException(W3CHttpResponseCodec.java:187)
	at org.openqa.selenium.remote.http.W3CHttpResponseCodec.decode(W3CHttpResponseCodec.java:122)
	at org.openqa.selenium.remote.http.W3CHttpResponseCodec.decode(W3CHttpResponseCodec.java:49)
	at org.openqa.selenium.remote.HttpCommandExecutor.execute(HttpCommandExecutor.java:158)
	at org.openqa.selenium.remote.service.DriverCommandExecutor.execute(DriverCommandExecutor.java:83)
	at org.openqa.selenium.remote.RemoteWebDriver.execute(RemoteWebDriver.java:552)
	at com.kms.katalon.selenium.driver.CFirefoxDriver.execute(CFirefoxDriver.java:27)
	at org.openqa.selenium.remote.RemoteWebDriver.findElements(RemoteWebDriver.java:353)
	at org.openqa.selenium.remote.RemoteWebDriver.findElementsByXPath(RemoteWebDriver.java:432)
	at org.openqa.selenium.By$ByXPath.findElements(By.java:348)
	at org.openqa.selenium.remote.RemoteWebDriver.findElements(RemoteWebDriver.java:311)
	at org.openqa.selenium.support.events.EventFiringWebDriver.lambda$new$1(EventFiringWebDriver.java:105)
	at com.sun.proxy.$Proxy8.findElements(Unknown Source)
	at org.openqa.selenium.support.events.EventFiringWebDriver.findElements(EventFiringWebDriver.java:182)
	at com.kms.katalon.core.webui.common.WebUiCommonHelper.findWebElements(WebUiCommonHelper.java:762)
	at com.kms.katalon.core.webui.common.WebUiCommonHelper.findWebElement(WebUiCommonHelper.java:1109)
	at com.kms.katalon.core.webui.keyword.internal.WebUIAbstractKeyword.findWebElement(WebUIAbstractKeyword.groovy:27)
	at com.kms.katalon.core.webui.keyword.builtin.VerifyElementVisibleKeyword$_verifyElementVisible_closure1.doCall(VerifyElementVisibleKeyword.groovy:78)
	at com.kms.katalon.core.webui.keyword.builtin.VerifyElementVisibleKeyword$_verifyElementVisible_closure1.call(VerifyElementVisibleKeyword.groovy)
	at com.kms.katalon.core.webui.keyword.internal.WebUIKeywordMain.runKeyword(WebUIKeywordMain.groovy:20)
	... 19 more]]></system-err>
      </testcase>
      <testcase name="Test Cases/Verify2ndForm" time="5.542" classname="Test Cases/Verify2ndForm" status="FAILED">
         <failure type="FAILED" message="Test Cases/Verify2ndForm FAILED.
Reason:
com.kms.katalon.core.exception.StepFailedException: Unable to click on object 'Object Repository/AgilePointNX Metadata/ClickOnInbox'
	at com.kms.katalon.core.webui.keyword.internal.WebUIKeywordMain.stepFailed(WebUIKeywordMain.groovy:64)
	at com.kms.katalon.core.webui.keyword.internal.WebUIKeywordMain.runKeyword(WebUIKeywordMain.groovy:26)
	at com.kms.katalon.core.webui.keyword.builtin.ClickKeyword.click(ClickKeyword.groovy:79)
	at com.kms.katalon.core.webui.keyword.builtin.ClickKeyword.execute(ClickKeyword.groovy:42)
	at com.kms.katalon.core.keyword.internal.KeywordExecutor.executeKeywordForPlatform(KeywordExecutor.groovy:60)
	at com.kms.katalon.core.webui.keyword.WebUiBuiltInKeywords.click(WebUiBuiltInKeywords.groovy:616)
	at com.kms.katalon.core.webui.keyword.WebUiBuiltInKeywords$click$4.call(Unknown Source)
	at com.helper.login.LoginHelper.OpenTask(LoginHelper.groovy:100)
	at com.helper.login.LoginHelper.invokeMethod(LoginHelper.groovy)
	at com.kms.katalon.core.main.CustomKeywordDelegatingMetaClass.invokeStaticMethod(CustomKeywordDelegatingMetaClass.java:50)
	at Verify2ndForm.run(Verify2ndForm:18)
	at com.kms.katalon.core.main.ScriptEngine.run(ScriptEngine.java:194)
	at com.kms.katalon.core.main.ScriptEngine.runScriptAsRawText(ScriptEngine.java:119)
	at com.kms.katalon.core.main.TestCaseExecutor.runScript(TestCaseExecutor.java:337)
	at com.kms.katalon.core.main.TestCaseExecutor.doExecute(TestCaseExecutor.java:328)
	at com.kms.katalon.core.main.TestCaseExecutor.processExecutionPhase(TestCaseExecutor.java:307)
	at com.kms.katalon.core.main.TestCaseExecutor.accessMainPhase(TestCaseExecutor.java:299)
	at com.kms.katalon.core.main.TestCaseExecutor.execute(TestCaseExecutor.java:233)
	at com.kms.katalon.core.main.TestSuiteExecutor.accessTestCaseMainPhase(TestSuiteExecutor.java:169)
	at com.kms.katalon.core.main.TestSuiteExecutor.accessTestSuiteMainPhase(TestSuiteExecutor.java:142)
	at com.kms.katalon.core.main.TestSuiteExecutor.execute(TestSuiteExecutor.java:91)
	at com.kms.katalon.core.main.TestCaseMain.startTestSuite(TestCaseMain.java:157)
	at com.kms.katalon.core.main.TestCaseMain$startTestSuite$0.call(Unknown Source)
	at TempTestSuite1572833585598.run(TempTestSuite1572833585598.groovy:36)
Caused by: org.openqa.selenium.WebDriverException: [Exception... &quot;Component not initialized&quot;  nsresult: &quot;0xc1f30001 (NS_ERROR_NOT_INITIALIZED)&quot;  location: &quot;JS frame :: chrome://marionette/content/modal.js :: get window :: line 199&quot;  data: no]
Build info: version: '3.141.59', revision: 'e82be7d358', time: '2018-11-14T08:25:53'
System info: host: 'HZQA2', ip: '192.168.8.1', os.name: 'Windows 10', os.arch: 'amd64', os.version: '10.0', java.version: '1.8.0_181'
Driver info: com.kms.katalon.core.webui.driver.firefox.CGeckoDriver
Capabilities {acceptInsecureCerts: true, browserName: firefox, browserVersion: 70.0.1, javascriptEnabled: true, moz:accessibilityChecks: false, moz:buildID: 20191030021342, moz:geckodriverVersion: 0.25.0, moz:headless: false, moz:processID: 3828, moz:profile: C:\Users\Lynn\AppData\Local..., moz:shutdownTimeout: 60000, moz:useNonSpecCompliantPointerOrigin: false, moz:webdriverClick: true, pageLoadStrategy: normal, platform: WINDOWS, platformName: WINDOWS, platformVersion: 10.0, proxy: Proxy(direct), rotatable: false, setWindowRect: true, strictFileInteractability: false, timeouts: {implicit: 0, pageLoad: 300000, script: 30000}, unhandledPromptBehavior: dismiss and notify}
Session ID: 4c48f714-1d93-4179-93e3-64b553b77ab4
*** Element info: {Using=xpath, value=//a[@title='Inbox']}
	at org.openqa.selenium.remote.http.W3CHttpResponseCodec.createException(W3CHttpResponseCodec.java:187)
	at org.openqa.selenium.remote.http.W3CHttpResponseCodec.decode(W3CHttpResponseCodec.java:122)
	at org.openqa.selenium.remote.http.W3CHttpResponseCodec.decode(W3CHttpResponseCodec.java:49)
	at org.openqa.selenium.remote.HttpCommandExecutor.execute(HttpCommandExecutor.java:158)
	at org.openqa.selenium.remote.service.DriverCommandExecutor.execute(DriverCommandExecutor.java:83)
	at org.openqa.selenium.remote.RemoteWebDriver.execute(RemoteWebDriver.java:552)
	at com.kms.katalon.selenium.driver.CFirefoxDriver.execute(CFirefoxDriver.java:27)
	at org.openqa.selenium.remote.RemoteWebDriver.findElements(RemoteWebDriver.java:353)
	at org.openqa.selenium.remote.RemoteWebDriver.findElementsByXPath(RemoteWebDriver.java:432)
	at org.openqa.selenium.By$ByXPath.findElements(By.java:348)
	at org.openqa.selenium.remote.RemoteWebDriver.findElements(RemoteWebDriver.java:311)
	at org.openqa.selenium.support.events.EventFiringWebDriver.lambda$new$1(EventFiringWebDriver.java:105)
	at com.sun.proxy.$Proxy8.findElements(Unknown Source)
	at org.openqa.selenium.support.events.EventFiringWebDriver.findElements(EventFiringWebDriver.java:182)
	at com.kms.katalon.core.webui.common.WebUiCommonHelper.findWebElements(WebUiCommonHelper.java:762)
	at com.kms.katalon.core.webui.common.WebUiCommonHelper.findWebElement(WebUiCommonHelper.java:1109)
	at com.kms.katalon.core.webui.keyword.internal.WebUIAbstractKeyword.findWebElement(WebUIAbstractKeyword.groovy:27)
	at com.kms.katalon.core.webui.keyword.internal.WebUIAbstractKeyword.findWebElement(WebUIAbstractKeyword.groovy:26)
	at com.kms.katalon.core.webui.keyword.builtin.ClickKeyword$_click_closure1.doCall(ClickKeyword.groovy:52)
	at com.kms.katalon.core.webui.keyword.builtin.ClickKeyword$_click_closure1.call(ClickKeyword.groovy)
	at com.kms.katalon.core.webui.keyword.internal.WebUIKeywordMain.runKeyword(WebUIKeywordMain.groovy:20)
	... 22 more
"/>
         <system-out><![CDATA[2019-11-04 10:15:09 - [TEST_CASE][FAILED] - Test Cases/Verify2ndForm: Test Cases/Verify2ndForm FAILED.
Reason:
com.kms.katalon.core.exception.StepFailedException: Unable to click on object 'Object Repository/AgilePointNX Metadata/ClickOnInbox'
	at com.kms.katalon.core.webui.keyword.internal.WebUIKeywordMain.stepFailed(WebUIKeywordMain.groovy:64)
	at com.kms.katalon.core.webui.keyword.internal.WebUIKeywordMain.runKeyword(WebUIKeywordMain.groovy:26)
	at com.kms.katalon.core.webui.keyword.builtin.ClickKeyword.click(ClickKeyword.groovy:79)
	at com.kms.katalon.core.webui.keyword.builtin.ClickKeyword.execute(ClickKeyword.groovy:42)
	at com.kms.katalon.core.keyword.internal.KeywordExecutor.executeKeywordForPlatform(KeywordExecutor.groovy:60)
	at com.kms.katalon.core.webui.keyword.WebUiBuiltInKeywords.click(WebUiBuiltInKeywords.groovy:616)
	at com.kms.katalon.core.webui.keyword.WebUiBuiltInKeywords$click$4.call(Unknown Source)
	at com.helper.login.LoginHelper.OpenTask(LoginHelper.groovy:100)
	at com.helper.login.LoginHelper.invokeMethod(LoginHelper.groovy)
	at com.kms.katalon.core.main.CustomKeywordDelegatingMetaClass.invokeStaticMethod(CustomKeywordDelegatingMetaClass.java:50)
	at Verify2ndForm.run(Verify2ndForm:18)
	at com.kms.katalon.core.main.ScriptEngine.run(ScriptEngine.java:194)
	at com.kms.katalon.core.main.ScriptEngine.runScriptAsRawText(ScriptEngine.java:119)
	at com.kms.katalon.core.main.TestCaseExecutor.runScript(TestCaseExecutor.java:337)
	at com.kms.katalon.core.main.TestCaseExecutor.doExecute(TestCaseExecutor.java:328)
	at com.kms.katalon.core.main.TestCaseExecutor.processExecutionPhase(TestCaseExecutor.java:307)
	at com.kms.katalon.core.main.TestCaseExecutor.accessMainPhase(TestCaseExecutor.java:299)
	at com.kms.katalon.core.main.TestCaseExecutor.execute(TestCaseExecutor.java:233)
	at com.kms.katalon.core.main.TestSuiteExecutor.accessTestCaseMainPhase(TestSuiteExecutor.java:169)
	at com.kms.katalon.core.main.TestSuiteExecutor.accessTestSuiteMainPhase(TestSuiteExecutor.java:142)
	at com.kms.katalon.core.main.TestSuiteExecutor.execute(TestSuiteExecutor.java:91)
	at com.kms.katalon.core.main.TestCaseMain.startTestSuite(TestCaseMain.java:157)
	at com.kms.katalon.core.main.TestCaseMain$startTestSuite$0.call(Unknown Source)
	at TempTestSuite1572833585598.run(TempTestSuite1572833585598.groovy:36)
Caused by: org.openqa.selenium.WebDriverException: [Exception... "Component not initialized"  nsresult: "0xc1f30001 (NS_ERROR_NOT_INITIALIZED)"  location: "JS frame :: chrome://marionette/content/modal.js :: get window :: line 199"  data: no]
Build info: version: '3.141.59', revision: 'e82be7d358', time: '2018-11-14T08:25:53'
System info: host: 'HZQA2', ip: '192.168.8.1', os.name: 'Windows 10', os.arch: 'amd64', os.version: '10.0', java.version: '1.8.0_181'
Driver info: com.kms.katalon.core.webui.driver.firefox.CGeckoDriver
Capabilities {acceptInsecureCerts: true, browserName: firefox, browserVersion: 70.0.1, javascriptEnabled: true, moz:accessibilityChecks: false, moz:buildID: 20191030021342, moz:geckodriverVersion: 0.25.0, moz:headless: false, moz:processID: 3828, moz:profile: C:\Users\Lynn\AppData\Local..., moz:shutdownTimeout: 60000, moz:useNonSpecCompliantPointerOrigin: false, moz:webdriverClick: true, pageLoadStrategy: normal, platform: WINDOWS, platformName: WINDOWS, platformVersion: 10.0, proxy: Proxy(direct), rotatable: false, setWindowRect: true, strictFileInteractability: false, timeouts: {implicit: 0, pageLoad: 300000, script: 30000}, unhandledPromptBehavior: dismiss and notify}
Session ID: 4c48f714-1d93-4179-93e3-64b553b77ab4
*** Element info: {Using=xpath, value=//a[@title='Inbox']}
	at org.openqa.selenium.remote.http.W3CHttpResponseCodec.createException(W3CHttpResponseCodec.java:187)
	at org.openqa.selenium.remote.http.W3CHttpResponseCodec.decode(W3CHttpResponseCodec.java:122)
	at org.openqa.selenium.remote.http.W3CHttpResponseCodec.decode(W3CHttpResponseCodec.java:49)
	at org.openqa.selenium.remote.HttpCommandExecutor.execute(HttpCommandExecutor.java:158)
	at org.openqa.selenium.remote.service.DriverCommandExecutor.execute(DriverCommandExecutor.java:83)
	at org.openqa.selenium.remote.RemoteWebDriver.execute(RemoteWebDriver.java:552)
	at com.kms.katalon.selenium.driver.CFirefoxDriver.execute(CFirefoxDriver.java:27)
	at org.openqa.selenium.remote.RemoteWebDriver.findElements(RemoteWebDriver.java:353)
	at org.openqa.selenium.remote.RemoteWebDriver.findElementsByXPath(RemoteWebDriver.java:432)
	at org.openqa.selenium.By$ByXPath.findElements(By.java:348)
	at org.openqa.selenium.remote.RemoteWebDriver.findElements(RemoteWebDriver.java:311)
	at org.openqa.selenium.support.events.EventFiringWebDriver.lambda$new$1(EventFiringWebDriver.java:105)
	at com.sun.proxy.$Proxy8.findElements(Unknown Source)
	at org.openqa.selenium.support.events.EventFiringWebDriver.findElements(EventFiringWebDriver.java:182)
	at com.kms.katalon.core.webui.common.WebUiCommonHelper.findWebElements(WebUiCommonHelper.java:762)
	at com.kms.katalon.core.webui.common.WebUiCommonHelper.findWebElement(WebUiCommonHelper.java:1109)
	at com.kms.katalon.core.webui.keyword.internal.WebUIAbstractKeyword.findWebElement(WebUIAbstractKeyword.groovy:27)
	at com.kms.katalon.core.webui.keyword.internal.WebUIAbstractKeyword.findWebElement(WebUIAbstractKeyword.groovy:26)
	at com.kms.katalon.core.webui.keyword.builtin.ClickKeyword$_click_closure1.doCall(ClickKeyword.groovy:52)
	at com.kms.katalon.core.webui.keyword.builtin.ClickKeyword$_click_closure1.call(ClickKeyword.groovy)
	at com.kms.katalon.core.webui.keyword.internal.WebUIKeywordMain.runKeyword(WebUIKeywordMain.groovy:20)
	... 22 more


2019-11-04 10:15:09 - [TEST_STEP][FAILED] - com.helper.login.LoginHelper.OpenTask(): Unable to click on object 'Object Repository/AgilePointNX Metadata/ClickOnInbox'

2019-11-04 10:15:09 - [MESSAGE][PASSED] - Switched to window with index: '0'

2019-11-04 10:15:09 - [MESSAGE][WARNING] - Switching to default content failed because of: org.openqa.selenium.WebDriverException: [Exception... "Component not initialized"  nsresult: "0xc1f30001 (NS_ERROR_NOT_INITIALIZED)"  location: "JS frame :: chrome://marionette/content/modal.js :: get window :: line 199"  data: no]
Build info: version: '3.141.59', revision: 'e82be7d358', time: '2018-11-14T08:25:53'
System info: host: 'HZQA2', ip: '192.168.8.1', os.name: 'Windows 10', os.arch: 'amd64', os.version: '10.0', java.version: '1.8.0_181'
Driver info: com.kms.katalon.core.webui.driver.firefox.CGeckoDriver
Capabilities {acceptInsecureCerts: true, browserName: firefox, browserVersion: 70.0.1, javascriptEnabled: true, moz:accessibilityChecks: false, moz:buildID: 20191030021342, moz:geckodriverVersion: 0.25.0, moz:headless: false, moz:processID: 3828, moz:profile: C:\Users\Lynn\AppData\Local..., moz:shutdownTimeout: 60000, moz:useNonSpecCompliantPointerOrigin: false, moz:webdriverClick: true, pageLoadStrategy: normal, platform: WINDOWS, platformName: WINDOWS, platformVersion: 10.0, proxy: Proxy(direct), rotatable: false, setWindowRect: true, strictFileInteractability: false, timeouts: {implicit: 0, pageLoad: 300000, script: 30000}, unhandledPromptBehavior: dismiss and notify}
Session ID: 4c48f714-1d93-4179-93e3-64b553b77ab4

2019-11-04 10:15:14 - [MESSAGE][PASSED] - Delayed 5 second(s)

2019-11-04 10:15:14 - [MESSAGE][FAILED] - Unable to click on object 'Object Repository/AgilePointNX Metadata/ClickOnInbox' (Root cause: com.kms.katalon.core.exception.StepFailedException: Unable to click on object 'Object Repository/AgilePointNX Metadata/ClickOnInbox'
	at com.kms.katalon.core.webui.keyword.internal.WebUIKeywordMain.stepFailed(WebUIKeywordMain.groovy:64)
	at com.kms.katalon.core.webui.keyword.internal.WebUIKeywordMain.runKeyword(WebUIKeywordMain.groovy:26)
	at com.kms.katalon.core.webui.keyword.builtin.ClickKeyword.click(ClickKeyword.groovy:79)
	at com.kms.katalon.core.webui.keyword.builtin.ClickKeyword.execute(ClickKeyword.groovy:42)
	at com.kms.katalon.core.keyword.internal.KeywordExecutor.executeKeywordForPlatform(KeywordExecutor.groovy:60)
	at com.kms.katalon.core.webui.keyword.WebUiBuiltInKeywords.click(WebUiBuiltInKeywords.groovy:616)
	at com.kms.katalon.core.webui.keyword.WebUiBuiltInKeywords$click$4.call(Unknown Source)
	at com.helper.login.LoginHelper.OpenTask(LoginHelper.groovy:100)
	at com.helper.login.LoginHelper.invokeMethod(LoginHelper.groovy)
	at com.kms.katalon.core.main.CustomKeywordDelegatingMetaClass.invokeStaticMethod(CustomKeywordDelegatingMetaClass.java:50)
	at Verify2ndForm.run(Verify2ndForm:18)
	at com.kms.katalon.core.main.ScriptEngine.run(ScriptEngine.java:194)
	at com.kms.katalon.core.main.ScriptEngine.runScriptAsRawText(ScriptEngine.java:119)
	at com.kms.katalon.core.main.TestCaseExecutor.runScript(TestCaseExecutor.java:337)
	at com.kms.katalon.core.main.TestCaseExecutor.doExecute(TestCaseExecutor.java:328)
	at com.kms.katalon.core.main.TestCaseExecutor.processExecutionPhase(TestCaseExecutor.java:307)
	at com.kms.katalon.core.main.TestCaseExecutor.accessMainPhase(TestCaseExecutor.java:299)
	at com.kms.katalon.core.main.TestCaseExecutor.execute(TestCaseExecutor.java:233)
	at com.kms.katalon.core.main.TestSuiteExecutor.accessTestCaseMainPhase(TestSuiteExecutor.java:169)
	at com.kms.katalon.core.main.TestSuiteExecutor.accessTestSuiteMainPhase(TestSuiteExecutor.java:142)
	at com.kms.katalon.core.main.TestSuiteExecutor.execute(TestSuiteExecutor.java:91)
	at com.kms.katalon.core.main.TestCaseMain.startTestSuite(TestCaseMain.java:157)
	at com.kms.katalon.core.main.TestCaseMain$startTestSuite$0.call(Unknown Source)
	at TempTestSuite1572833585598.run(TempTestSuite1572833585598.groovy:36)
Caused by: org.openqa.selenium.WebDriverException: [Exception... "Component not initialized"  nsresult: "0xc1f30001 (NS_ERROR_NOT_INITIALIZED)"  location: "JS frame :: chrome://marionette/content/modal.js :: get window :: line 199"  data: no]
Build info: version: '3.141.59', revision: 'e82be7d358', time: '2018-11-14T08:25:53'
System info: host: 'HZQA2', ip: '192.168.8.1', os.name: 'Windows 10', os.arch: 'amd64', os.version: '10.0', java.version: '1.8.0_181'
Driver info: com.kms.katalon.core.webui.driver.firefox.CGeckoDriver
Capabilities {acceptInsecureCerts: true, browserName: firefox, browserVersion: 70.0.1, javascriptEnabled: true, moz:accessibilityChecks: false, moz:buildID: 20191030021342, moz:geckodriverVersion: 0.25.0, moz:headless: false, moz:processID: 3828, moz:profile: C:\Users\Lynn\AppData\Local..., moz:shutdownTimeout: 60000, moz:useNonSpecCompliantPointerOrigin: false, moz:webdriverClick: true, pageLoadStrategy: normal, platform: WINDOWS, platformName: WINDOWS, platformVersion: 10.0, proxy: Proxy(direct), rotatable: false, setWindowRect: true, strictFileInteractability: false, timeouts: {implicit: 0, pageLoad: 300000, script: 30000}, unhandledPromptBehavior: dismiss and notify}
Session ID: 4c48f714-1d93-4179-93e3-64b553b77ab4
*** Element info: {Using=xpath, value=//a[@title='Inbox']}
	at org.openqa.selenium.remote.http.W3CHttpResponseCodec.createException(W3CHttpResponseCodec.java:187)
	at org.openqa.selenium.remote.http.W3CHttpResponseCodec.decode(W3CHttpResponseCodec.java:122)
	at org.openqa.selenium.remote.http.W3CHttpResponseCodec.decode(W3CHttpResponseCodec.java:49)
	at org.openqa.selenium.remote.HttpCommandExecutor.execute(HttpCommandExecutor.java:158)
	at org.openqa.selenium.remote.service.DriverCommandExecutor.execute(DriverCommandExecutor.java:83)
	at org.openqa.selenium.remote.RemoteWebDriver.execute(RemoteWebDriver.java:552)
	at com.kms.katalon.selenium.driver.CFirefoxDriver.execute(CFirefoxDriver.java:27)
	at org.openqa.selenium.remote.RemoteWebDriver.findElements(RemoteWebDriver.java:353)
	at org.openqa.selenium.remote.RemoteWebDriver.findElementsByXPath(RemoteWebDriver.java:432)
	at org.openqa.selenium.By$ByXPath.findElements(By.java:348)
	at org.openqa.selenium.remote.RemoteWebDriver.findElements(RemoteWebDriver.java:311)
	at org.openqa.selenium.support.events.EventFiringWebDriver.lambda$new$1(EventFiringWebDriver.java:105)
	at com.sun.proxy.$Proxy8.findElements(Unknown Source)
	at org.openqa.selenium.support.events.EventFiringWebDriver.findElements(EventFiringWebDriver.java:182)
	at com.kms.katalon.core.webui.common.WebUiCommonHelper.findWebElements(WebUiCommonHelper.java:762)
	at com.kms.katalon.core.webui.common.WebUiCommonHelper.findWebElement(WebUiCommonHelper.java:1109)
	at com.kms.katalon.core.webui.keyword.internal.WebUIAbstractKeyword.findWebElement(WebUIAbstractKeyword.groovy:27)
	at com.kms.katalon.core.webui.keyword.internal.WebUIAbstractKeyword.findWebElement(WebUIAbstractKeyword.groovy:26)
	at com.kms.katalon.core.webui.keyword.builtin.ClickKeyword$_click_closure1.doCall(ClickKeyword.groovy:52)
	at com.kms.katalon.core.webui.keyword.builtin.ClickKeyword$_click_closure1.call(ClickKeyword.groovy)
	at com.kms.katalon.core.webui.keyword.internal.WebUIKeywordMain.runKeyword(WebUIKeywordMain.groovy:20)
	at com.kms.katalon.core.webui.keyword.builtin.ClickKeyword.click(ClickKeyword.groovy:79)
	at com.kms.katalon.core.webui.keyword.builtin.ClickKeyword.execute(ClickKeyword.groovy:42)
	at com.kms.katalon.core.keyword.internal.KeywordExecutor.executeKeywordForPlatform(KeywordExecutor.groovy:60)
	at com.kms.katalon.core.webui.keyword.WebUiBuiltInKeywords.click(WebUiBuiltInKeywords.groovy:616)
	at com.kms.katalon.core.webui.keyword.WebUiBuiltInKeywords$click$4.call(Unknown Source)
	at com.helper.login.LoginHelper.OpenTask(LoginHelper.groovy:100)
	at com.helper.login.LoginHelper.invokeMethod(LoginHelper.groovy)
	at com.kms.katalon.core.main.CustomKeywordDelegatingMetaClass.invokeStaticMethod(CustomKeywordDelegatingMetaClass.java:50)
	at Script1572507774112.run(Script1572507774112.groovy:18)
	... 13 more
)
[[ATTACHMENT|D:\\Katalon Studio\\Test Multi-Select Listbox Control\\Reports\\20191104_101301\\MSListBoxTestCases\\20191104_101301\\1572833714740.png]]

2019-11-04 10:15:14 - [MESSAGE][FAILED] - Unable to click on object 'Object Repository/AgilePointNX Metadata/ClickOnInbox']]></system-out>
         <system-err><![CDATA[2019-11-04 10:15:09 - [TEST_CASE][FAILED] - Test Cases/Verify2ndForm: Test Cases/Verify2ndForm FAILED.
Reason:
com.kms.katalon.core.exception.StepFailedException: Unable to click on object 'Object Repository/AgilePointNX Metadata/ClickOnInbox'
	at com.kms.katalon.core.webui.keyword.internal.WebUIKeywordMain.stepFailed(WebUIKeywordMain.groovy:64)
	at com.kms.katalon.core.webui.keyword.internal.WebUIKeywordMain.runKeyword(WebUIKeywordMain.groovy:26)
	at com.kms.katalon.core.webui.keyword.builtin.ClickKeyword.click(ClickKeyword.groovy:79)
	at com.kms.katalon.core.webui.keyword.builtin.ClickKeyword.execute(ClickKeyword.groovy:42)
	at com.kms.katalon.core.keyword.internal.KeywordExecutor.executeKeywordForPlatform(KeywordExecutor.groovy:60)
	at com.kms.katalon.core.webui.keyword.WebUiBuiltInKeywords.click(WebUiBuiltInKeywords.groovy:616)
	at com.kms.katalon.core.webui.keyword.WebUiBuiltInKeywords$click$4.call(Unknown Source)
	at com.helper.login.LoginHelper.OpenTask(LoginHelper.groovy:100)
	at com.helper.login.LoginHelper.invokeMethod(LoginHelper.groovy)
	at com.kms.katalon.core.main.CustomKeywordDelegatingMetaClass.invokeStaticMethod(CustomKeywordDelegatingMetaClass.java:50)
	at Verify2ndForm.run(Verify2ndForm:18)
	at com.kms.katalon.core.main.ScriptEngine.run(ScriptEngine.java:194)
	at com.kms.katalon.core.main.ScriptEngine.runScriptAsRawText(ScriptEngine.java:119)
	at com.kms.katalon.core.main.TestCaseExecutor.runScript(TestCaseExecutor.java:337)
	at com.kms.katalon.core.main.TestCaseExecutor.doExecute(TestCaseExecutor.java:328)
	at com.kms.katalon.core.main.TestCaseExecutor.processExecutionPhase(TestCaseExecutor.java:307)
	at com.kms.katalon.core.main.TestCaseExecutor.accessMainPhase(TestCaseExecutor.java:299)
	at com.kms.katalon.core.main.TestCaseExecutor.execute(TestCaseExecutor.java:233)
	at com.kms.katalon.core.main.TestSuiteExecutor.accessTestCaseMainPhase(TestSuiteExecutor.java:169)
	at com.kms.katalon.core.main.TestSuiteExecutor.accessTestSuiteMainPhase(TestSuiteExecutor.java:142)
	at com.kms.katalon.core.main.TestSuiteExecutor.execute(TestSuiteExecutor.java:91)
	at com.kms.katalon.core.main.TestCaseMain.startTestSuite(TestCaseMain.java:157)
	at com.kms.katalon.core.main.TestCaseMain$startTestSuite$0.call(Unknown Source)
	at TempTestSuite1572833585598.run(TempTestSuite1572833585598.groovy:36)
Caused by: org.openqa.selenium.WebDriverException: [Exception... "Component not initialized"  nsresult: "0xc1f30001 (NS_ERROR_NOT_INITIALIZED)"  location: "JS frame :: chrome://marionette/content/modal.js :: get window :: line 199"  data: no]
Build info: version: '3.141.59', revision: 'e82be7d358', time: '2018-11-14T08:25:53'
System info: host: 'HZQA2', ip: '192.168.8.1', os.name: 'Windows 10', os.arch: 'amd64', os.version: '10.0', java.version: '1.8.0_181'
Driver info: com.kms.katalon.core.webui.driver.firefox.CGeckoDriver
Capabilities {acceptInsecureCerts: true, browserName: firefox, browserVersion: 70.0.1, javascriptEnabled: true, moz:accessibilityChecks: false, moz:buildID: 20191030021342, moz:geckodriverVersion: 0.25.0, moz:headless: false, moz:processID: 3828, moz:profile: C:\Users\Lynn\AppData\Local..., moz:shutdownTimeout: 60000, moz:useNonSpecCompliantPointerOrigin: false, moz:webdriverClick: true, pageLoadStrategy: normal, platform: WINDOWS, platformName: WINDOWS, platformVersion: 10.0, proxy: Proxy(direct), rotatable: false, setWindowRect: true, strictFileInteractability: false, timeouts: {implicit: 0, pageLoad: 300000, script: 30000}, unhandledPromptBehavior: dismiss and notify}
Session ID: 4c48f714-1d93-4179-93e3-64b553b77ab4
*** Element info: {Using=xpath, value=//a[@title='Inbox']}
	at org.openqa.selenium.remote.http.W3CHttpResponseCodec.createException(W3CHttpResponseCodec.java:187)
	at org.openqa.selenium.remote.http.W3CHttpResponseCodec.decode(W3CHttpResponseCodec.java:122)
	at org.openqa.selenium.remote.http.W3CHttpResponseCodec.decode(W3CHttpResponseCodec.java:49)
	at org.openqa.selenium.remote.HttpCommandExecutor.execute(HttpCommandExecutor.java:158)
	at org.openqa.selenium.remote.service.DriverCommandExecutor.execute(DriverCommandExecutor.java:83)
	at org.openqa.selenium.remote.RemoteWebDriver.execute(RemoteWebDriver.java:552)
	at com.kms.katalon.selenium.driver.CFirefoxDriver.execute(CFirefoxDriver.java:27)
	at org.openqa.selenium.remote.RemoteWebDriver.findElements(RemoteWebDriver.java:353)
	at org.openqa.selenium.remote.RemoteWebDriver.findElementsByXPath(RemoteWebDriver.java:432)
	at org.openqa.selenium.By$ByXPath.findElements(By.java:348)
	at org.openqa.selenium.remote.RemoteWebDriver.findElements(RemoteWebDriver.java:311)
	at org.openqa.selenium.support.events.EventFiringWebDriver.lambda$new$1(EventFiringWebDriver.java:105)
	at com.sun.proxy.$Proxy8.findElements(Unknown Source)
	at org.openqa.selenium.support.events.EventFiringWebDriver.findElements(EventFiringWebDriver.java:182)
	at com.kms.katalon.core.webui.common.WebUiCommonHelper.findWebElements(WebUiCommonHelper.java:762)
	at com.kms.katalon.core.webui.common.WebUiCommonHelper.findWebElement(WebUiCommonHelper.java:1109)
	at com.kms.katalon.core.webui.keyword.internal.WebUIAbstractKeyword.findWebElement(WebUIAbstractKeyword.groovy:27)
	at com.kms.katalon.core.webui.keyword.internal.WebUIAbstractKeyword.findWebElement(WebUIAbstractKeyword.groovy:26)
	at com.kms.katalon.core.webui.keyword.builtin.ClickKeyword$_click_closure1.doCall(ClickKeyword.groovy:52)
	at com.kms.katalon.core.webui.keyword.builtin.ClickKeyword$_click_closure1.call(ClickKeyword.groovy)
	at com.kms.katalon.core.webui.keyword.internal.WebUIKeywordMain.runKeyword(WebUIKeywordMain.groovy:20)
	... 22 more]]></system-err>
      </testcase>
      <system-out><![CDATA[2019-11-04 10:13:07 - [TEST_SUITE][FAILED] - MSListBoxTestCases: Test Cases/Rules FAILED.
Reason:
com.kms.katalon.core.exception.StepFailedException: Unable to verify object 'Object Repository/Rules/Rule_Show' is visible
	at com.kms.katalon.core.webui.keyword.internal.WebUIKeywordMain.stepFailed(WebUIKeywordMain.groovy:64)
	at com.kms.katalon.core.webui.keyword.internal.WebUIKeywordMain.runKeyword(WebUIKeywordMain.groovy:26)
	at com.kms.katalon.core.webui.keyword.builtin.VerifyElementVisibleKeyword.verifyElementVisible(VerifyElementVisibleKeyword.groovy:97)
	at com.kms.katalon.core.webui.keyword.builtin.VerifyElementVisibleKeyword.execute(VerifyElementVisibleKeyword.groovy:67)
	at com.kms.katalon.core.keyword.internal.KeywordExecutor.executeKeywordForPlatform(KeywordExecutor.groovy:60)
	at com.kms.katalon.core.webui.keyword.WebUiBuiltInKeywords.verifyElementVisible(WebUiBuiltInKeywords.groovy:372)
	at com.kms.katalon.core.webui.keyword.WebUiBuiltInKeywords$verifyElementVisible$15.call(Unknown Source)
	at Rules.run(Rules:20)
	at com.kms.katalon.core.main.ScriptEngine.run(ScriptEngine.java:194)
	at com.kms.katalon.core.main.ScriptEngine.runScriptAsRawText(ScriptEngine.java:119)
	at com.kms.katalon.core.main.TestCaseExecutor.runScript(TestCaseExecutor.java:337)
	at com.kms.katalon.core.main.TestCaseExecutor.doExecute(TestCaseExecutor.java:328)
	at com.kms.katalon.core.main.TestCaseExecutor.processExecutionPhase(TestCaseExecutor.java:307)
	at com.kms.katalon.core.main.TestCaseExecutor.accessMainPhase(TestCaseExecutor.java:299)
	at com.kms.katalon.core.main.TestCaseExecutor.execute(TestCaseExecutor.java:233)
	at com.kms.katalon.core.main.TestSuiteExecutor.accessTestCaseMainPhase(TestSuiteExecutor.java:169)
	at com.kms.katalon.core.main.TestSuiteExecutor.accessTestSuiteMainPhase(TestSuiteExecutor.java:142)
	at com.kms.katalon.core.main.TestSuiteExecutor.execute(TestSuiteExecutor.java:91)
	at com.kms.katalon.core.main.TestCaseMain.startTestSuite(TestCaseMain.java:157)
	at com.kms.katalon.core.main.TestCaseMain$startTestSuite$0.call(Unknown Source)
	at TempTestSuite1572833585598.run(TempTestSuite1572833585598.groovy:36)
Caused by: org.openqa.selenium.WebDriverException: [Exception... "Component not initialized"  nsresult: "0xc1f30001 (NS_ERROR_NOT_INITIALIZED)"  location: "JS frame :: chrome://marionette/content/modal.js :: get window :: line 199"  data: no]
Build info: version: '3.141.59', revision: 'e82be7d358', time: '2018-11-14T08:25:53'
System info: host: 'HZQA2', ip: '192.168.8.1', os.name: 'Windows 10', os.arch: 'amd64', os.version: '10.0', java.version: '1.8.0_181'
Driver info: com.kms.katalon.core.webui.driver.firefox.CGeckoDriver
Capabilities {acceptInsecureCerts: true, browserName: firefox, browserVersion: 70.0.1, javascriptEnabled: true, moz:accessibilityChecks: false, moz:buildID: 20191030021342, moz:geckodriverVersion: 0.25.0, moz:headless: false, moz:processID: 3828, moz:profile: C:\Users\Lynn\AppData\Local..., moz:shutdownTimeout: 60000, moz:useNonSpecCompliantPointerOrigin: false, moz:webdriverClick: true, pageLoadStrategy: normal, platform: WINDOWS, platformName: WINDOWS, platformVersion: 10.0, proxy: Proxy(direct), rotatable: false, setWindowRect: true, strictFileInteractability: false, timeouts: {implicit: 0, pageLoad: 300000, script: 30000}, unhandledPromptBehavior: dismiss and notify}
Session ID: 4c48f714-1d93-4179-93e3-64b553b77ab4
*** Element info: {Using=xpath, value=//div[@controlholdername='TextBox4']}
	at org.openqa.selenium.remote.http.W3CHttpResponseCodec.createException(W3CHttpResponseCodec.java:187)
	at org.openqa.selenium.remote.http.W3CHttpResponseCodec.decode(W3CHttpResponseCodec.java:122)
	at org.openqa.selenium.remote.http.W3CHttpResponseCodec.decode(W3CHttpResponseCodec.java:49)
	at org.openqa.selenium.remote.HttpCommandExecutor.execute(HttpCommandExecutor.java:158)
	at org.openqa.selenium.remote.service.DriverCommandExecutor.execute(DriverCommandExecutor.java:83)
	at org.openqa.selenium.remote.RemoteWebDriver.execute(RemoteWebDriver.java:552)
	at com.kms.katalon.selenium.driver.CFirefoxDriver.execute(CFirefoxDriver.java:27)
	at org.openqa.selenium.remote.RemoteWebDriver.findElements(RemoteWebDriver.java:353)
	at org.openqa.selenium.remote.RemoteWebDriver.findElementsByXPath(RemoteWebDriver.java:432)
	at org.openqa.selenium.By$ByXPath.findElements(By.java:348)
	at org.openqa.selenium.remote.RemoteWebDriver.findElements(RemoteWebDriver.java:311)
	at org.openqa.selenium.support.events.EventFiringWebDriver.lambda$new$1(EventFiringWebDriver.java:105)
	at com.sun.proxy.$Proxy8.findElements(Unknown Source)
	at org.openqa.selenium.support.events.EventFiringWebDriver.findElements(EventFiringWebDriver.java:182)
	at com.kms.katalon.core.webui.common.WebUiCommonHelper.findWebElements(WebUiCommonHelper.java:762)
	at com.kms.katalon.core.webui.common.WebUiCommonHelper.findWebElement(WebUiCommonHelper.java:1109)
	at com.kms.katalon.core.webui.keyword.internal.WebUIAbstractKeyword.findWebElement(WebUIAbstractKeyword.groovy:27)
	at com.kms.katalon.core.webui.keyword.builtin.VerifyElementVisibleKeyword$_verifyElementVisible_closure1.doCall(VerifyElementVisibleKeyword.groovy:78)
	at com.kms.katalon.core.webui.keyword.builtin.VerifyElementVisibleKeyword$_verifyElementVisible_closure1.call(VerifyElementVisibleKeyword.groovy)
	at com.kms.katalon.core.webui.keyword.internal.WebUIKeywordMain.runKeyword(WebUIKeywordMain.groovy:20)
	... 19 more]]></system-out>
      <system-err><![CDATA[2019-11-04 10:13:07 - [TEST_SUITE][FAILED] - MSListBoxTestCases: Test Cases/Rules FAILED.
Reason:
com.kms.katalon.core.exception.StepFailedException: Unable to verify object 'Object Repository/Rules/Rule_Show' is visible
	at com.kms.katalon.core.webui.keyword.internal.WebUIKeywordMain.stepFailed(WebUIKeywordMain.groovy:64)
	at com.kms.katalon.core.webui.keyword.internal.WebUIKeywordMain.runKeyword(WebUIKeywordMain.groovy:26)
	at com.kms.katalon.core.webui.keyword.builtin.VerifyElementVisibleKeyword.verifyElementVisible(VerifyElementVisibleKeyword.groovy:97)
	at com.kms.katalon.core.webui.keyword.builtin.VerifyElementVisibleKeyword.execute(VerifyElementVisibleKeyword.groovy:67)
	at com.kms.katalon.core.keyword.internal.KeywordExecutor.executeKeywordForPlatform(KeywordExecutor.groovy:60)
	at com.kms.katalon.core.webui.keyword.WebUiBuiltInKeywords.verifyElementVisible(WebUiBuiltInKeywords.groovy:372)
	at com.kms.katalon.core.webui.keyword.WebUiBuiltInKeywords$verifyElementVisible$15.call(Unknown Source)
	at Rules.run(Rules:20)
	at com.kms.katalon.core.main.ScriptEngine.run(ScriptEngine.java:194)
	at com.kms.katalon.core.main.ScriptEngine.runScriptAsRawText(ScriptEngine.java:119)
	at com.kms.katalon.core.main.TestCaseExecutor.runScript(TestCaseExecutor.java:337)
	at com.kms.katalon.core.main.TestCaseExecutor.doExecute(TestCaseExecutor.java:328)
	at com.kms.katalon.core.main.TestCaseExecutor.processExecutionPhase(TestCaseExecutor.java:307)
	at com.kms.katalon.core.main.TestCaseExecutor.accessMainPhase(TestCaseExecutor.java:299)
	at com.kms.katalon.core.main.TestCaseExecutor.execute(TestCaseExecutor.java:233)
	at com.kms.katalon.core.main.TestSuiteExecutor.accessTestCaseMainPhase(TestSuiteExecutor.java:169)
	at com.kms.katalon.core.main.TestSuiteExecutor.accessTestSuiteMainPhase(TestSuiteExecutor.java:142)
	at com.kms.katalon.core.main.TestSuiteExecutor.execute(TestSuiteExecutor.java:91)
	at com.kms.katalon.core.main.TestCaseMain.startTestSuite(TestCaseMain.java:157)
	at com.kms.katalon.core.main.TestCaseMain$startTestSuite$0.call(Unknown Source)
	at TempTestSuite1572833585598.run(TempTestSuite1572833585598.groovy:36)
Caused by: org.openqa.selenium.WebDriverException: [Exception... "Component not initialized"  nsresult: "0xc1f30001 (NS_ERROR_NOT_INITIALIZED)"  location: "JS frame :: chrome://marionette/content/modal.js :: get window :: line 199"  data: no]
Build info: version: '3.141.59', revision: 'e82be7d358', time: '2018-11-14T08:25:53'
System info: host: 'HZQA2', ip: '192.168.8.1', os.name: 'Windows 10', os.arch: 'amd64', os.version: '10.0', java.version: '1.8.0_181'
Driver info: com.kms.katalon.core.webui.driver.firefox.CGeckoDriver
Capabilities {acceptInsecureCerts: true, browserName: firefox, browserVersion: 70.0.1, javascriptEnabled: true, moz:accessibilityChecks: false, moz:buildID: 20191030021342, moz:geckodriverVersion: 0.25.0, moz:headless: false, moz:processID: 3828, moz:profile: C:\Users\Lynn\AppData\Local..., moz:shutdownTimeout: 60000, moz:useNonSpecCompliantPointerOrigin: false, moz:webdriverClick: true, pageLoadStrategy: normal, platform: WINDOWS, platformName: WINDOWS, platformVersion: 10.0, proxy: Proxy(direct), rotatable: false, setWindowRect: true, strictFileInteractability: false, timeouts: {implicit: 0, pageLoad: 300000, script: 30000}, unhandledPromptBehavior: dismiss and notify}
Session ID: 4c48f714-1d93-4179-93e3-64b553b77ab4
*** Element info: {Using=xpath, value=//div[@controlholdername='TextBox4']}
	at org.openqa.selenium.remote.http.W3CHttpResponseCodec.createException(W3CHttpResponseCodec.java:187)
	at org.openqa.selenium.remote.http.W3CHttpResponseCodec.decode(W3CHttpResponseCodec.java:122)
	at org.openqa.selenium.remote.http.W3CHttpResponseCodec.decode(W3CHttpResponseCodec.java:49)
	at org.openqa.selenium.remote.HttpCommandExecutor.execute(HttpCommandExecutor.java:158)
	at org.openqa.selenium.remote.service.DriverCommandExecutor.execute(DriverCommandExecutor.java:83)
	at org.openqa.selenium.remote.RemoteWebDriver.execute(RemoteWebDriver.java:552)
	at com.kms.katalon.selenium.driver.CFirefoxDriver.execute(CFirefoxDriver.java:27)
	at org.openqa.selenium.remote.RemoteWebDriver.findElements(RemoteWebDriver.java:353)
	at org.openqa.selenium.remote.RemoteWebDriver.findElementsByXPath(RemoteWebDriver.java:432)
	at org.openqa.selenium.By$ByXPath.findElements(By.java:348)
	at org.openqa.selenium.remote.RemoteWebDriver.findElements(RemoteWebDriver.java:311)
	at org.openqa.selenium.support.events.EventFiringWebDriver.lambda$new$1(EventFiringWebDriver.java:105)
	at com.sun.proxy.$Proxy8.findElements(Unknown Source)
	at org.openqa.selenium.support.events.EventFiringWebDriver.findElements(EventFiringWebDriver.java:182)
	at com.kms.katalon.core.webui.common.WebUiCommonHelper.findWebElements(WebUiCommonHelper.java:762)
	at com.kms.katalon.core.webui.common.WebUiCommonHelper.findWebElement(WebUiCommonHelper.java:1109)
	at com.kms.katalon.core.webui.keyword.internal.WebUIAbstractKeyword.findWebElement(WebUIAbstractKeyword.groovy:27)
	at com.kms.katalon.core.webui.keyword.builtin.VerifyElementVisibleKeyword$_verifyElementVisible_closure1.doCall(VerifyElementVisibleKeyword.groovy:78)
	at com.kms.katalon.core.webui.keyword.builtin.VerifyElementVisibleKeyword$_verifyElementVisible_closure1.call(VerifyElementVisibleKeyword.groovy)
	at com.kms.katalon.core.webui.keyword.internal.WebUIKeywordMain.runKeyword(WebUIKeywordMain.groovy:20)
	... 19 more]]></system-err>
   </testsuite>
</testsuites>
