<?xml version="1.0" encoding="UTF-8"?>
<testsuites name="MSListBoxTestCases" time="218.64" tests="9" failures="2" errors="0">
   <testsuite name="MSListBoxTestCases" tests="9" failures="2" errors="0" time="218.64" timestamp="2019-11-04 10:50:08" hostname="Lynn - HZQA2" id="Test Suites/MSListBoxTestCases">
      <properties>
         <property name="deviceName" value=""/>
         <property name="devicePlatform" value=""/>
         <property name="logFolder" value="D:\\Katalon Studio\\Test Multi-Select Listbox Control\\Reports\\20191104_105001\\MSListBoxTestCases\\20191104_105001"/>
         <property name="logFiles" value="D:\\Katalon Studio\\Test Multi-Select Listbox Control\\Reports\\20191104_105001\\MSListBoxTestCases\\20191104_105001\\execution0.log"/>
         <property name="attachments" value="D:\\Katalon Studio\\Test Multi-Select Listbox Control\\Reports\\20191104_105001\\MSListBoxTestCases\\20191104_105001\\1572835960235.png, D:\\Katalon Studio\\Test Multi-Select Listbox Control\\Reports\\20191104_105001\\MSListBoxTestCases\\20191104_105001\\1572836024810.png, D:\\Katalon Studio\\Test Multi-Select Listbox Control\\Reports\\20191104_105001\\MSListBoxTestCases\\20191104_105001\\1572836025298.png"/>
         <property name="hostName" value="Lynn - HZQA2"/>
         <property name="os" value="Windows 10 64bit"/>
         <property name="katalonVersion" value="7.0.5.1"/>
         <property name="browser" value="Chrome 78.0.3904.87"/>
         <property name="hostAddress" value="192.168.8.1"/>
         <property name="sessionId" value="cfa304326bb42a97cc788b427a351112"/>
         <property name="seleniumVersion" value="3.141.59"/>
         <property name="proxyInformation" value="ProxyInformation{proxyOption=NO_PROXY, proxyServerType=HTTP, password=, proxyServerAddress=, proxyServerPort=0}"/>
         <property name="platform" value="Windows 10"/>
      </properties>
      <testcase name="Test Cases/Label" time="41.619" classname="Test Cases/Label" status="PASSED">
         <system-out><![CDATA[2019-11-04 10:50:08 - [TEST_CASE][PASSED] - Test Cases/Label: Test Cases/Label

2019-11-04 10:50:08 - [TEST_STEP][PASSED] - com.helper.login.LoginHelper.loginIntoApplicationWith(): com.helper.login.LoginHelper.loginIntoApplicationWith is PASSED

2019-11-04 10:50:09 - [MESSAGE][INFO] - Starting 'Chrome' driver

2019-11-04 10:50:09 - [MESSAGE][INFO] - Action delay is set to 0 seconds

2019-11-04 10:50:15 - [MESSAGE][PASSED] - Browser is opened with url: 'http://r2:13491'

2019-11-04 10:50:20 - [MESSAGE][PASSED] - Current window maximized

2019-11-04 10:50:20 - [MESSAGE][PASSED] - Delete all cookies successfully

2019-11-04 10:50:20 - [MESSAGE][PASSED] - Text 'ADW2012R2' is set on object 'Object Repository/AgilePointNX Metadata/Domain'

2019-11-04 10:50:20 - [MESSAGE][PASSED] - Text 'Administrator' is set on object 'Object Repository/AgilePointNX Metadata/UserName'

2019-11-04 10:50:21 - [MESSAGE][PASSED] - Text ****** has been set on object 'Object Repository/AgilePointNX Metadata/Password'

2019-11-04 10:50:21 - [MESSAGE][PASSED] - Object: 'Object Repository/AgilePointNX Metadata/SubmitButton' is clicked on

2019-11-04 10:50:21 - [MESSAGE][PASSED] - Wait for page load successfully

2019-11-04 10:50:21 - [MESSAGE][PASSED] - com.helper.login.LoginHelper.loginIntoApplicationWith is PASSED

2019-11-04 10:50:21 - [TEST_STEP][PASSED] - com.helper.login.LoginHelper.NavigateToProcess(): com.helper.login.LoginHelper.NavigateToProcess is PASSED

2019-11-04 10:50:23 - [MESSAGE][PASSED] - Object: 'Object Repository/AgilePointNX Metadata/ClickOnWorkCenter' is clicked on

2019-11-04 10:50:23 - [MESSAGE][PASSED] - Wait for page load successfully

2019-11-04 10:50:25 - [MESSAGE][PASSED] - Object: 'Object Repository/AgilePointNX Metadata/ClickOnMyApplication' is hovered

2019-11-04 10:50:26 - [MESSAGE][PASSED] - Object 'Object Repository/AgilePointNX Metadata/ClickOnMyApplication' is clickable

2019-11-04 10:50:27 - [MESSAGE][PASSED] - Object: 'Object Repository/AgilePointNX Metadata/ClickOnMyApplication' is clicked on

2019-11-04 10:50:28 - [MESSAGE][PASSED] - Delayed 1 second(s)

2019-11-04 10:50:30 - [MESSAGE][PASSED] - Delayed 1 second(s)

2019-11-04 10:50:31 - [MESSAGE][PASSED] - Text 'MSListBox_Auto' is set on object 'Object Repository/AgilePointNX Metadata/SearchApplication'

2019-11-04 10:50:31 - [MESSAGE][PASSED] - Object: 'Object Repository/AgilePointNX Metadata/SelectProcessFromMyApps' is hovered

2019-11-04 10:50:32 - [MESSAGE][PASSED] - Delayed 1 second(s)

2019-11-04 10:50:32 - [MESSAGE][PASSED] - Object: 'Object Repository/AgilePointNX Metadata/SelectProcessFromMyApps' is clicked on

2019-11-04 10:50:32 - [MESSAGE][PASSED] - Switched to window with index: '1'

2019-11-04 10:50:36 - [MESSAGE][PASSED] - Current window maximized

2019-11-04 10:50:37 - [MESSAGE][PASSED] - Wait for page load successfully

2019-11-04 10:50:39 - [MESSAGE][PASSED] - Delayed 2 second(s)

2019-11-04 10:50:39 - [MESSAGE][PASSED] - com.helper.login.LoginHelper.NavigateToProcess is PASSED

2019-11-04 10:50:39 - [TEST_STEP][PASSED] - delay(3): Delayed 3 second(s)

2019-11-04 10:50:42 - [MESSAGE][PASSED] - Delayed 3 second(s)

2019-11-04 10:50:42 - [TEST_STEP][PASSED] - x = random.Common.getRandom(1, 999999999): random.Common.getRandom is PASSED

2019-11-04 10:50:42 - [MESSAGE][PASSED] - random.Common.getRandom is PASSED

2019-11-04 10:50:42 - [TEST_STEP][PASSED] - delay(1): Delayed 1 second(s)

2019-11-04 10:50:43 - [MESSAGE][PASSED] - Delayed 1 second(s)

2019-11-04 10:50:43 - [TEST_STEP][PASSED] - setText(findTestObject("Label/AccountName"), x): Text '289072269' is set on object 'Object Repository/Label/AccountName'

2019-11-04 10:50:43 - [MESSAGE][PASSED] - Text '289072269' is set on object 'Object Repository/Label/AccountName'

2019-11-04 10:50:43 - [TEST_STEP][PASSED] - verifyElementText(findTestObject("Label/EmptyLabel"), ""): Actual text and expected text of test object 'Object Repository/Label/EmptyLabel' are matched.

2019-11-04 10:50:43 - [MESSAGE][PASSED] - Actual text and expected text of test object 'Object Repository/Label/EmptyLabel' are matched.

2019-11-04 10:50:43 - [TEST_STEP][PASSED] - verifyElementText(findTestObject("Label/SpeicalCharactersLabel"), "@#$%"): Actual text and expected text of test object 'Object Repository/Label/SpeicalCharactersLabel' are matched.

2019-11-04 10:50:44 - [MESSAGE][PASSED] - Actual text and expected text of test object 'Object Repository/Label/SpeicalCharactersLabel' are matched.

2019-11-04 10:50:44 - [TEST_STEP][PASSED] - verifyElementText(findTestObject("Label/SCLabel"), "中文简体标签"): Actual text and expected text of test object 'Object Repository/Label/SCLabel' are matched.

2019-11-04 10:50:44 - [MESSAGE][PASSED] - Actual text and expected text of test object 'Object Repository/Label/SCLabel' are matched.

2019-11-04 10:50:44 - [TEST_STEP][PASSED] - verifyElementText(findTestObject("Label/TCLabel"), "繁體中文憂鬱的烏龜"): Actual text and expected text of test object 'Object Repository/Label/TCLabel' are matched.

2019-11-04 10:50:45 - [MESSAGE][PASSED] - Actual text and expected text of test object 'Object Repository/Label/TCLabel' are matched.

2019-11-04 10:50:45 - [TEST_STEP][PASSED] - verifyElementText(findTestObject("Label/JPLabel"), "日本語ラベル"): Actual text and expected text of test object 'Object Repository/Label/JPLabel' are matched.

2019-11-04 10:50:45 - [MESSAGE][PASSED] - Actual text and expected text of test object 'Object Repository/Label/JPLabel' are matched.

2019-11-04 10:50:45 - [TEST_STEP][PASSED] - verifyElementText(findTestObject("Label/HBLabel"), "אחר צהריים טובים"): Actual text and expected text of test object 'Object Repository/Label/HBLabel' are matched.

2019-11-04 10:50:45 - [MESSAGE][PASSED] - Actual text and expected text of test object 'Object Repository/Label/HBLabel' are matched.

2019-11-04 10:50:45 - [TEST_STEP][PASSED] - verifyElementText(findTestObject("Label/NumberSpaceLabel"), "a  23 456"): Actual text and expected text of test object 'Object Repository/Label/NumberSpaceLabel' are matched.

2019-11-04 10:50:46 - [MESSAGE][PASSED] - Actual text and expected text of test object 'Object Repository/Label/NumberSpaceLabel' are matched.

2019-11-04 10:50:46 - [TEST_STEP][PASSED] - verifyElementText(findTestObject("Label/GlobalDataLabel"), sss): Actual text and expected text of test object 'Object Repository/Label/GlobalDataLabel' are matched.

2019-11-04 10:50:46 - [MESSAGE][PASSED] - Actual text and expected text of test object 'Object Repository/Label/GlobalDataLabel' are matched.

2019-11-04 10:50:46 - [TEST_STEP][PASSED] - verifyElementText(findTestObject("Label/GlobalTranslationKey_Label"), "Test 1"): Actual text and expected text of test object 'Object Repository/Label/GlobalTranslationKey_Label' are matched.

2019-11-04 10:50:47 - [MESSAGE][PASSED] - Actual text and expected text of test object 'Object Repository/Label/GlobalTranslationKey_Label' are matched.

2019-11-04 10:50:47 - [TEST_STEP][PASSED] - verifyElementText(findTestObject("Label/LongLabel"), "Text Box 3Text Box 3Text Box 3Text Box 3Text Box 3Text Box 3Text Box 3Text Box 3"): Actual text and expected text of test object 'Object Repository/Label/LongLabel' are matched.

2019-11-04 10:50:47 - [MESSAGE][PASSED] - Actual text and expected text of test object 'Object Repository/Label/LongLabel' are matched.

2019-11-04 10:50:47 - [TEST_STEP][PASSED] - delay(1): Delayed 1 second(s)

2019-11-04 10:50:48 - [MESSAGE][PASSED] - Delayed 1 second(s)

2019-11-04 10:50:48 - [TEST_STEP][PASSED] - click(findTestObject("AgilePointNX Metadata/NextButton")): Object: 'Object Repository/AgilePointNX Metadata/NextButton' is clicked on

2019-11-04 10:50:49 - [MESSAGE][PASSED] - Object: 'Object Repository/AgilePointNX Metadata/NextButton' is clicked on

2019-11-04 10:50:49 - [TEST_STEP][PASSED] - delay(1): Delayed 1 second(s)

2019-11-04 10:50:50 - [MESSAGE][PASSED] - Delayed 1 second(s)]]></system-out>
         <system-err><![CDATA[]]></system-err>
      </testcase>
      <testcase name="Test Cases/InternalName" time="3.994" classname="Test Cases/InternalName" status="PASSED">
         <system-out><![CDATA[2019-11-04 10:50:50 - [TEST_CASE][PASSED] - Test Cases/InternalName: Test Cases/InternalName

2019-11-04 10:50:50 - [TEST_STEP][PASSED] - verifyElementPresent(findTestObject("InternalName/_AsInternalName"), 1): Object 'Object Repository/InternalName/_AsInternalName' is present

2019-11-04 10:50:50 - [MESSAGE][PASSED] - Object 'Object Repository/InternalName/_AsInternalName' is present

2019-11-04 10:50:50 - [TEST_STEP][PASSED] - verifyElementPresent(findTestObject("InternalName/NumberInternalName"), 1): Object 'Object Repository/InternalName/NumberInternalName' is present

2019-11-04 10:50:51 - [MESSAGE][PASSED] - Object 'Object Repository/InternalName/NumberInternalName' is present

2019-11-04 10:50:51 - [TEST_STEP][PASSED] - verifyElementPresent(findTestObject("InternalName/LongInternalName"), 1): Object 'Object Repository/InternalName/LongInternalName' is present

2019-11-04 10:50:51 - [MESSAGE][PASSED] - Object 'Object Repository/InternalName/LongInternalName' is present

2019-11-04 10:50:51 - [TEST_STEP][PASSED] - delay(1): Delayed 1 second(s)

2019-11-04 10:50:52 - [MESSAGE][PASSED] - Delayed 1 second(s)

2019-11-04 10:50:52 - [TEST_STEP][PASSED] - click(findTestObject("AgilePointNX Metadata/NextButton")): Object: 'Object Repository/AgilePointNX Metadata/NextButton' is clicked on

2019-11-04 10:50:53 - [MESSAGE][PASSED] - Object: 'Object Repository/AgilePointNX Metadata/NextButton' is clicked on

2019-11-04 10:50:53 - [TEST_STEP][PASSED] - delay(1): Delayed 1 second(s)

2019-11-04 10:50:54 - [MESSAGE][PASSED] - Delayed 1 second(s)]]></system-out>
         <system-err><![CDATA[]]></system-err>
      </testcase>
      <testcase name="Test Cases/HelpText" time="13.268" classname="Test Cases/HelpText" status="PASSED">
         <system-out><![CDATA[2019-11-04 10:50:54 - [TEST_CASE][PASSED] - Test Cases/HelpText: Test Cases/HelpText

2019-11-04 10:50:54 - [TEST_STEP][PASSED] - verifyElementAttributeValue(findTestObject("HelpText/HoverOnLabel_Empty"), "title", "", 1): Object 'Object Repository/HelpText/HoverOnLabel_Empty' has attribute 'title' with value ''

2019-11-04 10:50:54 - [MESSAGE][PASSED] - Object 'Object Repository/HelpText/HoverOnLabel_Empty' has attribute 'title' with value ''

2019-11-04 10:50:54 - [TEST_STEP][PASSED] - verifyElementAttributeValue(findTestObject("HelpText/SpecialHelpText"), "title", "`~!@#$%^&*()_+{}|:"<>? -= []\;',./", 1): Object 'Object Repository/HelpText/SpecialHelpText' has attribute 'title' with value '`~!@#$%^&*()_+{}|:"<>? -= []\;',./'

2019-11-04 10:50:55 - [MESSAGE][PASSED] - Object 'Object Repository/HelpText/SpecialHelpText' has attribute 'title' with value '`~!@#$%^&*()_+{}|:"<>? -= []\;',./'

2019-11-04 10:50:55 - [TEST_STEP][PASSED] - delay(1): Delayed 1 second(s)

2019-11-04 10:50:56 - [MESSAGE][PASSED] - Delayed 1 second(s)

2019-11-04 10:50:56 - [TEST_STEP][PASSED] - verifyElementAttributeValue(findTestObject("HelpText/HoverOnLabel_SC"), "title", "阿拉伯忧郁的乌龟", 1): Object 'Object Repository/HelpText/HoverOnLabel_SC' has attribute 'title' with value '阿拉伯忧郁的乌龟'

2019-11-04 10:50:56 - [MESSAGE][PASSED] - Object 'Object Repository/HelpText/HoverOnLabel_SC' has attribute 'title' with value '阿拉伯忧郁的乌龟'

2019-11-04 10:50:56 - [TEST_STEP][PASSED] - verifyElementAttributeValue(findTestObject("HelpText/HoverOnLabel_TC"), "title", "阿拉伯憂鬱的烏龜", 1): Object 'Object Repository/HelpText/HoverOnLabel_TC' has attribute 'title' with value '阿拉伯憂鬱的烏龜'

2019-11-04 10:50:57 - [MESSAGE][PASSED] - Object 'Object Repository/HelpText/HoverOnLabel_TC' has attribute 'title' with value '阿拉伯憂鬱的烏龜'

2019-11-04 10:50:57 - [TEST_STEP][PASSED] - verifyElementAttributeValue(findTestObject("HelpText/HoverOnField_TC"), "title", "阿拉伯憂鬱的烏龜", 1): Object 'Object Repository/HelpText/HoverOnField_TC' has attribute 'title' with value '阿拉伯憂鬱的烏龜'

2019-11-04 10:50:57 - [MESSAGE][PASSED] - Object 'Object Repository/HelpText/HoverOnField_TC' has attribute 'title' with value '阿拉伯憂鬱的烏龜'

2019-11-04 10:50:57 - [TEST_STEP][PASSED] - delay(1): Delayed 1 second(s)

2019-11-04 10:50:58 - [MESSAGE][PASSED] - Delayed 1 second(s)

2019-11-04 10:50:58 - [TEST_STEP][PASSED] - verifyElementAttributeValue(findTestObject("HelpText/HT_JP"), "title", "アラブの憂鬱なカメ", 1): Object 'Object Repository/HelpText/HT_JP' has attribute 'title' with value 'アラブの憂鬱なカメ'

2019-11-04 10:50:58 - [MESSAGE][PASSED] - Object 'Object Repository/HelpText/HT_JP' has attribute 'title' with value 'アラブの憂鬱なカメ'

2019-11-04 10:50:58 - [TEST_STEP][PASSED] - delay(1): Delayed 1 second(s)

2019-11-04 10:50:59 - [MESSAGE][PASSED] - Delayed 1 second(s)

2019-11-04 10:50:59 - [TEST_STEP][PASSED] - verifyElementAttributeValue(findTestObject("HelpText/HT_HB"), "title", "אחר צהריים טובים", 1): Object 'Object Repository/HelpText/HT_HB' has attribute 'title' with value 'אחר צהריים טובים'

2019-11-04 10:51:00 - [MESSAGE][PASSED] - Object 'Object Repository/HelpText/HT_HB' has attribute 'title' with value 'אחר צהריים טובים'

2019-11-04 10:51:00 - [TEST_STEP][PASSED] - delay(1): Delayed 1 second(s)

2019-11-04 10:51:01 - [MESSAGE][PASSED] - Delayed 1 second(s)

2019-11-04 10:51:01 - [TEST_STEP][PASSED] - verifyElementAttributeValue(findTestObject("HelpText/HT_NumberAndSpace"), "title", "234  567 8", 1): Object 'Object Repository/HelpText/HT_NumberAndSpace' has attribute 'title' with value '234  567 8'

2019-11-04 10:51:01 - [MESSAGE][PASSED] - Object 'Object Repository/HelpText/HT_NumberAndSpace' has attribute 'title' with value '234  567 8'

2019-11-04 10:51:01 - [TEST_STEP][PASSED] - delay(1): Delayed 1 second(s)

2019-11-04 10:51:02 - [MESSAGE][PASSED] - Delayed 1 second(s)

2019-11-04 10:51:02 - [TEST_STEP][PASSED] - verifyElementAttributeValue(findTestObject("HelpText/HT_GlobalData"), "title", sss, 1): Object 'Object Repository/HelpText/HT_GlobalData' has attribute 'title' with value 'rr'

2019-11-04 10:51:03 - [MESSAGE][PASSED] - Object 'Object Repository/HelpText/HT_GlobalData' has attribute 'title' with value 'rr'

2019-11-04 10:51:03 - [TEST_STEP][PASSED] - delay(1): Delayed 1 second(s)

2019-11-04 10:51:04 - [MESSAGE][PASSED] - Delayed 1 second(s)

2019-11-04 10:51:04 - [TEST_STEP][PASSED] - verifyElementAttributeValue(findTestObject("HelpText/HoverOnLabel_GlobalTranslationKey_Label"), "title", "Test 1", 1): Object 'Object Repository/HelpText/HoverOnLabel_GlobalTranslationKey_Label' has attribute 'title' with value 'Test 1'

2019-11-04 10:51:04 - [MESSAGE][PASSED] - Object 'Object Repository/HelpText/HoverOnLabel_GlobalTranslationKey_Label' has attribute 'title' with value 'Test 1'

2019-11-04 10:51:04 - [TEST_STEP][PASSED] - delay(1): Delayed 1 second(s)

2019-11-04 10:51:05 - [MESSAGE][PASSED] - Delayed 1 second(s)

2019-11-04 10:51:05 - [TEST_STEP][PASSED] - verifyElementAttributeValue(findTestObject("HelpText/Long_HelpText"), "title", "This is a long help text!This is a long help text!This is a long help text!This is a long help text!This is a long help text!This is a long help text!This is a long help text!This is a long help text!This is a long help text!This is a long help text!This is a long help text!This is a long help text!This is a long help text!This is a long help text!This is a long help text!This is a long help text!This is a long help text!This is a long help text!This is a long help text!This is a long help text!This is a long help text!This is a long help text!This is a long help text!This is a long help text!This is a long help text!This is a long help text!This is a long help text!This is a long help text!This is a long help text!This is a long help text!This is a long help text!This is a long help text!This is a long help text!This is a long help text!This is a long help text!This is a long help text!This is a long help text!This is a long help text!This is a long help text!This is a long help text!", 1): Object 'Object Repository/HelpText/Long_HelpText' has attribute 'title' with value 'This is a long help text!This is a long help text!This is a long help text!This is a long help text!This is a long help text!This is a long help text!This is a long help text!This is a long help text!This is a long help text!This is a long help text!This is a long help text!This is a long help text!This is a long help text!This is a long help text!This is a long help text!This is a long help text!This is a long help text!This is a long help text!This is a long help text!This is a long help text!This is a long help text!This is a long help text!This is a long help text!This is a long help text!This is a long help text!This is a long help text!This is a long help text!This is a long help text!This is a long help text!This is a long help text!This is a long help text!This is a long help text!This is a long help text!This is a long help text!This is a long help text!This is a long help text!This is a long help text!This is a long help text!This is a long help text!This is a long help text!'

2019-11-04 10:51:05 - [MESSAGE][PASSED] - Object 'Object Repository/HelpText/Long_HelpText' has attribute 'title' with value 'This is a long help text!This is a long help text!This is a long help text!This is a long help text!This is a long help text!This is a long help text!This is a long help text!This is a long help text!This is a long help text!This is a long help text!This is a long help text!This is a long help text!This is a long help text!This is a long help text!This is a long help text!This is a long help text!This is a long help text!This is a long help text!This is a long help text!This is a long help text!This is a long help text!This is a long help text!This is a long help text!This is a long help text!This is a long help text!This is a long help text!This is a long help text!This is a long help text!This is a long help text!This is a long help text!This is a long help text!This is a long help text!This is a long help text!This is a long help text!This is a long help text!This is a long help text!This is a long help text!This is a long help text!This is a long help text!This is a long help text!'

2019-11-04 10:51:05 - [TEST_STEP][PASSED] - click(findTestObject("AgilePointNX Metadata/NextButton")): Object: 'Object Repository/AgilePointNX Metadata/NextButton' is clicked on

2019-11-04 10:51:06 - [MESSAGE][PASSED] - Object: 'Object Repository/AgilePointNX Metadata/NextButton' is clicked on

2019-11-04 10:51:06 - [TEST_STEP][PASSED] - delay(1): Delayed 1 second(s)

2019-11-04 10:51:07 - [MESSAGE][PASSED] - Delayed 1 second(s)]]></system-out>
         <system-err><![CDATA[]]></system-err>
      </testcase>
      <testcase name="Test Cases/Mandatory" time="19.208" classname="Test Cases/Mandatory" status="PASSED">
         <system-out><![CDATA[2019-11-04 10:51:07 - [TEST_CASE][PASSED] - Test Cases/Mandatory: Test Cases/Mandatory

2019-11-04 10:51:07 - [TEST_STEP][PASSED] - click(findTestObject("AgilePointNX Metadata/SubmitForm")): Object: 'Object Repository/AgilePointNX Metadata/SubmitForm' is clicked on

2019-11-04 10:51:08 - [MESSAGE][PASSED] - Object: 'Object Repository/AgilePointNX Metadata/SubmitForm' is clicked on

2019-11-04 10:51:08 - [TEST_STEP][PASSED] - delay(1): Delayed 1 second(s)

2019-11-04 10:51:09 - [MESSAGE][PASSED] - Delayed 1 second(s)

2019-11-04 10:51:09 - [TEST_STEP][PASSED] - click(findTestObject("AgilePointNX Metadata/CloseError")): Object: 'Object Repository/AgilePointNX Metadata/CloseError' is clicked on

2019-11-04 10:51:10 - [MESSAGE][PASSED] - Object: 'Object Repository/AgilePointNX Metadata/CloseError' is clicked on

2019-11-04 10:51:10 - [TEST_STEP][PASSED] - verifyElementText(findTestObject("4.Mandatory/NotMandatory"), ""): Actual text and expected text of test object 'Object Repository/4.Mandatory/NotMandatory' are matched.

2019-11-04 10:51:10 - [MESSAGE][PASSED] - Actual text and expected text of test object 'Object Repository/4.Mandatory/NotMandatory' are matched.

2019-11-04 10:51:10 - [TEST_STEP][PASSED] - delay(1): Delayed 1 second(s)

2019-11-04 10:51:11 - [MESSAGE][PASSED] - Delayed 1 second(s)

2019-11-04 10:51:11 - [TEST_STEP][PASSED] - verifyElementText(findTestObject("4.Mandatory/Mandatory_Default_Message"), "Choose Options from the M_Default"): Actual text and expected text of test object 'Object Repository/4.Mandatory/Mandatory_Default_Message' are matched.

2019-11-04 10:51:12 - [MESSAGE][PASSED] - Actual text and expected text of test object 'Object Repository/4.Mandatory/Mandatory_Default_Message' are matched.

2019-11-04 10:51:12 - [TEST_STEP][PASSED] - delay(1): Delayed 1 second(s)

2019-11-04 10:51:13 - [MESSAGE][PASSED] - Delayed 1 second(s)

2019-11-04 10:51:13 - [TEST_STEP][PASSED] - click(findTestObject("4.Mandatory/M_Default_Click")): Object: 'Object Repository/4.Mandatory/M_Default_Click' is clicked on

2019-11-04 10:51:13 - [MESSAGE][PASSED] - Object: 'Object Repository/4.Mandatory/M_Default_Click' is clicked on

2019-11-04 10:51:13 - [TEST_STEP][PASSED] - click(findTestObject("4.Mandatory/Mandatory_Default")): Object: 'Object Repository/4.Mandatory/Mandatory_Default' is clicked on

2019-11-04 10:51:14 - [MESSAGE][PASSED] - Object: 'Object Repository/4.Mandatory/Mandatory_Default' is clicked on

2019-11-04 10:51:14 - [TEST_STEP][PASSED] - verifyElementText(findTestObject("4.Mandatory/Mandatory_SC_Message"), "请在 M_SC选择一个选项"): Actual text and expected text of test object 'Object Repository/4.Mandatory/Mandatory_SC_Message' are matched.

2019-11-04 10:51:15 - [MESSAGE][PASSED] - Actual text and expected text of test object 'Object Repository/4.Mandatory/Mandatory_SC_Message' are matched.

2019-11-04 10:51:15 - [TEST_STEP][PASSED] - click(findTestObject("4.Mandatory/M_SC_Click")): Object: 'Object Repository/4.Mandatory/M_SC_Click' is clicked on

2019-11-04 10:51:15 - [MESSAGE][PASSED] - Object: 'Object Repository/4.Mandatory/M_SC_Click' is clicked on

2019-11-04 10:51:15 - [TEST_STEP][PASSED] - click(findTestObject("4.Mandatory/Mandatory_SC")): Object: 'Object Repository/4.Mandatory/Mandatory_SC' is clicked on

2019-11-04 10:51:16 - [MESSAGE][PASSED] - Object: 'Object Repository/4.Mandatory/Mandatory_SC' is clicked on

2019-11-04 10:51:16 - [TEST_STEP][PASSED] - verifyElementText(findTestObject("4.Mandatory/Mandatory_JP_Message"), "オプションを選択してください"): Actual text and expected text of test object 'Object Repository/4.Mandatory/Mandatory_JP_Message' are matched.

2019-11-04 10:51:17 - [MESSAGE][PASSED] - Actual text and expected text of test object 'Object Repository/4.Mandatory/Mandatory_JP_Message' are matched.

2019-11-04 10:51:17 - [TEST_STEP][PASSED] - click(findTestObject("4.Mandatory/M_JP_Click")): Object: 'Object Repository/4.Mandatory/M_JP_Click' is clicked on

2019-11-04 10:51:17 - [MESSAGE][PASSED] - Object: 'Object Repository/4.Mandatory/M_JP_Click' is clicked on

2019-11-04 10:51:17 - [TEST_STEP][PASSED] - click(findTestObject("4.Mandatory/Mandatory_JP")): Object: 'Object Repository/4.Mandatory/Mandatory_JP' is clicked on

2019-11-04 10:51:18 - [MESSAGE][PASSED] - Object: 'Object Repository/4.Mandatory/Mandatory_JP' is clicked on

2019-11-04 10:51:18 - [TEST_STEP][PASSED] - verifyElementText(findTestObject("4.Mandatory/Mandatory_GlobalData_Message"), sss): Actual text and expected text of test object 'Object Repository/4.Mandatory/Mandatory_GlobalData_Message' are matched.

2019-11-04 10:51:19 - [MESSAGE][PASSED] - Actual text and expected text of test object 'Object Repository/4.Mandatory/Mandatory_GlobalData_Message' are matched.

2019-11-04 10:51:19 - [TEST_STEP][PASSED] - click(findTestObject("4.Mandatory/M_Global_Click")): Object: 'Object Repository/4.Mandatory/M_Global_Click' is clicked on

2019-11-04 10:51:19 - [MESSAGE][PASSED] - Object: 'Object Repository/4.Mandatory/M_Global_Click' is clicked on

2019-11-04 10:51:19 - [TEST_STEP][PASSED] - click(findTestObject("4.Mandatory/Mandatory_GlobalData")): Object: 'Object Repository/4.Mandatory/Mandatory_GlobalData' is clicked on

2019-11-04 10:51:20 - [MESSAGE][PASSED] - Object: 'Object Repository/4.Mandatory/Mandatory_GlobalData' is clicked on

2019-11-04 10:51:20 - [TEST_STEP][PASSED] - delay(1): Delayed 1 second(s)

2019-11-04 10:51:21 - [MESSAGE][PASSED] - Delayed 1 second(s)

2019-11-04 10:51:21 - [TEST_STEP][PASSED] - setText(findTestObject("4.Mandatory/AcceptCustomValue"), "efg"): Text 'efg' is set on object 'Object Repository/4.Mandatory/AcceptCustomValue'

2019-11-04 10:51:22 - [MESSAGE][PASSED] - Text 'efg' is set on object 'Object Repository/4.Mandatory/AcceptCustomValue'

2019-11-04 10:51:22 - [TEST_STEP][PASSED] - click(findTestObject("4.Mandatory/Accept_Label")): Object: 'Object Repository/4.Mandatory/Accept_Label' is clicked on

2019-11-04 10:51:23 - [MESSAGE][PASSED] - Object: 'Object Repository/4.Mandatory/Accept_Label' is clicked on

2019-11-04 10:51:23 - [TEST_STEP][PASSED] - verifyElementPresent(findTestObject("4.Mandatory/VerifyCustom"), 1): Object 'Object Repository/4.Mandatory/VerifyCustom' is present

2019-11-04 10:51:23 - [MESSAGE][PASSED] - Object 'Object Repository/4.Mandatory/VerifyCustom' is present

2019-11-04 10:51:23 - [TEST_STEP][PASSED] - delay(1): Delayed 1 second(s)

2019-11-04 10:51:24 - [MESSAGE][PASSED] - Delayed 1 second(s)

2019-11-04 10:51:24 - [TEST_STEP][PASSED] - click(findTestObject("AgilePointNX Metadata/NextButton")): Object: 'Object Repository/AgilePointNX Metadata/NextButton' is clicked on

2019-11-04 10:51:25 - [MESSAGE][PASSED] - Object: 'Object Repository/AgilePointNX Metadata/NextButton' is clicked on

2019-11-04 10:51:25 - [TEST_STEP][PASSED] - delay(1): Delayed 1 second(s)

2019-11-04 10:51:26 - [MESSAGE][PASSED] - Delayed 1 second(s)]]></system-out>
         <system-err><![CDATA[]]></system-err>
      </testcase>
      <testcase name="Test Cases/ListType" time="32.724" classname="Test Cases/ListType" status="PASSED">
         <system-out><![CDATA[2019-11-04 10:51:26 - [TEST_CASE][PASSED] - Test Cases/ListType: Test Cases/ListType

2019-11-04 10:51:26 - [TEST_STEP][PASSED] - click(findTestObject("5.InlineList/Inlist1_Click")): Object: 'Object Repository/5.InlineList/Inlist1_Click' is clicked on

2019-11-04 10:51:27 - [MESSAGE][PASSED] - Object: 'Object Repository/5.InlineList/Inlist1_Click' is clicked on

2019-11-04 10:51:27 - [TEST_STEP][PASSED] - click(findTestObject("5.InlineList/InList1_O1")): Object: 'Object Repository/5.InlineList/InList1_O1' is clicked on

2019-11-04 10:51:28 - [MESSAGE][PASSED] - Object: 'Object Repository/5.InlineList/InList1_O1' is clicked on

2019-11-04 10:51:28 - [TEST_STEP][PASSED] - click(findTestObject("5.InlineList/Inlist1_Click")): Object: 'Object Repository/5.InlineList/Inlist1_Click' is clicked on

2019-11-04 10:51:29 - [MESSAGE][PASSED] - Object: 'Object Repository/5.InlineList/Inlist1_Click' is clicked on

2019-11-04 10:51:29 - [TEST_STEP][PASSED] - click(findTestObject("5.InlineList/InlineList1")): Object: 'Object Repository/5.InlineList/InlineList1' is clicked on

2019-11-04 10:51:29 - [MESSAGE][PASSED] - Object: 'Object Repository/5.InlineList/InlineList1' is clicked on

2019-11-04 10:51:29 - [TEST_STEP][PASSED] - click(findTestObject("5.InlineList/Inlist1_Click")): Object: 'Object Repository/5.InlineList/Inlist1_Click' is clicked on

2019-11-04 10:51:30 - [MESSAGE][PASSED] - Object: 'Object Repository/5.InlineList/Inlist1_Click' is clicked on

2019-11-04 10:51:30 - [TEST_STEP][PASSED] - click(findTestObject("5.InlineList/InList1_O3")): Object: 'Object Repository/5.InlineList/InList1_O3' is clicked on

2019-11-04 10:51:30 - [MESSAGE][PASSED] - Object: 'Object Repository/5.InlineList/InList1_O3' is clicked on

2019-11-04 10:51:30 - [TEST_STEP][PASSED] - click(findTestObject("5.InlineList/InList2_Click")): Object: 'Object Repository/5.InlineList/InList2_Click' is clicked on

2019-11-04 10:51:31 - [MESSAGE][PASSED] - Object: 'Object Repository/5.InlineList/InList2_Click' is clicked on

2019-11-04 10:51:31 - [TEST_STEP][PASSED] - click(findTestObject("5.InlineList/InlineList2")): Object: 'Object Repository/5.InlineList/InlineList2' is clicked on

2019-11-04 10:51:32 - [MESSAGE][PASSED] - Object: 'Object Repository/5.InlineList/InlineList2' is clicked on

2019-11-04 10:51:32 - [TEST_STEP][PASSED] - click(findTestObject("5.InlineList/InList3_Click")): Object: 'Object Repository/5.InlineList/InList3_Click' is clicked on

2019-11-04 10:51:33 - [MESSAGE][PASSED] - Object: 'Object Repository/5.InlineList/InList3_Click' is clicked on

2019-11-04 10:51:33 - [TEST_STEP][PASSED] - click(findTestObject("5.InlineList/InlineList3")): Object: 'Object Repository/5.InlineList/InlineList3' is clicked on

2019-11-04 10:51:34 - [MESSAGE][PASSED] - Object: 'Object Repository/5.InlineList/InlineList3' is clicked on

2019-11-04 10:51:34 - [TEST_STEP][PASSED] - click(findTestObject("5.InlineList/InList4_Click")): Object: 'Object Repository/5.InlineList/InList4_Click' is clicked on

2019-11-04 10:51:34 - [MESSAGE][PASSED] - Object: 'Object Repository/5.InlineList/InList4_Click' is clicked on

2019-11-04 10:51:34 - [TEST_STEP][PASSED] - click(findTestObject("5.InlineList/InlineList4")): Object: 'Object Repository/5.InlineList/InlineList4' is clicked on

2019-11-04 10:51:35 - [MESSAGE][PASSED] - Object: 'Object Repository/5.InlineList/InlineList4' is clicked on

2019-11-04 10:51:35 - [TEST_STEP][PASSED] - click(findTestObject("5.InlineList/InList5_Click")): Object: 'Object Repository/5.InlineList/InList5_Click' is clicked on

2019-11-04 10:51:36 - [MESSAGE][PASSED] - Object: 'Object Repository/5.InlineList/InList5_Click' is clicked on

2019-11-04 10:51:36 - [TEST_STEP][PASSED] - click(findTestObject("5.InlineList/InlineList5")): Object: 'Object Repository/5.InlineList/InlineList5' is clicked on

2019-11-04 10:51:37 - [MESSAGE][PASSED] - Object: 'Object Repository/5.InlineList/InlineList5' is clicked on

2019-11-04 10:51:37 - [TEST_STEP][PASSED] - verifyElementPresent(findTestObject("5.InlineList/InlineList6_VerifyDefault"), 1, STOP_ON_FAILURE): Object 'Object Repository/5.InlineList/InlineList6_VerifyDefault' is present

2019-11-04 10:51:37 - [MESSAGE][PASSED] - Object 'Object Repository/5.InlineList/InlineList6_VerifyDefault' is present

2019-11-04 10:51:37 - [TEST_STEP][PASSED] - delay(1): Delayed 1 second(s)

2019-11-04 10:51:38 - [MESSAGE][PASSED] - Delayed 1 second(s)

2019-11-04 10:51:38 - [TEST_STEP][PASSED] - click(findTestObject("6.PredefinedList/PL_Countries_Click")): Object: 'Object Repository/6.PredefinedList/PL_Countries_Click' is clicked on

2019-11-04 10:51:39 - [MESSAGE][PASSED] - Object: 'Object Repository/6.PredefinedList/PL_Countries_Click' is clicked on

2019-11-04 10:51:39 - [TEST_STEP][PASSED] - click(findTestObject("6.PredefinedList/PreList_Countries")): Object: 'Object Repository/6.PredefinedList/PreList_Countries' is clicked on

2019-11-04 10:51:40 - [MESSAGE][PASSED] - Object: 'Object Repository/6.PredefinedList/PreList_Countries' is clicked on

2019-11-04 10:51:40 - [TEST_STEP][PASSED] - click(findTestObject("6.PredefinedList/PL_Locale_Click")): Object: 'Object Repository/6.PredefinedList/PL_Locale_Click' is clicked on

2019-11-04 10:51:41 - [MESSAGE][PASSED] - Object: 'Object Repository/6.PredefinedList/PL_Locale_Click' is clicked on

2019-11-04 10:51:41 - [TEST_STEP][PASSED] - click(findTestObject("6.PredefinedList/PreList_Locale")): Object: 'Object Repository/6.PredefinedList/PreList_Locale' is clicked on

2019-11-04 10:51:42 - [MESSAGE][PASSED] - Object: 'Object Repository/6.PredefinedList/PreList_Locale' is clicked on

2019-11-04 10:51:42 - [TEST_STEP][PASSED] - click(findTestObject("6.PredefinedList/PL_Custom_Click")): Object: 'Object Repository/6.PredefinedList/PL_Custom_Click' is clicked on

2019-11-04 10:51:42 - [MESSAGE][PASSED] - Object: 'Object Repository/6.PredefinedList/PL_Custom_Click' is clicked on

2019-11-04 10:51:42 - [TEST_STEP][PASSED] - click(findTestObject("6.PredefinedList/PreList_Custom")): Object: 'Object Repository/6.PredefinedList/PreList_Custom' is clicked on

2019-11-04 10:51:43 - [MESSAGE][PASSED] - Object: 'Object Repository/6.PredefinedList/PreList_Custom' is clicked on

2019-11-04 10:51:43 - [TEST_STEP][PASSED] - delay(1): Delayed 1 second(s)

2019-11-04 10:51:44 - [MESSAGE][PASSED] - Delayed 1 second(s)

2019-11-04 10:51:44 - [TEST_STEP][PASSED] - click(findTestObject("7.PickList/PList1_Click")): Object: 'Object Repository/7.PickList/PList1_Click' is clicked on

2019-11-04 10:51:45 - [MESSAGE][PASSED] - Object: 'Object Repository/7.PickList/PList1_Click' is clicked on

2019-11-04 10:51:45 - [TEST_STEP][PASSED] - click(findTestObject("7.PickList/PickList1")): Object: 'Object Repository/7.PickList/PickList1' is clicked on

2019-11-04 10:51:46 - [MESSAGE][PASSED] - Object: 'Object Repository/7.PickList/PickList1' is clicked on

2019-11-04 10:51:46 - [TEST_STEP][PASSED] - click(findTestObject("7.PickList/PList_Custom_Click")): Object: 'Object Repository/7.PickList/PList_Custom_Click' is clicked on

2019-11-04 10:51:46 - [MESSAGE][PASSED] - Object: 'Object Repository/7.PickList/PList_Custom_Click' is clicked on

2019-11-04 10:51:46 - [TEST_STEP][PASSED] - click(findTestObject("7.PickList/PickList_Custom")): Object: 'Object Repository/7.PickList/PickList_Custom' is clicked on

2019-11-04 10:51:47 - [MESSAGE][PASSED] - Object: 'Object Repository/7.PickList/PickList_Custom' is clicked on

2019-11-04 10:51:47 - [TEST_STEP][PASSED] - delay(1): Delayed 1 second(s)

2019-11-04 10:51:48 - [MESSAGE][PASSED] - Delayed 1 second(s)

2019-11-04 10:51:48 - [TEST_STEP][PASSED] - click(findTestObject("8.Lookup/Lookup1_DB1_Click")): Object: 'Object Repository/8.Lookup/Lookup1_DB1_Click' is clicked on

2019-11-04 10:51:49 - [MESSAGE][PASSED] - Object: 'Object Repository/8.Lookup/Lookup1_DB1_Click' is clicked on

2019-11-04 10:51:49 - [TEST_STEP][PASSED] - click(findTestObject("8.Lookup/Lookup_DB1")): Object: 'Object Repository/8.Lookup/Lookup_DB1' is clicked on

2019-11-04 10:51:50 - [MESSAGE][PASSED] - Object: 'Object Repository/8.Lookup/Lookup_DB1' is clicked on

2019-11-04 10:51:50 - [TEST_STEP][PASSED] - click(findTestObject("8.Lookup/Lookup2_DB2_Click")): Object: 'Object Repository/8.Lookup/Lookup2_DB2_Click' is clicked on

2019-11-04 10:51:50 - [MESSAGE][PASSED] - Object: 'Object Repository/8.Lookup/Lookup2_DB2_Click' is clicked on

2019-11-04 10:51:50 - [TEST_STEP][PASSED] - click(findTestObject("8.Lookup/Lookup_DB2")): Object: 'Object Repository/8.Lookup/Lookup_DB2' is clicked on

2019-11-04 10:51:51 - [MESSAGE][PASSED] - Object: 'Object Repository/8.Lookup/Lookup_DB2' is clicked on

2019-11-04 10:51:51 - [TEST_STEP][PASSED] - click(findTestObject("8.Lookup/Lookup3_DE_Click")): Object: 'Object Repository/8.Lookup/Lookup3_DE_Click' is clicked on

2019-11-04 10:51:52 - [MESSAGE][PASSED] - Object: 'Object Repository/8.Lookup/Lookup3_DE_Click' is clicked on

2019-11-04 10:51:52 - [TEST_STEP][PASSED] - click(findTestObject("8.Lookup/Lookup_DE")): Object: 'Object Repository/8.Lookup/Lookup_DE' is clicked on

2019-11-04 10:51:53 - [MESSAGE][PASSED] - Object: 'Object Repository/8.Lookup/Lookup_DE' is clicked on

2019-11-04 10:51:53 - [TEST_STEP][PASSED] - click(findTestObject("8.Lookup/Lookup4_DE2_Click")): Object: 'Object Repository/8.Lookup/Lookup4_DE2_Click' is clicked on

2019-11-04 10:51:54 - [MESSAGE][PASSED] - Object: 'Object Repository/8.Lookup/Lookup4_DE2_Click' is clicked on

2019-11-04 10:51:54 - [TEST_STEP][PASSED] - click(findTestObject("8.Lookup/Lookup_DE_Custom")): Object: 'Object Repository/8.Lookup/Lookup_DE_Custom' is clicked on

2019-11-04 10:51:55 - [MESSAGE][PASSED] - Object: 'Object Repository/8.Lookup/Lookup_DE_Custom' is clicked on

2019-11-04 10:51:55 - [TEST_STEP][PASSED] - click(findTestObject("8.Lookup/Lookup5_REST_Click")): Object: 'Object Repository/8.Lookup/Lookup5_REST_Click' is clicked on

2019-11-04 10:51:55 - [MESSAGE][PASSED] - Object: 'Object Repository/8.Lookup/Lookup5_REST_Click' is clicked on

2019-11-04 10:51:55 - [TEST_STEP][PASSED] - click(findTestObject("8.Lookup/Lookup_REST")): Object: 'Object Repository/8.Lookup/Lookup_REST' is clicked on

2019-11-04 10:51:56 - [MESSAGE][PASSED] - Object: 'Object Repository/8.Lookup/Lookup_REST' is clicked on

2019-11-04 10:51:56 - [TEST_STEP][PASSED] - delay(1): Delayed 1 second(s)

2019-11-04 10:51:57 - [MESSAGE][PASSED] - Delayed 1 second(s)

2019-11-04 10:51:57 - [TEST_STEP][PASSED] - click(findTestObject("AgilePointNX Metadata/NextButton")): Object: 'Object Repository/AgilePointNX Metadata/NextButton' is clicked on

2019-11-04 10:51:58 - [MESSAGE][PASSED] - Object: 'Object Repository/AgilePointNX Metadata/NextButton' is clicked on

2019-11-04 10:51:58 - [TEST_STEP][PASSED] - delay(1): Delayed 1 second(s)

2019-11-04 10:51:59 - [MESSAGE][PASSED] - Delayed 1 second(s)]]></system-out>
         <system-err><![CDATA[]]></system-err>
      </testcase>
      <testcase name="Test Cases/Behavior" time="7.372" classname="Test Cases/Behavior" status="PASSED">
         <system-out><![CDATA[2019-11-04 10:51:59 - [TEST_CASE][PASSED] - Test Cases/Behavior: Test Cases/Behavior

2019-11-04 10:51:59 - [TEST_STEP][PASSED] - delay(1): Delayed 1 second(s)

2019-11-04 10:52:00 - [MESSAGE][PASSED] - Delayed 1 second(s)

2019-11-04 10:52:00 - [TEST_STEP][PASSED] - verifyElementNotHasAttribute(findTestObject("Behavior/CheckEnable"), "disabled", 1, STOP_ON_FAILURE): Object 'Object Repository/Behavior/CheckEnable' does not have attribute 'disabled'

2019-11-04 10:52:00 - [MESSAGE][PASSED] - Object 'Object Repository/Behavior/CheckEnable' does not have attribute 'disabled'

2019-11-04 10:52:00 - [TEST_STEP][PASSED] - verifyElementAttributeValue(findTestObject("Behavior/CheckDisable"), "disabled", "true", 1): Object 'Object Repository/Behavior/CheckDisable' has attribute 'disabled' with value 'true'

2019-11-04 10:52:01 - [MESSAGE][PASSED] - Object 'Object Repository/Behavior/CheckDisable' has attribute 'disabled' with value 'true'

2019-11-04 10:52:01 - [TEST_STEP][PASSED] - delay(1): Delayed 1 second(s)

2019-11-04 10:52:02 - [MESSAGE][PASSED] - Delayed 1 second(s)

2019-11-04 10:52:02 - [TEST_STEP][PASSED] - delay(1): Delayed 1 second(s)

2019-11-04 10:52:03 - [MESSAGE][PASSED] - Delayed 1 second(s)

2019-11-04 10:52:03 - [TEST_STEP][PASSED] - verifyElementVisible(findTestObject("Behavior/Visible")): Object 'Object Repository/Behavior/Visible' is visible

2019-11-04 10:52:03 - [MESSAGE][PASSED] - Object 'Object Repository/Behavior/Visible' is visible

2019-11-04 10:52:03 - [TEST_STEP][PASSED] - verifyElementNotVisible(findTestObject("Behavior/Invisable")): Object 'Object Repository/Behavior/Invisable' is NOT visible

2019-11-04 10:52:04 - [MESSAGE][PASSED] - Object 'Object Repository/Behavior/Invisable' is NOT visible

2019-11-04 10:52:04 - [TEST_STEP][PASSED] - delay(1): Delayed 1 second(s)

2019-11-04 10:52:05 - [MESSAGE][PASSED] - Delayed 1 second(s)

2019-11-04 10:52:05 - [TEST_STEP][PASSED] - click(findTestObject("AgilePointNX Metadata/NextButton")): Object: 'Object Repository/AgilePointNX Metadata/NextButton' is clicked on

2019-11-04 10:52:05 - [MESSAGE][PASSED] - Object: 'Object Repository/AgilePointNX Metadata/NextButton' is clicked on

2019-11-04 10:52:05 - [TEST_STEP][PASSED] - delay(1): Delayed 1 second(s)

2019-11-04 10:52:06 - [MESSAGE][PASSED] - Delayed 1 second(s)]]></system-out>
         <system-err><![CDATA[]]></system-err>
      </testcase>
      <testcase name="Test Cases/Advanced" time="34.173" classname="Test Cases/Advanced" status="FAILED">
         <failure type="FAILED" message="Test Cases/Advanced FAILED.
Reason:
com.kms.katalon.core.exception.StepFailedException: Unable to click on object 'Object Repository/Advanced/Persist'
	at com.kms.katalon.core.webui.keyword.internal.WebUIKeywordMain.stepFailed(WebUIKeywordMain.groovy:64)
	at com.kms.katalon.core.webui.keyword.internal.WebUIKeywordMain.runKeyword(WebUIKeywordMain.groovy:26)
	at com.kms.katalon.core.webui.keyword.builtin.ClickKeyword.click(ClickKeyword.groovy:79)
	at com.kms.katalon.core.webui.keyword.builtin.ClickKeyword.execute(ClickKeyword.groovy:42)
	at com.kms.katalon.core.keyword.internal.KeywordExecutor.executeKeywordForPlatform(KeywordExecutor.groovy:60)
	at com.kms.katalon.core.webui.keyword.WebUiBuiltInKeywords.click(WebUiBuiltInKeywords.groovy:616)
	at com.kms.katalon.core.webui.keyword.WebUiBuiltInKeywords$click$4.call(Unknown Source)
	at Advanced.run(Advanced:34)
	at com.kms.katalon.core.main.ScriptEngine.run(ScriptEngine.java:194)
	at com.kms.katalon.core.main.ScriptEngine.runScriptAsRawText(ScriptEngine.java:119)
	at com.kms.katalon.core.main.TestCaseExecutor.runScript(TestCaseExecutor.java:337)
	at com.kms.katalon.core.main.TestCaseExecutor.doExecute(TestCaseExecutor.java:328)
	at com.kms.katalon.core.main.TestCaseExecutor.processExecutionPhase(TestCaseExecutor.java:307)
	at com.kms.katalon.core.main.TestCaseExecutor.accessMainPhase(TestCaseExecutor.java:299)
	at com.kms.katalon.core.main.TestCaseExecutor.execute(TestCaseExecutor.java:233)
	at com.kms.katalon.core.main.TestSuiteExecutor.accessTestCaseMainPhase(TestSuiteExecutor.java:169)
	at com.kms.katalon.core.main.TestSuiteExecutor.accessTestSuiteMainPhase(TestSuiteExecutor.java:142)
	at com.kms.katalon.core.main.TestSuiteExecutor.execute(TestSuiteExecutor.java:91)
	at com.kms.katalon.core.main.TestCaseMain.startTestSuite(TestCaseMain.java:157)
	at com.kms.katalon.core.main.TestCaseMain$startTestSuite$0.call(Unknown Source)
	at TempTestSuite1572835806397.run(TempTestSuite1572835806397.groovy:36)
Caused by: org.openqa.selenium.TimeoutException: Expected condition failed: waiting for element to be clickable: [[CChromeDriver: chrome on XP (cfa304326bb42a97cc788b427a351112)] -> xpath: (//li[contains(.,'Option 2')])[53]] (tried for 30 second(s) with 500 milliseconds interval)
Build info: version: '3.141.59', revision: 'e82be7d358', time: '2018-11-14T08:25:53'
System info: host: 'HZQA2', ip: '192.168.8.1', os.name: 'Windows 10', os.arch: 'amd64', os.version: '10.0', java.version: '1.8.0_181'
Driver info: com.kms.katalon.core.webui.driver.SmartWaitWebDriver
Capabilities {acceptInsecureCerts: false, browserName: chrome, browserVersion: 78.0.3904.87, chrome: {chromedriverVersion: 78.0.3904.70 (edb9c9f3de024..., userDataDir: C:\Users\Lynn\AppData\Local...}, goog:chromeOptions: {debuggerAddress: localhost:58311}, javascriptEnabled: true, networkConnectionEnabled: false, pageLoadStrategy: normal, platform: XP, platformName: XP, proxy: Proxy(), setWindowRect: true, strictFileInteractability: false, timeouts: {implicit: 0, pageLoad: 300000, script: 30000}, unhandledPromptBehavior: dismiss and notify}
Session ID: cfa304326bb42a97cc788b427a351112
	at org.openqa.selenium.support.ui.WebDriverWait.timeoutException(WebDriverWait.java:95)
	at org.openqa.selenium.support.ui.FluentWait.until(FluentWait.java:272)
	at com.kms.katalon.core.webui.keyword.builtin.ClickKeyword$_click_closure1.doCall(ClickKeyword.groovy:56)
	at com.kms.katalon.core.webui.keyword.builtin.ClickKeyword$_click_closure1.call(ClickKeyword.groovy)
	at com.kms.katalon.core.webui.keyword.internal.WebUIKeywordMain.runKeyword(WebUIKeywordMain.groovy:20)
	... 19 more
"/>
         <system-out><![CDATA[2019-11-04 10:52:06 - [TEST_CASE][FAILED] - Test Cases/Advanced: Test Cases/Advanced FAILED.
Reason:
com.kms.katalon.core.exception.StepFailedException: Unable to click on object 'Object Repository/Advanced/Persist'
	at com.kms.katalon.core.webui.keyword.internal.WebUIKeywordMain.stepFailed(WebUIKeywordMain.groovy:64)
	at com.kms.katalon.core.webui.keyword.internal.WebUIKeywordMain.runKeyword(WebUIKeywordMain.groovy:26)
	at com.kms.katalon.core.webui.keyword.builtin.ClickKeyword.click(ClickKeyword.groovy:79)
	at com.kms.katalon.core.webui.keyword.builtin.ClickKeyword.execute(ClickKeyword.groovy:42)
	at com.kms.katalon.core.keyword.internal.KeywordExecutor.executeKeywordForPlatform(KeywordExecutor.groovy:60)
	at com.kms.katalon.core.webui.keyword.WebUiBuiltInKeywords.click(WebUiBuiltInKeywords.groovy:616)
	at com.kms.katalon.core.webui.keyword.WebUiBuiltInKeywords$click$4.call(Unknown Source)
	at Advanced.run(Advanced:34)
	at com.kms.katalon.core.main.ScriptEngine.run(ScriptEngine.java:194)
	at com.kms.katalon.core.main.ScriptEngine.runScriptAsRawText(ScriptEngine.java:119)
	at com.kms.katalon.core.main.TestCaseExecutor.runScript(TestCaseExecutor.java:337)
	at com.kms.katalon.core.main.TestCaseExecutor.doExecute(TestCaseExecutor.java:328)
	at com.kms.katalon.core.main.TestCaseExecutor.processExecutionPhase(TestCaseExecutor.java:307)
	at com.kms.katalon.core.main.TestCaseExecutor.accessMainPhase(TestCaseExecutor.java:299)
	at com.kms.katalon.core.main.TestCaseExecutor.execute(TestCaseExecutor.java:233)
	at com.kms.katalon.core.main.TestSuiteExecutor.accessTestCaseMainPhase(TestSuiteExecutor.java:169)
	at com.kms.katalon.core.main.TestSuiteExecutor.accessTestSuiteMainPhase(TestSuiteExecutor.java:142)
	at com.kms.katalon.core.main.TestSuiteExecutor.execute(TestSuiteExecutor.java:91)
	at com.kms.katalon.core.main.TestCaseMain.startTestSuite(TestCaseMain.java:157)
	at com.kms.katalon.core.main.TestCaseMain$startTestSuite$0.call(Unknown Source)
	at TempTestSuite1572835806397.run(TempTestSuite1572835806397.groovy:36)
Caused by: org.openqa.selenium.TimeoutException: Expected condition failed: waiting for element to be clickable: [[CChromeDriver: chrome on XP (cfa304326bb42a97cc788b427a351112)] -> xpath: (//li[contains(.,'Option 2')])[53]] (tried for 30 second(s) with 500 milliseconds interval)
Build info: version: '3.141.59', revision: 'e82be7d358', time: '2018-11-14T08:25:53'
System info: host: 'HZQA2', ip: '192.168.8.1', os.name: 'Windows 10', os.arch: 'amd64', os.version: '10.0', java.version: '1.8.0_181'
Driver info: com.kms.katalon.core.webui.driver.SmartWaitWebDriver
Capabilities {acceptInsecureCerts: false, browserName: chrome, browserVersion: 78.0.3904.87, chrome: {chromedriverVersion: 78.0.3904.70 (edb9c9f3de024..., userDataDir: C:\Users\Lynn\AppData\Local...}, goog:chromeOptions: {debuggerAddress: localhost:58311}, javascriptEnabled: true, networkConnectionEnabled: false, pageLoadStrategy: normal, platform: XP, platformName: XP, proxy: Proxy(), setWindowRect: true, strictFileInteractability: false, timeouts: {implicit: 0, pageLoad: 300000, script: 30000}, unhandledPromptBehavior: dismiss and notify}
Session ID: cfa304326bb42a97cc788b427a351112
	at org.openqa.selenium.support.ui.WebDriverWait.timeoutException(WebDriverWait.java:95)
	at org.openqa.selenium.support.ui.FluentWait.until(FluentWait.java:272)
	at com.kms.katalon.core.webui.keyword.builtin.ClickKeyword$_click_closure1.doCall(ClickKeyword.groovy:56)
	at com.kms.katalon.core.webui.keyword.builtin.ClickKeyword$_click_closure1.call(ClickKeyword.groovy)
	at com.kms.katalon.core.webui.keyword.internal.WebUIKeywordMain.runKeyword(WebUIKeywordMain.groovy:20)
	... 19 more


2019-11-04 10:52:06 - [TEST_STEP][PASSED] - click(findTestObject("Advanced/Blur_Click")): Object: 'Object Repository/Advanced/Blur_Click' is clicked on

2019-11-04 10:52:07 - [MESSAGE][PASSED] - Object: 'Object Repository/Advanced/Blur_Click' is clicked on

2019-11-04 10:52:07 - [TEST_STEP][PASSED] - click(findTestObject("Advanced/Change_Click")): Object: 'Object Repository/Advanced/Change_Click' is clicked on

2019-11-04 10:52:08 - [MESSAGE][PASSED] - Object: 'Object Repository/Advanced/Change_Click' is clicked on

2019-11-04 10:52:08 - [TEST_STEP][PASSED] - waitForAlert(1): Alert is present after 1 second(s).

2019-11-04 10:52:08 - [MESSAGE][PASSED] - Alert is present after 1 second(s).

2019-11-04 10:52:08 - [TEST_STEP][PASSED] - acceptAlert(): Alert accepted

2019-11-04 10:52:08 - [MESSAGE][PASSED] - Alert accepted

2019-11-04 10:52:08 - [TEST_STEP][PASSED] - click(findTestObject("Advanced/Persist_Click")): Object: 'Object Repository/Advanced/Persist_Click' is clicked on

2019-11-04 10:52:09 - [MESSAGE][PASSED] - Object: 'Object Repository/Advanced/Persist_Click' is clicked on

2019-11-04 10:52:09 - [TEST_STEP][FAILED] - click(findTestObject("Advanced/Persist")): Unable to click on object 'Object Repository/Advanced/Persist' (Root cause: com.kms.katalon.core.exception.StepFailedException: Unable to click on object 'Object Repository/Advanced/Persist'
	at com.kms.katalon.core.webui.keyword.internal.WebUIKeywordMain.stepFailed(WebUIKeywordMain.groovy:64)
	at com.kms.katalon.core.webui.keyword.internal.WebUIKeywordMain.runKeyword(WebUIKeywordMain.groovy:26)
	at com.kms.katalon.core.webui.keyword.builtin.ClickKeyword.click(ClickKeyword.groovy:79)
	at com.kms.katalon.core.webui.keyword.builtin.ClickKeyword.execute(ClickKeyword.groovy:42)
	at com.kms.katalon.core.keyword.internal.KeywordExecutor.executeKeywordForPlatform(KeywordExecutor.groovy:60)
	at com.kms.katalon.core.webui.keyword.WebUiBuiltInKeywords.click(WebUiBuiltInKeywords.groovy:616)
	at com.kms.katalon.core.webui.keyword.WebUiBuiltInKeywords$click$4.call(Unknown Source)
	at Advanced.run(Advanced:34)
	at com.kms.katalon.core.main.ScriptEngine.run(ScriptEngine.java:194)
	at com.kms.katalon.core.main.ScriptEngine.runScriptAsRawText(ScriptEngine.java:119)
	at com.kms.katalon.core.main.TestCaseExecutor.runScript(TestCaseExecutor.java:337)
	at com.kms.katalon.core.main.TestCaseExecutor.doExecute(TestCaseExecutor.java:328)
	at com.kms.katalon.core.main.TestCaseExecutor.processExecutionPhase(TestCaseExecutor.java:307)
	at com.kms.katalon.core.main.TestCaseExecutor.accessMainPhase(TestCaseExecutor.java:299)
	at com.kms.katalon.core.main.TestCaseExecutor.execute(TestCaseExecutor.java:233)
	at com.kms.katalon.core.main.TestSuiteExecutor.accessTestCaseMainPhase(TestSuiteExecutor.java:169)
	at com.kms.katalon.core.main.TestSuiteExecutor.accessTestSuiteMainPhase(TestSuiteExecutor.java:142)
	at com.kms.katalon.core.main.TestSuiteExecutor.execute(TestSuiteExecutor.java:91)
	at com.kms.katalon.core.main.TestCaseMain.startTestSuite(TestCaseMain.java:157)
	at com.kms.katalon.core.main.TestCaseMain$startTestSuite$0.call(Unknown Source)
	at TempTestSuite1572835806397.run(TempTestSuite1572835806397.groovy:36)
Caused by: org.openqa.selenium.TimeoutException: Expected condition failed: waiting for element to be clickable: [[CChromeDriver: chrome on XP (cfa304326bb42a97cc788b427a351112)] -> xpath: (//li[contains(.,'Option 2')])[53]] (tried for 30 second(s) with 500 milliseconds interval)
Build info: version: '3.141.59', revision: 'e82be7d358', time: '2018-11-14T08:25:53'
System info: host: 'HZQA2', ip: '192.168.8.1', os.name: 'Windows 10', os.arch: 'amd64', os.version: '10.0', java.version: '1.8.0_181'
Driver info: com.kms.katalon.core.webui.driver.SmartWaitWebDriver
Capabilities {acceptInsecureCerts: false, browserName: chrome, browserVersion: 78.0.3904.87, chrome: {chromedriverVersion: 78.0.3904.70 (edb9c9f3de024..., userDataDir: C:\Users\Lynn\AppData\Local...}, goog:chromeOptions: {debuggerAddress: localhost:58311}, javascriptEnabled: true, networkConnectionEnabled: false, pageLoadStrategy: normal, platform: XP, platformName: XP, proxy: Proxy(), setWindowRect: true, strictFileInteractability: false, timeouts: {implicit: 0, pageLoad: 300000, script: 30000}, unhandledPromptBehavior: dismiss and notify}
Session ID: cfa304326bb42a97cc788b427a351112
	at org.openqa.selenium.support.ui.WebDriverWait.timeoutException(WebDriverWait.java:95)
	at org.openqa.selenium.support.ui.FluentWait.until(FluentWait.java:272)
	at com.kms.katalon.core.webui.keyword.builtin.ClickKeyword$_click_closure1.doCall(ClickKeyword.groovy:56)
	at com.kms.katalon.core.webui.keyword.builtin.ClickKeyword$_click_closure1.call(ClickKeyword.groovy)
	at com.kms.katalon.core.webui.keyword.internal.WebUIKeywordMain.runKeyword(WebUIKeywordMain.groovy:20)
	at com.kms.katalon.core.webui.keyword.builtin.ClickKeyword.click(ClickKeyword.groovy:79)
	at com.kms.katalon.core.webui.keyword.builtin.ClickKeyword.execute(ClickKeyword.groovy:42)
	at com.kms.katalon.core.keyword.internal.KeywordExecutor.executeKeywordForPlatform(KeywordExecutor.groovy:60)
	at com.kms.katalon.core.webui.keyword.WebUiBuiltInKeywords.click(WebUiBuiltInKeywords.groovy:616)
	at com.kms.katalon.core.webui.keyword.WebUiBuiltInKeywords$click$4.call(Unknown Source)
	at Script1572507761033.run(Script1572507761033.groovy:34)
	... 13 more
)

2019-11-04 10:52:40 - [MESSAGE][FAILED] - Unable to click on object 'Object Repository/Advanced/Persist' (Root cause: com.kms.katalon.core.exception.StepFailedException: Unable to click on object 'Object Repository/Advanced/Persist'
	at com.kms.katalon.core.webui.keyword.internal.WebUIKeywordMain.stepFailed(WebUIKeywordMain.groovy:64)
	at com.kms.katalon.core.webui.keyword.internal.WebUIKeywordMain.runKeyword(WebUIKeywordMain.groovy:26)
	at com.kms.katalon.core.webui.keyword.builtin.ClickKeyword.click(ClickKeyword.groovy:79)
	at com.kms.katalon.core.webui.keyword.builtin.ClickKeyword.execute(ClickKeyword.groovy:42)
	at com.kms.katalon.core.keyword.internal.KeywordExecutor.executeKeywordForPlatform(KeywordExecutor.groovy:60)
	at com.kms.katalon.core.webui.keyword.WebUiBuiltInKeywords.click(WebUiBuiltInKeywords.groovy:616)
	at com.kms.katalon.core.webui.keyword.WebUiBuiltInKeywords$click$4.call(Unknown Source)
	at Advanced.run(Advanced:34)
	at com.kms.katalon.core.main.ScriptEngine.run(ScriptEngine.java:194)
	at com.kms.katalon.core.main.ScriptEngine.runScriptAsRawText(ScriptEngine.java:119)
	at com.kms.katalon.core.main.TestCaseExecutor.runScript(TestCaseExecutor.java:337)
	at com.kms.katalon.core.main.TestCaseExecutor.doExecute(TestCaseExecutor.java:328)
	at com.kms.katalon.core.main.TestCaseExecutor.processExecutionPhase(TestCaseExecutor.java:307)
	at com.kms.katalon.core.main.TestCaseExecutor.accessMainPhase(TestCaseExecutor.java:299)
	at com.kms.katalon.core.main.TestCaseExecutor.execute(TestCaseExecutor.java:233)
	at com.kms.katalon.core.main.TestSuiteExecutor.accessTestCaseMainPhase(TestSuiteExecutor.java:169)
	at com.kms.katalon.core.main.TestSuiteExecutor.accessTestSuiteMainPhase(TestSuiteExecutor.java:142)
	at com.kms.katalon.core.main.TestSuiteExecutor.execute(TestSuiteExecutor.java:91)
	at com.kms.katalon.core.main.TestCaseMain.startTestSuite(TestCaseMain.java:157)
	at com.kms.katalon.core.main.TestCaseMain$startTestSuite$0.call(Unknown Source)
	at TempTestSuite1572835806397.run(TempTestSuite1572835806397.groovy:36)
Caused by: org.openqa.selenium.TimeoutException: Expected condition failed: waiting for element to be clickable: [[CChromeDriver: chrome on XP (cfa304326bb42a97cc788b427a351112)] -> xpath: (//li[contains(.,'Option 2')])[53]] (tried for 30 second(s) with 500 milliseconds interval)
Build info: version: '3.141.59', revision: 'e82be7d358', time: '2018-11-14T08:25:53'
System info: host: 'HZQA2', ip: '192.168.8.1', os.name: 'Windows 10', os.arch: 'amd64', os.version: '10.0', java.version: '1.8.0_181'
Driver info: com.kms.katalon.core.webui.driver.SmartWaitWebDriver
Capabilities {acceptInsecureCerts: false, browserName: chrome, browserVersion: 78.0.3904.87, chrome: {chromedriverVersion: 78.0.3904.70 (edb9c9f3de024..., userDataDir: C:\Users\Lynn\AppData\Local...}, goog:chromeOptions: {debuggerAddress: localhost:58311}, javascriptEnabled: true, networkConnectionEnabled: false, pageLoadStrategy: normal, platform: XP, platformName: XP, proxy: Proxy(), setWindowRect: true, strictFileInteractability: false, timeouts: {implicit: 0, pageLoad: 300000, script: 30000}, unhandledPromptBehavior: dismiss and notify}
Session ID: cfa304326bb42a97cc788b427a351112
	at org.openqa.selenium.support.ui.WebDriverWait.timeoutException(WebDriverWait.java:95)
	at org.openqa.selenium.support.ui.FluentWait.until(FluentWait.java:272)
	at com.kms.katalon.core.webui.keyword.builtin.ClickKeyword$_click_closure1.doCall(ClickKeyword.groovy:56)
	at com.kms.katalon.core.webui.keyword.builtin.ClickKeyword$_click_closure1.call(ClickKeyword.groovy)
	at com.kms.katalon.core.webui.keyword.internal.WebUIKeywordMain.runKeyword(WebUIKeywordMain.groovy:20)
	at com.kms.katalon.core.webui.keyword.builtin.ClickKeyword.click(ClickKeyword.groovy:79)
	at com.kms.katalon.core.webui.keyword.builtin.ClickKeyword.execute(ClickKeyword.groovy:42)
	at com.kms.katalon.core.keyword.internal.KeywordExecutor.executeKeywordForPlatform(KeywordExecutor.groovy:60)
	at com.kms.katalon.core.webui.keyword.WebUiBuiltInKeywords.click(WebUiBuiltInKeywords.groovy:616)
	at com.kms.katalon.core.webui.keyword.WebUiBuiltInKeywords$click$4.call(Unknown Source)
	at Script1572507761033.run(Script1572507761033.groovy:34)
	... 13 more
)
[[ATTACHMENT|D:\\Katalon Studio\\Test Multi-Select Listbox Control\\Reports\\20191104_105001\\MSListBoxTestCases\\20191104_105001\\1572835960235.png]]]]></system-out>
         <system-err><![CDATA[2019-11-04 10:52:06 - [TEST_CASE][FAILED] - Test Cases/Advanced: Test Cases/Advanced FAILED.
Reason:
com.kms.katalon.core.exception.StepFailedException: Unable to click on object 'Object Repository/Advanced/Persist'
	at com.kms.katalon.core.webui.keyword.internal.WebUIKeywordMain.stepFailed(WebUIKeywordMain.groovy:64)
	at com.kms.katalon.core.webui.keyword.internal.WebUIKeywordMain.runKeyword(WebUIKeywordMain.groovy:26)
	at com.kms.katalon.core.webui.keyword.builtin.ClickKeyword.click(ClickKeyword.groovy:79)
	at com.kms.katalon.core.webui.keyword.builtin.ClickKeyword.execute(ClickKeyword.groovy:42)
	at com.kms.katalon.core.keyword.internal.KeywordExecutor.executeKeywordForPlatform(KeywordExecutor.groovy:60)
	at com.kms.katalon.core.webui.keyword.WebUiBuiltInKeywords.click(WebUiBuiltInKeywords.groovy:616)
	at com.kms.katalon.core.webui.keyword.WebUiBuiltInKeywords$click$4.call(Unknown Source)
	at Advanced.run(Advanced:34)
	at com.kms.katalon.core.main.ScriptEngine.run(ScriptEngine.java:194)
	at com.kms.katalon.core.main.ScriptEngine.runScriptAsRawText(ScriptEngine.java:119)
	at com.kms.katalon.core.main.TestCaseExecutor.runScript(TestCaseExecutor.java:337)
	at com.kms.katalon.core.main.TestCaseExecutor.doExecute(TestCaseExecutor.java:328)
	at com.kms.katalon.core.main.TestCaseExecutor.processExecutionPhase(TestCaseExecutor.java:307)
	at com.kms.katalon.core.main.TestCaseExecutor.accessMainPhase(TestCaseExecutor.java:299)
	at com.kms.katalon.core.main.TestCaseExecutor.execute(TestCaseExecutor.java:233)
	at com.kms.katalon.core.main.TestSuiteExecutor.accessTestCaseMainPhase(TestSuiteExecutor.java:169)
	at com.kms.katalon.core.main.TestSuiteExecutor.accessTestSuiteMainPhase(TestSuiteExecutor.java:142)
	at com.kms.katalon.core.main.TestSuiteExecutor.execute(TestSuiteExecutor.java:91)
	at com.kms.katalon.core.main.TestCaseMain.startTestSuite(TestCaseMain.java:157)
	at com.kms.katalon.core.main.TestCaseMain$startTestSuite$0.call(Unknown Source)
	at TempTestSuite1572835806397.run(TempTestSuite1572835806397.groovy:36)
Caused by: org.openqa.selenium.TimeoutException: Expected condition failed: waiting for element to be clickable: [[CChromeDriver: chrome on XP (cfa304326bb42a97cc788b427a351112)] -> xpath: (//li[contains(.,'Option 2')])[53]] (tried for 30 second(s) with 500 milliseconds interval)
Build info: version: '3.141.59', revision: 'e82be7d358', time: '2018-11-14T08:25:53'
System info: host: 'HZQA2', ip: '192.168.8.1', os.name: 'Windows 10', os.arch: 'amd64', os.version: '10.0', java.version: '1.8.0_181'
Driver info: com.kms.katalon.core.webui.driver.SmartWaitWebDriver
Capabilities {acceptInsecureCerts: false, browserName: chrome, browserVersion: 78.0.3904.87, chrome: {chromedriverVersion: 78.0.3904.70 (edb9c9f3de024..., userDataDir: C:\Users\Lynn\AppData\Local...}, goog:chromeOptions: {debuggerAddress: localhost:58311}, javascriptEnabled: true, networkConnectionEnabled: false, pageLoadStrategy: normal, platform: XP, platformName: XP, proxy: Proxy(), setWindowRect: true, strictFileInteractability: false, timeouts: {implicit: 0, pageLoad: 300000, script: 30000}, unhandledPromptBehavior: dismiss and notify}
Session ID: cfa304326bb42a97cc788b427a351112
	at org.openqa.selenium.support.ui.WebDriverWait.timeoutException(WebDriverWait.java:95)
	at org.openqa.selenium.support.ui.FluentWait.until(FluentWait.java:272)
	at com.kms.katalon.core.webui.keyword.builtin.ClickKeyword$_click_closure1.doCall(ClickKeyword.groovy:56)
	at com.kms.katalon.core.webui.keyword.builtin.ClickKeyword$_click_closure1.call(ClickKeyword.groovy)
	at com.kms.katalon.core.webui.keyword.internal.WebUIKeywordMain.runKeyword(WebUIKeywordMain.groovy:20)
	... 19 more]]></system-err>
      </testcase>
      <testcase name="Test Cases/Rules" time="41.637" classname="Test Cases/Rules" status="PASSED">
         <system-out><![CDATA[2019-11-04 10:52:40 - [TEST_CASE][PASSED] - Test Cases/Rules: Test Cases/Rules

2019-11-04 10:52:41 - [TEST_STEP][PASSED] - delay(1): Delayed 1 second(s)

2019-11-04 10:52:42 - [MESSAGE][PASSED] - Delayed 1 second(s)

2019-11-04 10:52:42 - [TEST_STEP][PASSED] - verifyElementVisible(findTestObject("Rules/Rule_Show")): Object 'Object Repository/Rules/Rule_Show' is visible

2019-11-04 10:53:00 - [MESSAGE][PASSED] - Object 'Object Repository/Rules/Rule_Show' is visible

2019-11-04 10:53:00 - [TEST_STEP][PASSED] - click(findTestObject("Rules/Contains_Click")): Object: 'Object Repository/Rules/Contains_Click' is clicked on

2019-11-04 10:53:01 - [MESSAGE][PASSED] - Object: 'Object Repository/Rules/Contains_Click' is clicked on

2019-11-04 10:53:01 - [TEST_STEP][PASSED] - click(findTestObject("Rules/Contains")): Object: 'Object Repository/Rules/Contains' is clicked on

2019-11-04 10:53:01 - [MESSAGE][PASSED] - Object: 'Object Repository/Rules/Contains' is clicked on

2019-11-04 10:53:01 - [TEST_STEP][PASSED] - waitForAlert(1): Alert is present after 1 second(s).

2019-11-04 10:53:01 - [MESSAGE][PASSED] - Alert is present after 1 second(s).

2019-11-04 10:53:01 - [TEST_STEP][PASSED] - acceptAlert(): Alert accepted

2019-11-04 10:53:01 - [MESSAGE][PASSED] - Alert accepted

2019-11-04 10:53:01 - [TEST_STEP][PASSED] - click(findTestObject("Rules/NotContain_Click")): Object: 'Object Repository/Rules/NotContain_Click' is clicked on

2019-11-04 10:53:02 - [MESSAGE][PASSED] - Object: 'Object Repository/Rules/NotContain_Click' is clicked on

2019-11-04 10:53:02 - [TEST_STEP][PASSED] - click(findTestObject("Rules/NotContain")): Object: 'Object Repository/Rules/NotContain' is clicked on

2019-11-04 10:53:03 - [MESSAGE][PASSED] - Object: 'Object Repository/Rules/NotContain' is clicked on

2019-11-04 10:53:03 - [TEST_STEP][PASSED] - waitForAlert(1): Alert is present after 1 second(s).

2019-11-04 10:53:03 - [MESSAGE][PASSED] - Alert is present after 1 second(s).

2019-11-04 10:53:03 - [TEST_STEP][PASSED] - acceptAlert(): Alert accepted

2019-11-04 10:53:03 - [MESSAGE][PASSED] - Alert accepted

2019-11-04 10:53:03 - [TEST_STEP][PASSED] - delay(1): Delayed 1 second(s)

2019-11-04 10:53:04 - [MESSAGE][PASSED] - Delayed 1 second(s)

2019-11-04 10:53:04 - [TEST_STEP][PASSED] - click(findTestObject("Rules/IsEqualTo_Click")): Object: 'Object Repository/Rules/IsEqualTo_Click' is clicked on

2019-11-04 10:53:05 - [MESSAGE][PASSED] - Object: 'Object Repository/Rules/IsEqualTo_Click' is clicked on

2019-11-04 10:53:05 - [TEST_STEP][PASSED] - click(findTestObject("Rules/EqualTo")): Object: 'Object Repository/Rules/EqualTo' is clicked on

2019-11-04 10:53:06 - [MESSAGE][PASSED] - Object: 'Object Repository/Rules/EqualTo' is clicked on

2019-11-04 10:53:06 - [TEST_STEP][PASSED] - waitForAlert(1): Alert is present after 1 second(s).

2019-11-04 10:53:06 - [MESSAGE][PASSED] - Alert is present after 1 second(s).

2019-11-04 10:53:06 - [TEST_STEP][PASSED] - acceptAlert(): Alert accepted

2019-11-04 10:53:06 - [MESSAGE][PASSED] - Alert accepted

2019-11-04 10:53:06 - [TEST_STEP][PASSED] - verifyElementAttributeValue(findTestObject("Rules/SetField"), "value", "SS", 1): Object 'Object Repository/Rules/SetField' has attribute 'value' with value 'SS'

2019-11-04 10:53:06 - [MESSAGE][PASSED] - Object 'Object Repository/Rules/SetField' has attribute 'value' with value 'SS'

2019-11-04 10:53:06 - [TEST_STEP][PASSED] - delay(1): Delayed 1 second(s)

2019-11-04 10:53:07 - [MESSAGE][PASSED] - Delayed 1 second(s)

2019-11-04 10:53:07 - [TEST_STEP][PASSED] - click(findTestObject("Rules/NotEqualTo_Click")): Object: 'Object Repository/Rules/NotEqualTo_Click' is clicked on

2019-11-04 10:53:08 - [MESSAGE][PASSED] - Object: 'Object Repository/Rules/NotEqualTo_Click' is clicked on

2019-11-04 10:53:08 - [TEST_STEP][PASSED] - click(findTestObject("Rules/NotEqualTo")): Object: 'Object Repository/Rules/NotEqualTo' is clicked on

2019-11-04 10:53:09 - [MESSAGE][PASSED] - Object: 'Object Repository/Rules/NotEqualTo' is clicked on

2019-11-04 10:53:09 - [TEST_STEP][PASSED] - verifyElementNotHasAttribute(findTestObject("Rules/ChangeToEnabled"), "disabled", 1): Object 'Object Repository/Rules/ChangeToEnabled' does not have attribute 'disabled'

2019-11-04 10:53:10 - [MESSAGE][PASSED] - Object 'Object Repository/Rules/ChangeToEnabled' does not have attribute 'disabled'

2019-11-04 10:53:10 - [TEST_STEP][PASSED] - verifyElementAttributeValue(findTestObject("Rules/ChangeToDisabled"), "disabled", "true", 1): Object 'Object Repository/Rules/ChangeToDisabled' has attribute 'disabled' with value 'true'

2019-11-04 10:53:10 - [MESSAGE][PASSED] - Object 'Object Repository/Rules/ChangeToDisabled' has attribute 'disabled' with value 'true'

2019-11-04 10:53:10 - [TEST_STEP][PASSED] - verifyElementText(findTestObject("Rules/Mandatory"), "*"): Actual text and expected text of test object 'Object Repository/Rules/Mandatory' are matched.

2019-11-04 10:53:10 - [MESSAGE][PASSED] - Actual text and expected text of test object 'Object Repository/Rules/Mandatory' are matched.

2019-11-04 10:53:10 - [TEST_STEP][PASSED] - setText(findTestObject("Rules/MandatoryValue"), "Mandatory"): Text 'Mandatory' is set on object 'Object Repository/Rules/MandatoryValue'

2019-11-04 10:53:11 - [MESSAGE][PASSED] - Text 'Mandatory' is set on object 'Object Repository/Rules/MandatoryValue'

2019-11-04 10:53:11 - [TEST_STEP][PASSED] - delay(1): Delayed 1 second(s)

2019-11-04 10:53:12 - [MESSAGE][PASSED] - Delayed 1 second(s)

2019-11-04 10:53:12 - [TEST_STEP][PASSED] - verifyElementText(findTestObject("Rules/NotMandatory"), ""): Actual text and expected text of test object 'Object Repository/Rules/NotMandatory' are matched.

2019-11-04 10:53:12 - [MESSAGE][PASSED] - Actual text and expected text of test object 'Object Repository/Rules/NotMandatory' are matched.

2019-11-04 10:53:12 - [TEST_STEP][PASSED] - delay(1): Delayed 1 second(s)

2019-11-04 10:53:13 - [MESSAGE][PASSED] - Delayed 1 second(s)

2019-11-04 10:53:13 - [TEST_STEP][PASSED] - click(findTestObject("Rules/ContainData_Click")): Object: 'Object Repository/Rules/ContainData_Click' is clicked on

2019-11-04 10:53:14 - [MESSAGE][PASSED] - Object: 'Object Repository/Rules/ContainData_Click' is clicked on

2019-11-04 10:53:14 - [TEST_STEP][PASSED] - click(findTestObject("Rules/ContainsData")): Object: 'Object Repository/Rules/ContainsData' is clicked on

2019-11-04 10:53:15 - [MESSAGE][PASSED] - Object: 'Object Repository/Rules/ContainsData' is clicked on

2019-11-04 10:53:15 - [TEST_STEP][PASSED] - delay(3): Delayed 3 second(s)

2019-11-04 10:53:18 - [MESSAGE][PASSED] - Delayed 3 second(s)

2019-11-04 10:53:18 - [TEST_STEP][PASSED] - verifyElementPresent(findTestObject("Rules/AutoLookup"), 1): Object 'Object Repository/Rules/AutoLookup' is present

2019-11-04 10:53:18 - [MESSAGE][PASSED] - Object 'Object Repository/Rules/AutoLookup' is present

2019-11-04 10:53:18 - [TEST_STEP][PASSED] - delay(1): Delayed 1 second(s)

2019-11-04 10:53:19 - [MESSAGE][PASSED] - Delayed 1 second(s)

2019-11-04 10:53:19 - [TEST_STEP][PASSED] - click(findTestObject("Rules/Submit")): Object: 'Object Repository/Rules/Submit' is clicked on

2019-11-04 10:53:20 - [MESSAGE][PASSED] - Object: 'Object Repository/Rules/Submit' is clicked on

2019-11-04 10:53:20 - [TEST_STEP][PASSED] - delay(2): Delayed 2 second(s)

2019-11-04 10:53:22 - [MESSAGE][PASSED] - Delayed 2 second(s)]]></system-out>
         <system-err><![CDATA[]]></system-err>
      </testcase>
      <testcase name="Test Cases/Verify2ndForm" time="23.305" classname="Test Cases/Verify2ndForm" status="FAILED">
         <failure type="FAILED" message="Test Cases/Verify2ndForm FAILED.
Reason:
com.kms.katalon.core.exception.StepFailedException: Verify element text of test object 'Object Repository/Label/DataSource_VariableLabel' FAILED.
	at com.kms.katalon.core.webui.keyword.internal.WebUIKeywordMain.stepFailed(WebUIKeywordMain.groovy:64)
	at com.kms.katalon.core.webui.keyword.internal.WebUIKeywordMain.runKeyword(WebUIKeywordMain.groovy:26)
	at com.kms.katalon.core.webui.keyword.builtin.VerifyElementTextKeyword.verifyElementText(VerifyElementTextKeyword.groovy:72)
	at com.kms.katalon.core.webui.keyword.builtin.VerifyElementTextKeyword.execute(VerifyElementTextKeyword.groovy:40)
	at com.kms.katalon.core.keyword.internal.KeywordExecutor.executeKeywordForPlatform(KeywordExecutor.groovy:60)
	at com.kms.katalon.core.webui.keyword.WebUiBuiltInKeywords.verifyElementText(WebUiBuiltInKeywords.groovy:3663)
	at com.kms.katalon.core.webui.keyword.WebUiBuiltInKeywords$verifyElementText$10.call(Unknown Source)
	at Verify2ndForm.run(Verify2ndForm:24)
	at com.kms.katalon.core.main.ScriptEngine.run(ScriptEngine.java:194)
	at com.kms.katalon.core.main.ScriptEngine.runScriptAsRawText(ScriptEngine.java:119)
	at com.kms.katalon.core.main.TestCaseExecutor.runScript(TestCaseExecutor.java:337)
	at com.kms.katalon.core.main.TestCaseExecutor.doExecute(TestCaseExecutor.java:328)
	at com.kms.katalon.core.main.TestCaseExecutor.processExecutionPhase(TestCaseExecutor.java:307)
	at com.kms.katalon.core.main.TestCaseExecutor.accessMainPhase(TestCaseExecutor.java:299)
	at com.kms.katalon.core.main.TestCaseExecutor.execute(TestCaseExecutor.java:233)
	at com.kms.katalon.core.main.TestSuiteExecutor.accessTestCaseMainPhase(TestSuiteExecutor.java:169)
	at com.kms.katalon.core.main.TestSuiteExecutor.accessTestSuiteMainPhase(TestSuiteExecutor.java:142)
	at com.kms.katalon.core.main.TestSuiteExecutor.execute(TestSuiteExecutor.java:91)
	at com.kms.katalon.core.main.TestCaseMain.startTestSuite(TestCaseMain.java:157)
	at com.kms.katalon.core.main.TestCaseMain$startTestSuite$0.call(Unknown Source)
	at TempTestSuite1572835806397.run(TempTestSuite1572835806397.groovy:36)
Caused by: com.kms.katalon.core.exception.StepFailedException: Actual text '10004927' and expected text '289072269' of test object 'Object Repository/Label/DataSource_VariableLabel' are NOT matched.
	at com.kms.katalon.core.webui.keyword.internal.WebUIKeywordMain.stepFailed(WebUIKeywordMain.groovy:64)
	at com.kms.katalon.core.webui.keyword.builtin.VerifyElementTextKeyword$_verifyElementText_closure1.doCall(VerifyElementTextKeyword.groovy:57)
	at com.kms.katalon.core.webui.keyword.builtin.VerifyElementTextKeyword$_verifyElementText_closure1.call(VerifyElementTextKeyword.groovy)
	at com.kms.katalon.core.webui.keyword.internal.WebUIKeywordMain.runKeyword(WebUIKeywordMain.groovy:20)
	... 19 more
"/>
         <system-out><![CDATA[2019-11-04 10:53:22 - [TEST_CASE][FAILED] - Test Cases/Verify2ndForm: Test Cases/Verify2ndForm FAILED.
Reason:
com.kms.katalon.core.exception.StepFailedException: Verify element text of test object 'Object Repository/Label/DataSource_VariableLabel' FAILED.
	at com.kms.katalon.core.webui.keyword.internal.WebUIKeywordMain.stepFailed(WebUIKeywordMain.groovy:64)
	at com.kms.katalon.core.webui.keyword.internal.WebUIKeywordMain.runKeyword(WebUIKeywordMain.groovy:26)
	at com.kms.katalon.core.webui.keyword.builtin.VerifyElementTextKeyword.verifyElementText(VerifyElementTextKeyword.groovy:72)
	at com.kms.katalon.core.webui.keyword.builtin.VerifyElementTextKeyword.execute(VerifyElementTextKeyword.groovy:40)
	at com.kms.katalon.core.keyword.internal.KeywordExecutor.executeKeywordForPlatform(KeywordExecutor.groovy:60)
	at com.kms.katalon.core.webui.keyword.WebUiBuiltInKeywords.verifyElementText(WebUiBuiltInKeywords.groovy:3663)
	at com.kms.katalon.core.webui.keyword.WebUiBuiltInKeywords$verifyElementText$10.call(Unknown Source)
	at Verify2ndForm.run(Verify2ndForm:24)
	at com.kms.katalon.core.main.ScriptEngine.run(ScriptEngine.java:194)
	at com.kms.katalon.core.main.ScriptEngine.runScriptAsRawText(ScriptEngine.java:119)
	at com.kms.katalon.core.main.TestCaseExecutor.runScript(TestCaseExecutor.java:337)
	at com.kms.katalon.core.main.TestCaseExecutor.doExecute(TestCaseExecutor.java:328)
	at com.kms.katalon.core.main.TestCaseExecutor.processExecutionPhase(TestCaseExecutor.java:307)
	at com.kms.katalon.core.main.TestCaseExecutor.accessMainPhase(TestCaseExecutor.java:299)
	at com.kms.katalon.core.main.TestCaseExecutor.execute(TestCaseExecutor.java:233)
	at com.kms.katalon.core.main.TestSuiteExecutor.accessTestCaseMainPhase(TestSuiteExecutor.java:169)
	at com.kms.katalon.core.main.TestSuiteExecutor.accessTestSuiteMainPhase(TestSuiteExecutor.java:142)
	at com.kms.katalon.core.main.TestSuiteExecutor.execute(TestSuiteExecutor.java:91)
	at com.kms.katalon.core.main.TestCaseMain.startTestSuite(TestCaseMain.java:157)
	at com.kms.katalon.core.main.TestCaseMain$startTestSuite$0.call(Unknown Source)
	at TempTestSuite1572835806397.run(TempTestSuite1572835806397.groovy:36)
Caused by: com.kms.katalon.core.exception.StepFailedException: Actual text '10004927' and expected text '289072269' of test object 'Object Repository/Label/DataSource_VariableLabel' are NOT matched.
	at com.kms.katalon.core.webui.keyword.internal.WebUIKeywordMain.stepFailed(WebUIKeywordMain.groovy:64)
	at com.kms.katalon.core.webui.keyword.builtin.VerifyElementTextKeyword$_verifyElementText_closure1.doCall(VerifyElementTextKeyword.groovy:57)
	at com.kms.katalon.core.webui.keyword.builtin.VerifyElementTextKeyword$_verifyElementText_closure1.call(VerifyElementTextKeyword.groovy)
	at com.kms.katalon.core.webui.keyword.internal.WebUIKeywordMain.runKeyword(WebUIKeywordMain.groovy:20)
	... 19 more


2019-11-04 10:53:22 - [TEST_STEP][PASSED] - com.helper.login.LoginHelper.OpenTask(): com.helper.login.LoginHelper.OpenTask is PASSED

2019-11-04 10:53:22 - [MESSAGE][PASSED] - Switched to window with index: '0'

2019-11-04 10:53:27 - [MESSAGE][PASSED] - Delayed 5 second(s)

2019-11-04 10:53:28 - [MESSAGE][PASSED] - Object: 'Object Repository/AgilePointNX Metadata/ClickOnInbox' is clicked on

2019-11-04 10:53:28 - [MESSAGE][PASSED] - Wait for page load successfully

2019-11-04 10:53:29 - [MESSAGE][PASSED] - Delayed 1 second(s)

2019-11-04 10:53:30 - [MESSAGE][PASSED] - Object: 'Object Repository/AgilePointNX Metadata/ClickOnMyTaskTab' is clicked on

2019-11-04 10:53:32 - [MESSAGE][PASSED] - Delayed 2 second(s)

2019-11-04 10:53:32 - [MESSAGE][PASSED] - Object: 'Object Repository/AgilePointNX Metadata/ClickOnTaskMenu' is clicked on

2019-11-04 10:53:33 - [MESSAGE][PASSED] - Delayed 1 second(s)

2019-11-04 10:53:33 - [MESSAGE][PASSED] - Switched to window with index: '1'

2019-11-04 10:53:37 - [MESSAGE][PASSED] - Current window maximized

2019-11-04 10:53:38 - [MESSAGE][PASSED] - Wait for page load successfully

2019-11-04 10:53:39 - [MESSAGE][PASSED] - Delayed 1 second(s)

2019-11-04 10:53:39 - [MESSAGE][PASSED] - com.helper.login.LoginHelper.OpenTask is PASSED

2019-11-04 10:53:39 - [TEST_STEP][PASSED] - delay(5): Delayed 5 second(s)

2019-11-04 10:53:44 - [MESSAGE][PASSED] - Delayed 5 second(s)

2019-11-04 10:53:44 - [TEST_STEP][PASSED] - verifyElementText(findTestObject("Label/FormData_VariableLabel"), "TestFormDataValue"): Actual text and expected text of test object 'Object Repository/Label/FormData_VariableLabel' are matched.

2019-11-04 10:53:44 - [MESSAGE][PASSED] - Actual text and expected text of test object 'Object Repository/Label/FormData_VariableLabel' are matched.

2019-11-04 10:53:44 - [TEST_STEP][FAILED] - verifyElementText(findTestObject("Label/DataSource_VariableLabel"), x): Verify element text of test object 'Object Repository/Label/DataSource_VariableLabel' FAILED. (Root cause: com.kms.katalon.core.exception.StepFailedException: Verify element text of test object 'Object Repository/Label/DataSource_VariableLabel' FAILED.
	at com.kms.katalon.core.webui.keyword.internal.WebUIKeywordMain.stepFailed(WebUIKeywordMain.groovy:64)
	at com.kms.katalon.core.webui.keyword.internal.WebUIKeywordMain.runKeyword(WebUIKeywordMain.groovy:26)
	at com.kms.katalon.core.webui.keyword.builtin.VerifyElementTextKeyword.verifyElementText(VerifyElementTextKeyword.groovy:72)
	at com.kms.katalon.core.webui.keyword.builtin.VerifyElementTextKeyword.execute(VerifyElementTextKeyword.groovy:40)
	at com.kms.katalon.core.keyword.internal.KeywordExecutor.executeKeywordForPlatform(KeywordExecutor.groovy:60)
	at com.kms.katalon.core.webui.keyword.WebUiBuiltInKeywords.verifyElementText(WebUiBuiltInKeywords.groovy:3663)
	at com.kms.katalon.core.webui.keyword.WebUiBuiltInKeywords$verifyElementText$10.call(Unknown Source)
	at Verify2ndForm.run(Verify2ndForm:24)
	at com.kms.katalon.core.main.ScriptEngine.run(ScriptEngine.java:194)
	at com.kms.katalon.core.main.ScriptEngine.runScriptAsRawText(ScriptEngine.java:119)
	at com.kms.katalon.core.main.TestCaseExecutor.runScript(TestCaseExecutor.java:337)
	at com.kms.katalon.core.main.TestCaseExecutor.doExecute(TestCaseExecutor.java:328)
	at com.kms.katalon.core.main.TestCaseExecutor.processExecutionPhase(TestCaseExecutor.java:307)
	at com.kms.katalon.core.main.TestCaseExecutor.accessMainPhase(TestCaseExecutor.java:299)
	at com.kms.katalon.core.main.TestCaseExecutor.execute(TestCaseExecutor.java:233)
	at com.kms.katalon.core.main.TestSuiteExecutor.accessTestCaseMainPhase(TestSuiteExecutor.java:169)
	at com.kms.katalon.core.main.TestSuiteExecutor.accessTestSuiteMainPhase(TestSuiteExecutor.java:142)
	at com.kms.katalon.core.main.TestSuiteExecutor.execute(TestSuiteExecutor.java:91)
	at com.kms.katalon.core.main.TestCaseMain.startTestSuite(TestCaseMain.java:157)
	at com.kms.katalon.core.main.TestCaseMain$startTestSuite$0.call(Unknown Source)
	at TempTestSuite1572835806397.run(TempTestSuite1572835806397.groovy:36)
Caused by: com.kms.katalon.core.exception.StepFailedException: Actual text '10004927' and expected text '289072269' of test object 'Object Repository/Label/DataSource_VariableLabel' are NOT matched.
	at com.kms.katalon.core.webui.keyword.internal.WebUIKeywordMain.stepFailed(WebUIKeywordMain.groovy:64)
	at com.kms.katalon.core.webui.keyword.builtin.VerifyElementTextKeyword$_verifyElementText_closure1.doCall(VerifyElementTextKeyword.groovy:57)
	at com.kms.katalon.core.webui.keyword.builtin.VerifyElementTextKeyword$_verifyElementText_closure1.call(VerifyElementTextKeyword.groovy)
	at com.kms.katalon.core.webui.keyword.internal.WebUIKeywordMain.runKeyword(WebUIKeywordMain.groovy:20)
	... 19 more
)

2019-11-04 10:53:45 - [MESSAGE][FAILED] - Actual text '10004927' and expected text '289072269' of test object 'Object Repository/Label/DataSource_VariableLabel' are NOT matched. (Root cause: com.kms.katalon.core.exception.StepFailedException: Actual text '10004927' and expected text '289072269' of test object 'Object Repository/Label/DataSource_VariableLabel' are NOT matched.
	at com.kms.katalon.core.webui.keyword.internal.WebUIKeywordMain.stepFailed(WebUIKeywordMain.groovy:64)
	at com.kms.katalon.core.webui.keyword.builtin.VerifyElementTextKeyword$_verifyElementText_closure1.doCall(VerifyElementTextKeyword.groovy:57)
	at com.kms.katalon.core.webui.keyword.builtin.VerifyElementTextKeyword$_verifyElementText_closure1.call(VerifyElementTextKeyword.groovy)
	at com.kms.katalon.core.webui.keyword.internal.WebUIKeywordMain.runKeyword(WebUIKeywordMain.groovy:20)
	at com.kms.katalon.core.webui.keyword.builtin.VerifyElementTextKeyword.verifyElementText(VerifyElementTextKeyword.groovy:72)
	at com.kms.katalon.core.webui.keyword.builtin.VerifyElementTextKeyword.execute(VerifyElementTextKeyword.groovy:40)
	at com.kms.katalon.core.keyword.internal.KeywordExecutor.executeKeywordForPlatform(KeywordExecutor.groovy:60)
	at com.kms.katalon.core.webui.keyword.WebUiBuiltInKeywords.verifyElementText(WebUiBuiltInKeywords.groovy:3663)
	at com.kms.katalon.core.webui.keyword.WebUiBuiltInKeywords$verifyElementText$10.call(Unknown Source)
	at Verify2ndForm.run(Verify2ndForm:24)
	at com.kms.katalon.core.main.ScriptEngine.run(ScriptEngine.java:194)
	at com.kms.katalon.core.main.ScriptEngine.runScriptAsRawText(ScriptEngine.java:119)
	at com.kms.katalon.core.main.TestCaseExecutor.runScript(TestCaseExecutor.java:337)
	at com.kms.katalon.core.main.TestCaseExecutor.doExecute(TestCaseExecutor.java:328)
	at com.kms.katalon.core.main.TestCaseExecutor.processExecutionPhase(TestCaseExecutor.java:307)
	at com.kms.katalon.core.main.TestCaseExecutor.accessMainPhase(TestCaseExecutor.java:299)
	at com.kms.katalon.core.main.TestCaseExecutor.execute(TestCaseExecutor.java:233)
	at com.kms.katalon.core.main.TestSuiteExecutor.accessTestCaseMainPhase(TestSuiteExecutor.java:169)
	at com.kms.katalon.core.main.TestSuiteExecutor.accessTestSuiteMainPhase(TestSuiteExecutor.java:142)
	at com.kms.katalon.core.main.TestSuiteExecutor.execute(TestSuiteExecutor.java:91)
	at com.kms.katalon.core.main.TestCaseMain.startTestSuite(TestCaseMain.java:157)
	at com.kms.katalon.core.main.TestCaseMain$startTestSuite$0.call(Unknown Source)
	at TempTestSuite1572835806397.run(TempTestSuite1572835806397.groovy:36)
)
[[ATTACHMENT|D:\\Katalon Studio\\Test Multi-Select Listbox Control\\Reports\\20191104_105001\\MSListBoxTestCases\\20191104_105001\\1572836024810.png]]

2019-11-04 10:53:45 - [MESSAGE][FAILED] - Verify element text of test object 'Object Repository/Label/DataSource_VariableLabel' FAILED. (Root cause: com.kms.katalon.core.exception.StepFailedException: Verify element text of test object 'Object Repository/Label/DataSource_VariableLabel' FAILED.
	at com.kms.katalon.core.webui.keyword.internal.WebUIKeywordMain.stepFailed(WebUIKeywordMain.groovy:64)
	at com.kms.katalon.core.webui.keyword.internal.WebUIKeywordMain.runKeyword(WebUIKeywordMain.groovy:26)
	at com.kms.katalon.core.webui.keyword.builtin.VerifyElementTextKeyword.verifyElementText(VerifyElementTextKeyword.groovy:72)
	at com.kms.katalon.core.webui.keyword.builtin.VerifyElementTextKeyword.execute(VerifyElementTextKeyword.groovy:40)
	at com.kms.katalon.core.keyword.internal.KeywordExecutor.executeKeywordForPlatform(KeywordExecutor.groovy:60)
	at com.kms.katalon.core.webui.keyword.WebUiBuiltInKeywords.verifyElementText(WebUiBuiltInKeywords.groovy:3663)
	at com.kms.katalon.core.webui.keyword.WebUiBuiltInKeywords$verifyElementText$10.call(Unknown Source)
	at Verify2ndForm.run(Verify2ndForm:24)
	at com.kms.katalon.core.main.ScriptEngine.run(ScriptEngine.java:194)
	at com.kms.katalon.core.main.ScriptEngine.runScriptAsRawText(ScriptEngine.java:119)
	at com.kms.katalon.core.main.TestCaseExecutor.runScript(TestCaseExecutor.java:337)
	at com.kms.katalon.core.main.TestCaseExecutor.doExecute(TestCaseExecutor.java:328)
	at com.kms.katalon.core.main.TestCaseExecutor.processExecutionPhase(TestCaseExecutor.java:307)
	at com.kms.katalon.core.main.TestCaseExecutor.accessMainPhase(TestCaseExecutor.java:299)
	at com.kms.katalon.core.main.TestCaseExecutor.execute(TestCaseExecutor.java:233)
	at com.kms.katalon.core.main.TestSuiteExecutor.accessTestCaseMainPhase(TestSuiteExecutor.java:169)
	at com.kms.katalon.core.main.TestSuiteExecutor.accessTestSuiteMainPhase(TestSuiteExecutor.java:142)
	at com.kms.katalon.core.main.TestSuiteExecutor.execute(TestSuiteExecutor.java:91)
	at com.kms.katalon.core.main.TestCaseMain.startTestSuite(TestCaseMain.java:157)
	at com.kms.katalon.core.main.TestCaseMain$startTestSuite$0.call(Unknown Source)
	at TempTestSuite1572835806397.run(TempTestSuite1572835806397.groovy:36)
Caused by: com.kms.katalon.core.exception.StepFailedException: Actual text '10004927' and expected text '289072269' of test object 'Object Repository/Label/DataSource_VariableLabel' are NOT matched.
	at com.kms.katalon.core.webui.keyword.internal.WebUIKeywordMain.stepFailed(WebUIKeywordMain.groovy:64)
	at com.kms.katalon.core.webui.keyword.builtin.VerifyElementTextKeyword$_verifyElementText_closure1.doCall(VerifyElementTextKeyword.groovy:57)
	at com.kms.katalon.core.webui.keyword.builtin.VerifyElementTextKeyword$_verifyElementText_closure1.call(VerifyElementTextKeyword.groovy)
	at com.kms.katalon.core.webui.keyword.internal.WebUIKeywordMain.runKeyword(WebUIKeywordMain.groovy:20)
	... 19 more
)
[[ATTACHMENT|D:\\Katalon Studio\\Test Multi-Select Listbox Control\\Reports\\20191104_105001\\MSListBoxTestCases\\20191104_105001\\1572836025298.png]]]]></system-out>
         <system-err><![CDATA[2019-11-04 10:53:22 - [TEST_CASE][FAILED] - Test Cases/Verify2ndForm: Test Cases/Verify2ndForm FAILED.
Reason:
com.kms.katalon.core.exception.StepFailedException: Verify element text of test object 'Object Repository/Label/DataSource_VariableLabel' FAILED.
	at com.kms.katalon.core.webui.keyword.internal.WebUIKeywordMain.stepFailed(WebUIKeywordMain.groovy:64)
	at com.kms.katalon.core.webui.keyword.internal.WebUIKeywordMain.runKeyword(WebUIKeywordMain.groovy:26)
	at com.kms.katalon.core.webui.keyword.builtin.VerifyElementTextKeyword.verifyElementText(VerifyElementTextKeyword.groovy:72)
	at com.kms.katalon.core.webui.keyword.builtin.VerifyElementTextKeyword.execute(VerifyElementTextKeyword.groovy:40)
	at com.kms.katalon.core.keyword.internal.KeywordExecutor.executeKeywordForPlatform(KeywordExecutor.groovy:60)
	at com.kms.katalon.core.webui.keyword.WebUiBuiltInKeywords.verifyElementText(WebUiBuiltInKeywords.groovy:3663)
	at com.kms.katalon.core.webui.keyword.WebUiBuiltInKeywords$verifyElementText$10.call(Unknown Source)
	at Verify2ndForm.run(Verify2ndForm:24)
	at com.kms.katalon.core.main.ScriptEngine.run(ScriptEngine.java:194)
	at com.kms.katalon.core.main.ScriptEngine.runScriptAsRawText(ScriptEngine.java:119)
	at com.kms.katalon.core.main.TestCaseExecutor.runScript(TestCaseExecutor.java:337)
	at com.kms.katalon.core.main.TestCaseExecutor.doExecute(TestCaseExecutor.java:328)
	at com.kms.katalon.core.main.TestCaseExecutor.processExecutionPhase(TestCaseExecutor.java:307)
	at com.kms.katalon.core.main.TestCaseExecutor.accessMainPhase(TestCaseExecutor.java:299)
	at com.kms.katalon.core.main.TestCaseExecutor.execute(TestCaseExecutor.java:233)
	at com.kms.katalon.core.main.TestSuiteExecutor.accessTestCaseMainPhase(TestSuiteExecutor.java:169)
	at com.kms.katalon.core.main.TestSuiteExecutor.accessTestSuiteMainPhase(TestSuiteExecutor.java:142)
	at com.kms.katalon.core.main.TestSuiteExecutor.execute(TestSuiteExecutor.java:91)
	at com.kms.katalon.core.main.TestCaseMain.startTestSuite(TestCaseMain.java:157)
	at com.kms.katalon.core.main.TestCaseMain$startTestSuite$0.call(Unknown Source)
	at TempTestSuite1572835806397.run(TempTestSuite1572835806397.groovy:36)
Caused by: com.kms.katalon.core.exception.StepFailedException: Actual text '10004927' and expected text '289072269' of test object 'Object Repository/Label/DataSource_VariableLabel' are NOT matched.
	at com.kms.katalon.core.webui.keyword.internal.WebUIKeywordMain.stepFailed(WebUIKeywordMain.groovy:64)
	at com.kms.katalon.core.webui.keyword.builtin.VerifyElementTextKeyword$_verifyElementText_closure1.doCall(VerifyElementTextKeyword.groovy:57)
	at com.kms.katalon.core.webui.keyword.builtin.VerifyElementTextKeyword$_verifyElementText_closure1.call(VerifyElementTextKeyword.groovy)
	at com.kms.katalon.core.webui.keyword.internal.WebUIKeywordMain.runKeyword(WebUIKeywordMain.groovy:20)
	... 19 more]]></system-err>
      </testcase>
      <system-out><![CDATA[2019-11-04 10:50:08 - [TEST_SUITE][FAILED] - MSListBoxTestCases: Test Cases/Advanced FAILED.
Reason:
com.kms.katalon.core.exception.StepFailedException: Unable to click on object 'Object Repository/Advanced/Persist'
	at com.kms.katalon.core.webui.keyword.internal.WebUIKeywordMain.stepFailed(WebUIKeywordMain.groovy:64)
	at com.kms.katalon.core.webui.keyword.internal.WebUIKeywordMain.runKeyword(WebUIKeywordMain.groovy:26)
	at com.kms.katalon.core.webui.keyword.builtin.ClickKeyword.click(ClickKeyword.groovy:79)
	at com.kms.katalon.core.webui.keyword.builtin.ClickKeyword.execute(ClickKeyword.groovy:42)
	at com.kms.katalon.core.keyword.internal.KeywordExecutor.executeKeywordForPlatform(KeywordExecutor.groovy:60)
	at com.kms.katalon.core.webui.keyword.WebUiBuiltInKeywords.click(WebUiBuiltInKeywords.groovy:616)
	at com.kms.katalon.core.webui.keyword.WebUiBuiltInKeywords$click$4.call(Unknown Source)
	at Advanced.run(Advanced:34)
	at com.kms.katalon.core.main.ScriptEngine.run(ScriptEngine.java:194)
	at com.kms.katalon.core.main.ScriptEngine.runScriptAsRawText(ScriptEngine.java:119)
	at com.kms.katalon.core.main.TestCaseExecutor.runScript(TestCaseExecutor.java:337)
	at com.kms.katalon.core.main.TestCaseExecutor.doExecute(TestCaseExecutor.java:328)
	at com.kms.katalon.core.main.TestCaseExecutor.processExecutionPhase(TestCaseExecutor.java:307)
	at com.kms.katalon.core.main.TestCaseExecutor.accessMainPhase(TestCaseExecutor.java:299)
	at com.kms.katalon.core.main.TestCaseExecutor.execute(TestCaseExecutor.java:233)
	at com.kms.katalon.core.main.TestSuiteExecutor.accessTestCaseMainPhase(TestSuiteExecutor.java:169)
	at com.kms.katalon.core.main.TestSuiteExecutor.accessTestSuiteMainPhase(TestSuiteExecutor.java:142)
	at com.kms.katalon.core.main.TestSuiteExecutor.execute(TestSuiteExecutor.java:91)
	at com.kms.katalon.core.main.TestCaseMain.startTestSuite(TestCaseMain.java:157)
	at com.kms.katalon.core.main.TestCaseMain$startTestSuite$0.call(Unknown Source)
	at TempTestSuite1572835806397.run(TempTestSuite1572835806397.groovy:36)
Caused by: org.openqa.selenium.TimeoutException: Expected condition failed: waiting for element to be clickable: [[CChromeDriver: chrome on XP (cfa304326bb42a97cc788b427a351112)] -> xpath: (//li[contains(.,'Option 2')])[53]] (tried for 30 second(s) with 500 milliseconds interval)
Build info: version: '3.141.59', revision: 'e82be7d358', time: '2018-11-14T08:25:53'
System info: host: 'HZQA2', ip: '192.168.8.1', os.name: 'Windows 10', os.arch: 'amd64', os.version: '10.0', java.version: '1.8.0_181'
Driver info: com.kms.katalon.core.webui.driver.SmartWaitWebDriver
Capabilities {acceptInsecureCerts: false, browserName: chrome, browserVersion: 78.0.3904.87, chrome: {chromedriverVersion: 78.0.3904.70 (edb9c9f3de024..., userDataDir: C:\Users\Lynn\AppData\Local...}, goog:chromeOptions: {debuggerAddress: localhost:58311}, javascriptEnabled: true, networkConnectionEnabled: false, pageLoadStrategy: normal, platform: XP, platformName: XP, proxy: Proxy(), setWindowRect: true, strictFileInteractability: false, timeouts: {implicit: 0, pageLoad: 300000, script: 30000}, unhandledPromptBehavior: dismiss and notify}
Session ID: cfa304326bb42a97cc788b427a351112
	at org.openqa.selenium.support.ui.WebDriverWait.timeoutException(WebDriverWait.java:95)
	at org.openqa.selenium.support.ui.FluentWait.until(FluentWait.java:272)
	at com.kms.katalon.core.webui.keyword.builtin.ClickKeyword$_click_closure1.doCall(ClickKeyword.groovy:56)
	at com.kms.katalon.core.webui.keyword.builtin.ClickKeyword$_click_closure1.call(ClickKeyword.groovy)
	at com.kms.katalon.core.webui.keyword.internal.WebUIKeywordMain.runKeyword(WebUIKeywordMain.groovy:20)
	... 19 more]]></system-out>
      <system-err><![CDATA[2019-11-04 10:50:08 - [TEST_SUITE][FAILED] - MSListBoxTestCases: Test Cases/Advanced FAILED.
Reason:
com.kms.katalon.core.exception.StepFailedException: Unable to click on object 'Object Repository/Advanced/Persist'
	at com.kms.katalon.core.webui.keyword.internal.WebUIKeywordMain.stepFailed(WebUIKeywordMain.groovy:64)
	at com.kms.katalon.core.webui.keyword.internal.WebUIKeywordMain.runKeyword(WebUIKeywordMain.groovy:26)
	at com.kms.katalon.core.webui.keyword.builtin.ClickKeyword.click(ClickKeyword.groovy:79)
	at com.kms.katalon.core.webui.keyword.builtin.ClickKeyword.execute(ClickKeyword.groovy:42)
	at com.kms.katalon.core.keyword.internal.KeywordExecutor.executeKeywordForPlatform(KeywordExecutor.groovy:60)
	at com.kms.katalon.core.webui.keyword.WebUiBuiltInKeywords.click(WebUiBuiltInKeywords.groovy:616)
	at com.kms.katalon.core.webui.keyword.WebUiBuiltInKeywords$click$4.call(Unknown Source)
	at Advanced.run(Advanced:34)
	at com.kms.katalon.core.main.ScriptEngine.run(ScriptEngine.java:194)
	at com.kms.katalon.core.main.ScriptEngine.runScriptAsRawText(ScriptEngine.java:119)
	at com.kms.katalon.core.main.TestCaseExecutor.runScript(TestCaseExecutor.java:337)
	at com.kms.katalon.core.main.TestCaseExecutor.doExecute(TestCaseExecutor.java:328)
	at com.kms.katalon.core.main.TestCaseExecutor.processExecutionPhase(TestCaseExecutor.java:307)
	at com.kms.katalon.core.main.TestCaseExecutor.accessMainPhase(TestCaseExecutor.java:299)
	at com.kms.katalon.core.main.TestCaseExecutor.execute(TestCaseExecutor.java:233)
	at com.kms.katalon.core.main.TestSuiteExecutor.accessTestCaseMainPhase(TestSuiteExecutor.java:169)
	at com.kms.katalon.core.main.TestSuiteExecutor.accessTestSuiteMainPhase(TestSuiteExecutor.java:142)
	at com.kms.katalon.core.main.TestSuiteExecutor.execute(TestSuiteExecutor.java:91)
	at com.kms.katalon.core.main.TestCaseMain.startTestSuite(TestCaseMain.java:157)
	at com.kms.katalon.core.main.TestCaseMain$startTestSuite$0.call(Unknown Source)
	at TempTestSuite1572835806397.run(TempTestSuite1572835806397.groovy:36)
Caused by: org.openqa.selenium.TimeoutException: Expected condition failed: waiting for element to be clickable: [[CChromeDriver: chrome on XP (cfa304326bb42a97cc788b427a351112)] -> xpath: (//li[contains(.,'Option 2')])[53]] (tried for 30 second(s) with 500 milliseconds interval)
Build info: version: '3.141.59', revision: 'e82be7d358', time: '2018-11-14T08:25:53'
System info: host: 'HZQA2', ip: '192.168.8.1', os.name: 'Windows 10', os.arch: 'amd64', os.version: '10.0', java.version: '1.8.0_181'
Driver info: com.kms.katalon.core.webui.driver.SmartWaitWebDriver
Capabilities {acceptInsecureCerts: false, browserName: chrome, browserVersion: 78.0.3904.87, chrome: {chromedriverVersion: 78.0.3904.70 (edb9c9f3de024..., userDataDir: C:\Users\Lynn\AppData\Local...}, goog:chromeOptions: {debuggerAddress: localhost:58311}, javascriptEnabled: true, networkConnectionEnabled: false, pageLoadStrategy: normal, platform: XP, platformName: XP, proxy: Proxy(), setWindowRect: true, strictFileInteractability: false, timeouts: {implicit: 0, pageLoad: 300000, script: 30000}, unhandledPromptBehavior: dismiss and notify}
Session ID: cfa304326bb42a97cc788b427a351112
	at org.openqa.selenium.support.ui.WebDriverWait.timeoutException(WebDriverWait.java:95)
	at org.openqa.selenium.support.ui.FluentWait.until(FluentWait.java:272)
	at com.kms.katalon.core.webui.keyword.builtin.ClickKeyword$_click_closure1.doCall(ClickKeyword.groovy:56)
	at com.kms.katalon.core.webui.keyword.builtin.ClickKeyword$_click_closure1.call(ClickKeyword.groovy)
	at com.kms.katalon.core.webui.keyword.internal.WebUIKeywordMain.runKeyword(WebUIKeywordMain.groovy:20)
	... 19 more]]></system-err>
   </testsuite>
</testsuites>
